CRITICAL - 2023-05-19 01:17:49 --> Undefined variable: dataDashboard
in APPPATH\Controllers\Dashboard.php on line 19.
 1 APPPATH\Controllers\Dashboard.php(19): CodeIgniter\Debug\Exceptions->errorHandler(8, 'Undefined variable: dataDashboard', 'D:\\Project\\xampp\\htdocs\\etask\\app\\Controllers\\Dashboard.php', 19, [])
 2 SYSTEMPATH\CodeIgniter.php(934): App\Controllers\Dashboard->index()
 3 SYSTEMPATH\CodeIgniter.php(499): CodeIgniter\CodeIgniter->runController(Object(App\Controllers\Dashboard))
 4 SYSTEMPATH\CodeIgniter.php(368): CodeIgniter\CodeIgniter->handleRequest(null, Object(Config\Cache), false)
 5 FCPATH\index.php(67): CodeIgniter\CodeIgniter->run()
CRITICAL - 2023-05-19 01:19:03 --> Call to undefined method CodeIgniter\Database\MySQLi\Result::result()
in APPPATH\Models\ModelDashboard.php on line 13.
 1 APPPATH\Controllers\Dashboard.php(38): App\Models\ModelDashboard->queryDashboard()
 2 SYSTEMPATH\CodeIgniter.php(934): App\Controllers\Dashboard->dashboardAjax()
 3 SYSTEMPATH\CodeIgniter.php(499): CodeIgniter\CodeIgniter->runController(Object(App\Controllers\Dashboard))
 4 SYSTEMPATH\CodeIgniter.php(368): CodeIgniter\CodeIgniter->handleRequest(null, Object(Config\Cache), false)
 5 FCPATH\index.php(67): CodeIgniter\CodeIgniter->run()
CRITICAL - 2023-05-19 01:21:16 --> Undefined property: App\Controllers\Dashboard::$db
in APPPATH\Controllers\Dashboard.php on line 26.
 1 APPPATH\Controllers\Dashboard.php(26): CodeIgniter\Debug\Exceptions->errorHandler(8, 'Undefined property: App\\Controllers\\Dashboard::$db', 'D:\\Project\\xampp\\htdocs\\etask\\app\\Controllers\\Dashboard.php', 26, [])
 2 SYSTEMPATH\CodeIgniter.php(934): App\Controllers\Dashboard->queryDashboard()
 3 SYSTEMPATH\CodeIgniter.php(499): CodeIgniter\CodeIgniter->runController(Object(App\Controllers\Dashboard))
 4 SYSTEMPATH\CodeIgniter.php(368): CodeIgniter\CodeIgniter->handleRequest(null, Object(Config\Cache), false)
 5 FCPATH\index.php(67): CodeIgniter\CodeIgniter->run()
CRITICAL - 2023-05-19 01:30:28 --> Undefined property: App\Controllers\Dashboard::$db
in APPPATH\Controllers\Dashboard.php on line 27.
 1 APPPATH\Controllers\Dashboard.php(27): CodeIgniter\Debug\Exceptions->errorHandler(8, 'Undefined property: App\\Controllers\\Dashboard::$db', 'D:\\Project\\xampp\\htdocs\\etask\\app\\Controllers\\Dashboard.php', 27, [...])
 2 SYSTEMPATH\CodeIgniter.php(934): App\Controllers\Dashboard->queryDashboard()
 3 SYSTEMPATH\CodeIgniter.php(499): CodeIgniter\CodeIgniter->runController(Object(App\Controllers\Dashboard))
 4 SYSTEMPATH\CodeIgniter.php(368): CodeIgniter\CodeIgniter->handleRequest(null, Object(Config\Cache), false)
 5 FCPATH\index.php(67): CodeIgniter\CodeIgniter->run()
CRITICAL - 2023-05-19 01:31:03 --> syntax error, unexpected ':', expecting ')'
in APPPATH\Controllers\Dashboard.php on line 27.
 1 SYSTEMPATH\Autoloader\Autoloader.php(289): CodeIgniter\Autoloader\Autoloader->includeFile('D:\\Project\\xampp\\htdocs\\etask\\app\\Controllers\\Dashboard.php')
 2 SYSTEMPATH\Autoloader\Autoloader.php(267): CodeIgniter\Autoloader\Autoloader->loadInNamespace('App\\Controllers\\Dashboard')
 3 [internal function]: CodeIgniter\Autoloader\Autoloader->loadClass('App\\Controllers\\Dashboard')
 4 [internal function]: spl_autoload_call('App\\Controllers\\Dashboard')
 5 SYSTEMPATH\CodeIgniter.php(892): class_exists('\\App\\Controllers\\Dashboard', true)
 6 SYSTEMPATH\CodeIgniter.php(486): CodeIgniter\CodeIgniter->startController()
 7 SYSTEMPATH\CodeIgniter.php(368): CodeIgniter\CodeIgniter->handleRequest(null, Object(Config\Cache), false)
 8 FCPATH\index.php(67): CodeIgniter\CodeIgniter->run()
CRITICAL - 2023-05-19 01:32:06 --> Call to undefined method CodeIgniter\Database\MySQLi\Result::result()
in APPPATH\Controllers\Dashboard.php on line 27.
 1 SYSTEMPATH\CodeIgniter.php(934): App\Controllers\Dashboard->queryDashboard()
 2 SYSTEMPATH\CodeIgniter.php(499): CodeIgniter\CodeIgniter->runController(Object(App\Controllers\Dashboard))
 3 SYSTEMPATH\CodeIgniter.php(368): CodeIgniter\CodeIgniter->handleRequest(null, Object(Config\Cache), false)
 4 FCPATH\index.php(67): CodeIgniter\CodeIgniter->run()
CRITICAL - 2023-05-19 01:32:33 --> Call to undefined method CodeIgniter\Database\MySQLi\Result::result()
in APPPATH\Controllers\Dashboard.php on line 27.
 1 SYSTEMPATH\CodeIgniter.php(934): App\Controllers\Dashboard->queryDashboard()
 2 SYSTEMPATH\CodeIgniter.php(499): CodeIgniter\CodeIgniter->runController(Object(App\Controllers\Dashboard))
 3 SYSTEMPATH\CodeIgniter.php(368): CodeIgniter\CodeIgniter->handleRequest(null, Object(Config\Cache), false)
 4 FCPATH\index.php(67): CodeIgniter\CodeIgniter->run()
CRITICAL - 2023-05-19 02:08:14 --> Call to undefined function App\Controllers\queryDashboard()
in APPPATH\Controllers\Dashboard.php on line 19.
 1 SYSTEMPATH\CodeIgniter.php(934): App\Controllers\Dashboard->index()
 2 SYSTEMPATH\CodeIgniter.php(499): CodeIgniter\CodeIgniter->runController(Object(App\Controllers\Dashboard))
 3 SYSTEMPATH\CodeIgniter.php(368): CodeIgniter\CodeIgniter->handleRequest(null, Object(Config\Cache), false)
 4 FCPATH\index.php(67): CodeIgniter\CodeIgniter->run()
CRITICAL - 2023-05-19 02:08:46 --> Call to undefined function App\Controllers\queryDashboard()
in APPPATH\Controllers\Dashboard.php on line 19.
 1 SYSTEMPATH\CodeIgniter.php(934): App\Controllers\Dashboard->index()
 2 SYSTEMPATH\CodeIgniter.php(499): CodeIgniter\CodeIgniter->runController(Object(App\Controllers\Dashboard))
 3 SYSTEMPATH\CodeIgniter.php(368): CodeIgniter\CodeIgniter->handleRequest(null, Object(Config\Cache), false)
 4 FCPATH\index.php(67): CodeIgniter\CodeIgniter->run()
CRITICAL - 2023-05-19 02:20:02 --> Call to undefined method CodeIgniter\Database\MySQLi\Result::result()
in APPPATH\Models\ModelDashboard.php on line 13.
 1 APPPATH\Controllers\Dashboard.php(41): App\Models\ModelDashboard->queryDashboard()
 2 SYSTEMPATH\CodeIgniter.php(934): App\Controllers\Dashboard->dashboardAjax()
 3 SYSTEMPATH\CodeIgniter.php(499): CodeIgniter\CodeIgniter->runController(Object(App\Controllers\Dashboard))
 4 SYSTEMPATH\CodeIgniter.php(368): CodeIgniter\CodeIgniter->handleRequest(null, Object(Config\Cache), false)
 5 FCPATH\index.php(67): CodeIgniter\CodeIgniter->run()
CRITICAL - 2023-05-19 02:20:48 --> Call to undefined method CodeIgniter\Database\MySQLi\Result::result()
in APPPATH\Models\ModelDashboard.php on line 13.
 1 APPPATH\Controllers\Dashboard.php(41): App\Models\ModelDashboard->queryDashboard()
 2 SYSTEMPATH\CodeIgniter.php(934): App\Controllers\Dashboard->dashboardAjax()
 3 SYSTEMPATH\CodeIgniter.php(499): CodeIgniter\CodeIgniter->runController(Object(App\Controllers\Dashboard))
 4 SYSTEMPATH\CodeIgniter.php(368): CodeIgniter\CodeIgniter->handleRequest(null, Object(Config\Cache), false)
 5 FCPATH\index.php(67): CodeIgniter\CodeIgniter->run()
CRITICAL - 2023-05-19 02:26:27 --> Undefined variable: list
in APPPATH\Controllers\Dashboard.php on line 31.
 1 APPPATH\Controllers\Dashboard.php(31): CodeIgniter\Debug\Exceptions->errorHandler(8, 'Undefined variable: list', 'D:\\Project\\xampp\\htdocs\\etask\\app\\Controllers\\Dashboard.php', 31, [...])
 2 APPPATH\Controllers\Dashboard.php(19): App\Controllers\Dashboard->queryDashboard()
 3 SYSTEMPATH\CodeIgniter.php(934): App\Controllers\Dashboard->index()
 4 SYSTEMPATH\CodeIgniter.php(499): CodeIgniter\CodeIgniter->runController(Object(App\Controllers\Dashboard))
 5 SYSTEMPATH\CodeIgniter.php(368): CodeIgniter\CodeIgniter->handleRequest(null, Object(Config\Cache), false)
 6 FCPATH\index.php(67): CodeIgniter\CodeIgniter->run()
CRITICAL - 2023-05-19 02:26:50 --> Undefined index: draw
in APPPATH\Controllers\Dashboard.php on line 40.
 1 APPPATH\Controllers\Dashboard.php(40): CodeIgniter\Debug\Exceptions->errorHandler(8, 'Undefined index: draw', 'D:\\Project\\xampp\\htdocs\\etask\\app\\Controllers\\Dashboard.php', 40, [...])
 2 APPPATH\Controllers\Dashboard.php(19): App\Controllers\Dashboard->queryDashboard()
 3 SYSTEMPATH\CodeIgniter.php(934): App\Controllers\Dashboard->index()
 4 SYSTEMPATH\CodeIgniter.php(499): CodeIgniter\CodeIgniter->runController(Object(App\Controllers\Dashboard))
 5 SYSTEMPATH\CodeIgniter.php(368): CodeIgniter\CodeIgniter->handleRequest(null, Object(Config\Cache), false)
 6 FCPATH\index.php(67): CodeIgniter\CodeIgniter->run()
CRITICAL - 2023-05-19 02:27:28 --> Undefined variable: param
in APPPATH\Controllers\Dashboard.php on line 40.
 1 APPPATH\Controllers\Dashboard.php(40): CodeIgniter\Debug\Exceptions->errorHandler(8, 'Undefined variable: param', 'D:\\Project\\xampp\\htdocs\\etask\\app\\Controllers\\Dashboard.php', 40, [...])
 2 APPPATH\Controllers\Dashboard.php(19): App\Controllers\Dashboard->queryDashboard()
 3 SYSTEMPATH\CodeIgniter.php(934): App\Controllers\Dashboard->index()
 4 SYSTEMPATH\CodeIgniter.php(499): CodeIgniter\CodeIgniter->runController(Object(App\Controllers\Dashboard))
 5 SYSTEMPATH\CodeIgniter.php(368): CodeIgniter\CodeIgniter->handleRequest(null, Object(Config\Cache), false)
 6 FCPATH\index.php(67): CodeIgniter\CodeIgniter->run()
CRITICAL - 2023-05-19 03:13:09 --> Cannot use App\Models\ModelDashboard as ModelDashboard because the name is already in use
in APPPATH\Controllers\Dashboard.php on line 6.
 1 [internal function]: CodeIgniter\Debug\Exceptions->shutdownHandler()
CRITICAL - 2023-05-19 07:20:17 --> Undefined variable: sql
in APPPATH\Controllers\Dashboard.php on line 38.
 1 APPPATH\Controllers\Dashboard.php(38): CodeIgniter\Debug\Exceptions->errorHandler(8, 'Undefined variable: sql', 'D:\\Project\\xampp\\htdocs\\etask\\app\\Controllers\\Dashboard.php', 38, [...])
 2 SYSTEMPATH\CodeIgniter.php(934): App\Controllers\Dashboard->table_dashboard()
 3 SYSTEMPATH\CodeIgniter.php(499): CodeIgniter\CodeIgniter->runController(Object(App\Controllers\Dashboard))
 4 SYSTEMPATH\CodeIgniter.php(368): CodeIgniter\CodeIgniter->handleRequest(null, Object(Config\Cache), false)
 5 FCPATH\index.php(67): CodeIgniter\CodeIgniter->run()
CRITICAL - 2023-05-19 07:40:38 --> Cannot call constructor
in APPPATH\Controllers\Dashboard.php on line 14.
 1 SYSTEMPATH\CodeIgniter.php(906): App\Controllers\Dashboard->__construct()
 2 SYSTEMPATH\CodeIgniter.php(490): CodeIgniter\CodeIgniter->createController()
 3 SYSTEMPATH\CodeIgniter.php(368): CodeIgniter\CodeIgniter->handleRequest(null, Object(Config\Cache), false)
 4 FCPATH\index.php(67): CodeIgniter\CodeIgniter->run()
CRITICAL - 2023-05-19 07:41:02 --> Undefined property: App\Controllers\Dashboard::$output
in APPPATH\Controllers\Dashboard.php on line 37.
 1 APPPATH\Controllers\Dashboard.php(37): CodeIgniter\Debug\Exceptions->errorHandler(8, 'Undefined property: App\\Controllers\\Dashboard::$output', 'D:\\Project\\xampp\\htdocs\\etask\\app\\Controllers\\Dashboard.php', 37, [...])
 2 SYSTEMPATH\CodeIgniter.php(934): App\Controllers\Dashboard->table_dashboard()
 3 SYSTEMPATH\CodeIgniter.php(499): CodeIgniter\CodeIgniter->runController(Object(App\Controllers\Dashboard))
 4 SYSTEMPATH\CodeIgniter.php(368): CodeIgniter\CodeIgniter->handleRequest(null, Object(Config\Cache), false)
 5 FCPATH\index.php(67): CodeIgniter\CodeIgniter->run()
CRITICAL - 2023-05-19 07:59:02 --> Call to undefined method CodeIgniter\Database\MySQLi\Result::limit()
in APPPATH\Models\ModelDashboard.php on line 26.
 1 APPPATH\Controllers\Dashboard.php(25): App\Models\ModelDashboard->queryDashboard('', '0', '10')
 2 SYSTEMPATH\CodeIgniter.php(934): App\Controllers\Dashboard->table_dashboard()
 3 SYSTEMPATH\CodeIgniter.php(499): CodeIgniter\CodeIgniter->runController(Object(App\Controllers\Dashboard))
 4 SYSTEMPATH\CodeIgniter.php(368): CodeIgniter\CodeIgniter->handleRequest(null, Object(Config\Cache), false)
 5 FCPATH\index.php(67): CodeIgniter\CodeIgniter->run()
CRITICAL - 2023-05-19 07:59:31 --> Call to undefined method CodeIgniter\Database\MySQLi\Result::limit()
in APPPATH\Models\ModelDashboard.php on line 26.
 1 APPPATH\Controllers\Dashboard.php(25): App\Models\ModelDashboard->queryDashboard('', '0', '10')
 2 SYSTEMPATH\CodeIgniter.php(934): App\Controllers\Dashboard->table_dashboard()
 3 SYSTEMPATH\CodeIgniter.php(499): CodeIgniter\CodeIgniter->runController(Object(App\Controllers\Dashboard))
 4 SYSTEMPATH\CodeIgniter.php(368): CodeIgniter\CodeIgniter->handleRequest(null, Object(Config\Cache), false)
 5 FCPATH\index.php(67): CodeIgniter\CodeIgniter->run()
CRITICAL - 2023-05-19 08:00:13 --> Call to undefined method CodeIgniter\Database\MySQLi\Result::limit()
in APPPATH\Models\ModelDashboard.php on line 26.
 1 APPPATH\Controllers\Dashboard.php(25): App\Models\ModelDashboard->queryDashboard('', '0', '10')
 2 SYSTEMPATH\CodeIgniter.php(934): App\Controllers\Dashboard->table_dashboard()
 3 SYSTEMPATH\CodeIgniter.php(499): CodeIgniter\CodeIgniter->runController(Object(App\Controllers\Dashboard))
 4 SYSTEMPATH\CodeIgniter.php(368): CodeIgniter\CodeIgniter->handleRequest(null, Object(Config\Cache), false)
 5 FCPATH\index.php(67): CodeIgniter\CodeIgniter->run()
CRITICAL - 2023-05-19 08:08:43 --> Call to undefined method CodeIgniter\Database\MySQLi\Result::limit()
in APPPATH\Models\ModelDashboard.php on line 25.
 1 APPPATH\Controllers\Dashboard.php(25): App\Models\ModelDashboard->queryDashboard('', '0', '10')
 2 SYSTEMPATH\CodeIgniter.php(934): App\Controllers\Dashboard->table_dashboard()
 3 SYSTEMPATH\CodeIgniter.php(499): CodeIgniter\CodeIgniter->runController(Object(App\Controllers\Dashboard))
 4 SYSTEMPATH\CodeIgniter.php(368): CodeIgniter\CodeIgniter->handleRequest(null, Object(Config\Cache), false)
 5 FCPATH\index.php(67): CodeIgniter\CodeIgniter->run()
CRITICAL - 2023-05-19 08:10:23 --> Call to undefined method CodeIgniter\Database\MySQLi\Result::limit()
in APPPATH\Models\ModelDashboard.php on line 25.
 1 APPPATH\Controllers\Dashboard.php(25): App\Models\ModelDashboard->queryDashboard('', '0', '10')
 2 SYSTEMPATH\CodeIgniter.php(934): App\Controllers\Dashboard->table_dashboard()
 3 SYSTEMPATH\CodeIgniter.php(499): CodeIgniter\CodeIgniter->runController(Object(App\Controllers\Dashboard))
 4 SYSTEMPATH\CodeIgniter.php(368): CodeIgniter\CodeIgniter->handleRequest(null, Object(Config\Cache), false)
 5 FCPATH\index.php(67): CodeIgniter\CodeIgniter->run()
CRITICAL - 2023-05-19 08:18:53 --> Call to undefined method CodeIgniter\Database\MySQLi\Result::limit()
in APPPATH\Models\ModelDashboard.php on line 25.
 1 APPPATH\Controllers\Dashboard.php(25): App\Models\ModelDashboard->queryDashboard('', '0', '10')
 2 SYSTEMPATH\CodeIgniter.php(934): App\Controllers\Dashboard->table_dashboard()
 3 SYSTEMPATH\CodeIgniter.php(499): CodeIgniter\CodeIgniter->runController(Object(App\Controllers\Dashboard))
 4 SYSTEMPATH\CodeIgniter.php(368): CodeIgniter\CodeIgniter->handleRequest(null, Object(Config\Cache), false)
 5 FCPATH\index.php(67): CodeIgniter\CodeIgniter->run()
CRITICAL - 2023-05-19 08:19:19 --> Call to undefined method CodeIgniter\Database\MySQLi\Result::limit()
in APPPATH\Models\ModelDashboard.php on line 25.
 1 APPPATH\Controllers\Dashboard.php(25): App\Models\ModelDashboard->queryDashboard('', '0', '10')
 2 SYSTEMPATH\CodeIgniter.php(934): App\Controllers\Dashboard->table_dashboard()
 3 SYSTEMPATH\CodeIgniter.php(499): CodeIgniter\CodeIgniter->runController(Object(App\Controllers\Dashboard))
 4 SYSTEMPATH\CodeIgniter.php(368): CodeIgniter\CodeIgniter->handleRequest(null, Object(Config\Cache), false)
 5 FCPATH\index.php(67): CodeIgniter\CodeIgniter->run()
CRITICAL - 2023-05-19 08:19:52 --> Undefined variable: kataKunci
in APPPATH\Models\ModelDashboard.php on line 16.
 1 APPPATH\Models\ModelDashboard.php(16): CodeIgniter\Debug\Exceptions->errorHandler(8, 'Undefined variable: kataKunci', 'D:\\Project\\xampp\\htdocs\\etask\\app\\Models\\ModelDashboard.php', 16, [...])
 2 APPPATH\Controllers\Dashboard.php(25): App\Models\ModelDashboard->queryDashboard()
 3 SYSTEMPATH\CodeIgniter.php(934): App\Controllers\Dashboard->table_dashboard()
 4 SYSTEMPATH\CodeIgniter.php(499): CodeIgniter\CodeIgniter->runController(Object(App\Controllers\Dashboard))
 5 SYSTEMPATH\CodeIgniter.php(368): CodeIgniter\CodeIgniter->handleRequest(null, Object(Config\Cache), false)
 6 FCPATH\index.php(67): CodeIgniter\CodeIgniter->run()
CRITICAL - 2023-05-19 08:20:07 --> Undefined variable: kataKunci
in APPPATH\Models\ModelDashboard.php on line 16.
 1 APPPATH\Models\ModelDashboard.php(16): CodeIgniter\Debug\Exceptions->errorHandler(8, 'Undefined variable: kataKunci', 'D:\\Project\\xampp\\htdocs\\etask\\app\\Models\\ModelDashboard.php', 16, [...])
 2 APPPATH\Controllers\Dashboard.php(25): App\Models\ModelDashboard->queryDashboard()
 3 SYSTEMPATH\CodeIgniter.php(934): App\Controllers\Dashboard->table_dashboard()
 4 SYSTEMPATH\CodeIgniter.php(499): CodeIgniter\CodeIgniter->runController(Object(App\Controllers\Dashboard))
 5 SYSTEMPATH\CodeIgniter.php(368): CodeIgniter\CodeIgniter->handleRequest(null, Object(Config\Cache), false)
 6 FCPATH\index.php(67): CodeIgniter\CodeIgniter->run()
CRITICAL - 2023-05-19 08:22:48 --> Undefined variable: kataKunci
in APPPATH\Models\ModelDashboard.php on line 16.
 1 APPPATH\Models\ModelDashboard.php(16): CodeIgniter\Debug\Exceptions->errorHandler(8, 'Undefined variable: kataKunci', 'D:\\Project\\xampp\\htdocs\\etask\\app\\Models\\ModelDashboard.php', 16, [...])
 2 APPPATH\Controllers\Dashboard.php(25): App\Models\ModelDashboard->queryDashboard()
 3 SYSTEMPATH\CodeIgniter.php(934): App\Controllers\Dashboard->table_dashboard()
 4 SYSTEMPATH\CodeIgniter.php(499): CodeIgniter\CodeIgniter->runController(Object(App\Controllers\Dashboard))
 5 SYSTEMPATH\CodeIgniter.php(368): CodeIgniter\CodeIgniter->handleRequest(null, Object(Config\Cache), false)
 6 FCPATH\index.php(67): CodeIgniter\CodeIgniter->run()
CRITICAL - 2023-05-19 08:23:36 --> Undefined variable: kataKunci
in APPPATH\Models\ModelDashboard.php on line 16.
 1 APPPATH\Models\ModelDashboard.php(16): CodeIgniter\Debug\Exceptions->errorHandler(8, 'Undefined variable: kataKunci', 'D:\\Project\\xampp\\htdocs\\etask\\app\\Models\\ModelDashboard.php', 16, [...])
 2 APPPATH\Controllers\Dashboard.php(25): App\Models\ModelDashboard->queryDashboard()
 3 SYSTEMPATH\CodeIgniter.php(934): App\Controllers\Dashboard->table_dashboard()
 4 SYSTEMPATH\CodeIgniter.php(499): CodeIgniter\CodeIgniter->runController(Object(App\Controllers\Dashboard))
 5 SYSTEMPATH\CodeIgniter.php(368): CodeIgniter\CodeIgniter->handleRequest(null, Object(Config\Cache), false)
 6 FCPATH\index.php(67): CodeIgniter\CodeIgniter->run()
CRITICAL - 2023-05-19 08:29:36 --> Call to a member function limit() on array
in APPPATH\Models\ModelDashboard.php on line 25.
 1 APPPATH\Controllers\Dashboard.php(25): App\Models\ModelDashboard->queryDashboard('', '0', '10')
 2 SYSTEMPATH\CodeIgniter.php(934): App\Controllers\Dashboard->table_dashboard()
 3 SYSTEMPATH\CodeIgniter.php(499): CodeIgniter\CodeIgniter->runController(Object(App\Controllers\Dashboard))
 4 SYSTEMPATH\CodeIgniter.php(368): CodeIgniter\CodeIgniter->handleRequest(null, Object(Config\Cache), false)
 5 FCPATH\index.php(67): CodeIgniter\CodeIgniter->run()
CRITICAL - 2023-05-19 08:29:59 --> Call to undefined method CodeIgniter\Database\MySQLi\Result::limit()
in APPPATH\Models\ModelDashboard.php on line 25.
 1 APPPATH\Controllers\Dashboard.php(25): App\Models\ModelDashboard->queryDashboard('', '0', '10')
 2 SYSTEMPATH\CodeIgniter.php(934): App\Controllers\Dashboard->table_dashboard()
 3 SYSTEMPATH\CodeIgniter.php(499): CodeIgniter\CodeIgniter->runController(Object(App\Controllers\Dashboard))
 4 SYSTEMPATH\CodeIgniter.php(368): CodeIgniter\CodeIgniter->handleRequest(null, Object(Config\Cache), false)
 5 FCPATH\index.php(67): CodeIgniter\CodeIgniter->run()
ERROR - 2023-05-19 08:30:22 --> mysqli_sql_exception: You have an error in your SQL syntax; check the manual that corresponds to your MySQL server version for the right syntax to use near '(10, 0)' at line 1 in D:\Project\xampp\htdocs\etask\system\Database\MySQLi\Connection.php:295
Stack trace:
#0 D:\Project\xampp\htdocs\etask\system\Database\MySQLi\Connection.php(295): mysqli->query('SELECT idprob, ...', 0)
#1 D:\Project\xampp\htdocs\etask\system\Database\BaseConnection.php(692): CodeIgniter\Database\MySQLi\Connection->execute('SELECT idprob, ...')
#2 D:\Project\xampp\htdocs\etask\system\Database\BaseConnection.php(606): CodeIgniter\Database\BaseConnection->simpleQuery('SELECT idprob, ...')
#3 D:\Project\xampp\htdocs\etask\app\Models\ModelDashboard.php(25): CodeIgniter\Database\BaseConnection->query('SELECT idprob, ...')
#4 D:\Project\xampp\htdocs\etask\app\Controllers\Dashboard.php(25): App\Models\ModelDashboard->queryDashboard('', '0', '10')
#5 D:\Project\xampp\htdocs\etask\system\CodeIgniter.php(934): App\Controllers\Dashboard->table_dashboard()
#6 D:\Project\xampp\htdocs\etask\system\CodeIgniter.php(499): CodeIgniter\CodeIgniter->runController(Object(App\Controllers\Dashboard))
#7 D:\Project\xampp\htdocs\etask\system\CodeIgniter.php(368): CodeIgniter\CodeIgniter->handleRequest(NULL, Object(Config\Cache), false)
#8 D:\Project\xampp\htdocs\etask\public\index.php(67): CodeIgniter\CodeIgniter->run()
#9 {main}
CRITICAL - 2023-05-19 08:30:22 --> You have an error in your SQL syntax; check the manual that corresponds to your MySQL server version for the right syntax to use near '(10, 0)' at line 1
in SYSTEMPATH\Database\MySQLi\Connection.php on line 295.
 1 SYSTEMPATH\Database\MySQLi\Connection.php(295): mysqli->query('SELECT idprob, namapelapor, deskripsi FROM tproblems limit(10, 0)', 0)
 2 SYSTEMPATH\Database\BaseConnection.php(692): CodeIgniter\Database\MySQLi\Connection->execute('SELECT idprob, namapelapor, deskripsi FROM tproblems limit(10, 0)')
 3 SYSTEMPATH\Database\BaseConnection.php(606): CodeIgniter\Database\BaseConnection->simpleQuery('SELECT idprob, namapelapor, deskripsi FROM tproblems limit(10, 0)')
 4 APPPATH\Models\ModelDashboard.php(25): CodeIgniter\Database\BaseConnection->query('SELECT idprob, namapelapor, deskripsi FROM tproblems limit(10, 0)')
 5 APPPATH\Controllers\Dashboard.php(25): App\Models\ModelDashboard->queryDashboard('', '0', '10')
 6 SYSTEMPATH\CodeIgniter.php(934): App\Controllers\Dashboard->table_dashboard()
 7 SYSTEMPATH\CodeIgniter.php(499): CodeIgniter\CodeIgniter->runController(Object(App\Controllers\Dashboard))
 8 SYSTEMPATH\CodeIgniter.php(368): CodeIgniter\CodeIgniter->handleRequest(null, Object(Config\Cache), false)
 9 FCPATH\index.php(67): CodeIgniter\CodeIgniter->run()
CRITICAL - 2023-05-19 08:34:46 --> Call to undefined method CodeIgniter\Database\MySQLi\Connection::limit()
in APPPATH\Models\ModelDashboard.php on line 25.
 1 APPPATH\Controllers\Dashboard.php(25): App\Models\ModelDashboard->queryDashboard('', '0', '10')
 2 SYSTEMPATH\CodeIgniter.php(934): App\Controllers\Dashboard->table_dashboard()
 3 SYSTEMPATH\CodeIgniter.php(499): CodeIgniter\CodeIgniter->runController(Object(App\Controllers\Dashboard))
 4 SYSTEMPATH\CodeIgniter.php(368): CodeIgniter\CodeIgniter->handleRequest(null, Object(Config\Cache), false)
 5 FCPATH\index.php(67): CodeIgniter\CodeIgniter->run()
CRITICAL - 2023-05-19 08:36:56 --> Call to a member function limit() on null
in APPPATH\Models\ModelDashboard.php on line 26.
 1 APPPATH\Controllers\Dashboard.php(25): App\Models\ModelDashboard->queryDashboard('', '0', '10')
 2 SYSTEMPATH\CodeIgniter.php(934): App\Controllers\Dashboard->table_dashboard()
 3 SYSTEMPATH\CodeIgniter.php(499): CodeIgniter\CodeIgniter->runController(Object(App\Controllers\Dashboard))
 4 SYSTEMPATH\CodeIgniter.php(368): CodeIgniter\CodeIgniter->handleRequest(null, Object(Config\Cache), false)
 5 FCPATH\index.php(67): CodeIgniter\CodeIgniter->run()
ERROR - 2023-05-19 08:39:05 --> mysqli_sql_exception: You have an error in your SQL syntax; check the manual that corresponds to your MySQL server version for the right syntax to use near '(0,1)' at line 1 in D:\Project\xampp\htdocs\etask\system\Database\MySQLi\Connection.php:295
Stack trace:
#0 D:\Project\xampp\htdocs\etask\system\Database\MySQLi\Connection.php(295): mysqli->query('SELECT idprob, ...', 0)
#1 D:\Project\xampp\htdocs\etask\system\Database\BaseConnection.php(692): CodeIgniter\Database\MySQLi\Connection->execute('SELECT idprob, ...')
#2 D:\Project\xampp\htdocs\etask\system\Database\BaseConnection.php(606): CodeIgniter\Database\BaseConnection->simpleQuery('SELECT idprob, ...')
#3 D:\Project\xampp\htdocs\etask\app\Models\ModelDashboard.php(27): CodeIgniter\Database\BaseConnection->query('SELECT idprob, ...')
#4 D:\Project\xampp\htdocs\etask\app\Controllers\Dashboard.php(25): App\Models\ModelDashboard->queryDashboard('', '0', '10')
#5 D:\Project\xampp\htdocs\etask\system\CodeIgniter.php(934): App\Controllers\Dashboard->table_dashboard()
#6 D:\Project\xampp\htdocs\etask\system\CodeIgniter.php(499): CodeIgniter\CodeIgniter->runController(Object(App\Controllers\Dashboard))
#7 D:\Project\xampp\htdocs\etask\system\CodeIgniter.php(368): CodeIgniter\CodeIgniter->handleRequest(NULL, Object(Config\Cache), false)
#8 D:\Project\xampp\htdocs\etask\public\index.php(67): CodeIgniter\CodeIgniter->run()
#9 {main}
CRITICAL - 2023-05-19 08:39:05 --> You have an error in your SQL syntax; check the manual that corresponds to your MySQL server version for the right syntax to use near '(0,1)' at line 1
in SYSTEMPATH\Database\MySQLi\Connection.php on line 295.
 1 SYSTEMPATH\Database\MySQLi\Connection.php(295): mysqli->query('SELECT idprob, namapelapor, deskripsi FROM tproblems LIMIT (0,1)', 0)
 2 SYSTEMPATH\Database\BaseConnection.php(692): CodeIgniter\Database\MySQLi\Connection->execute('SELECT idprob, namapelapor, deskripsi FROM tproblems LIMIT (0,1)')
 3 SYSTEMPATH\Database\BaseConnection.php(606): CodeIgniter\Database\BaseConnection->simpleQuery('SELECT idprob, namapelapor, deskripsi FROM tproblems LIMIT (0,1)')
 4 APPPATH\Models\ModelDashboard.php(27): CodeIgniter\Database\BaseConnection->query('SELECT idprob, namapelapor, deskripsi FROM tproblems LIMIT (0,1)')
 5 APPPATH\Controllers\Dashboard.php(25): App\Models\ModelDashboard->queryDashboard('', '0', '10')
 6 SYSTEMPATH\CodeIgniter.php(934): App\Controllers\Dashboard->table_dashboard()
 7 SYSTEMPATH\CodeIgniter.php(499): CodeIgniter\CodeIgniter->runController(Object(App\Controllers\Dashboard))
 8 SYSTEMPATH\CodeIgniter.php(368): CodeIgniter\CodeIgniter->handleRequest(null, Object(Config\Cache), false)
 9 FCPATH\index.php(67): CodeIgniter\CodeIgniter->run()
CRITICAL - 2023-05-19 08:39:28 --> Call to a member function limit() on string
in APPPATH\Models\ModelDashboard.php on line 26.
 1 APPPATH\Controllers\Dashboard.php(25): App\Models\ModelDashboard->queryDashboard('', '0', '10')
 2 SYSTEMPATH\CodeIgniter.php(934): App\Controllers\Dashboard->table_dashboard()
 3 SYSTEMPATH\CodeIgniter.php(499): CodeIgniter\CodeIgniter->runController(Object(App\Controllers\Dashboard))
 4 SYSTEMPATH\CodeIgniter.php(368): CodeIgniter\CodeIgniter->handleRequest(null, Object(Config\Cache), false)
 5 FCPATH\index.php(67): CodeIgniter\CodeIgniter->run()
ERROR - 2023-05-19 08:41:14 --> mysqli_sql_exception: You have an error in your SQL syntax; check the manual that corresponds to your MySQL server version for the right syntax to use near '?,?' at line 1 in D:\Project\xampp\htdocs\etask\system\Database\MySQLi\Connection.php:295
Stack trace:
#0 D:\Project\xampp\htdocs\etask\system\Database\MySQLi\Connection.php(295): mysqli->query('SELECT idprob, ...', 0)
#1 D:\Project\xampp\htdocs\etask\system\Database\BaseConnection.php(692): CodeIgniter\Database\MySQLi\Connection->execute('SELECT idprob, ...')
#2 D:\Project\xampp\htdocs\etask\system\Database\BaseConnection.php(606): CodeIgniter\Database\BaseConnection->simpleQuery('SELECT idprob, ...')
#3 D:\Project\xampp\htdocs\etask\app\Models\ModelDashboard.php(15): CodeIgniter\Database\BaseConnection->query('SELECT idprob, ...')
#4 D:\Project\xampp\htdocs\etask\app\Controllers\Dashboard.php(25): App\Models\ModelDashboard->queryDashboard('', '0', '10')
#5 D:\Project\xampp\htdocs\etask\system\CodeIgniter.php(934): App\Controllers\Dashboard->table_dashboard()
#6 D:\Project\xampp\htdocs\etask\system\CodeIgniter.php(499): CodeIgniter\CodeIgniter->runController(Object(App\Controllers\Dashboard))
#7 D:\Project\xampp\htdocs\etask\system\CodeIgniter.php(368): CodeIgniter\CodeIgniter->handleRequest(NULL, Object(Config\Cache), false)
#8 D:\Project\xampp\htdocs\etask\public\index.php(67): CodeIgniter\CodeIgniter->run()
#9 {main}
CRITICAL - 2023-05-19 08:41:14 --> You have an error in your SQL syntax; check the manual that corresponds to your MySQL server version for the right syntax to use near '?,?' at line 1
in SYSTEMPATH\Database\MySQLi\Connection.php on line 295.
 1 SYSTEMPATH\Database\MySQLi\Connection.php(295): mysqli->query('SELECT idprob, namapelapor, deskripsi FROM tproblems LIMIT ?,?', 0)
 2 SYSTEMPATH\Database\BaseConnection.php(692): CodeIgniter\Database\MySQLi\Connection->execute('SELECT idprob, namapelapor, deskripsi FROM tproblems LIMIT ?,?')
 3 SYSTEMPATH\Database\BaseConnection.php(606): CodeIgniter\Database\BaseConnection->simpleQuery('SELECT idprob, namapelapor, deskripsi FROM tproblems LIMIT ?,?')
 4 APPPATH\Models\ModelDashboard.php(15): CodeIgniter\Database\BaseConnection->query('SELECT idprob, namapelapor, deskripsi FROM tproblems LIMIT ?,?')
 5 APPPATH\Controllers\Dashboard.php(25): App\Models\ModelDashboard->queryDashboard('', '0', '10')
 6 SYSTEMPATH\CodeIgniter.php(934): App\Controllers\Dashboard->table_dashboard()
 7 SYSTEMPATH\CodeIgniter.php(499): CodeIgniter\CodeIgniter->runController(Object(App\Controllers\Dashboard))
 8 SYSTEMPATH\CodeIgniter.php(368): CodeIgniter\CodeIgniter->handleRequest(null, Object(Config\Cache), false)
 9 FCPATH\index.php(67): CodeIgniter\CodeIgniter->run()
ERROR - 2023-05-19 08:41:31 --> mysqli_sql_exception: You have an error in your SQL syntax; check the manual that corresponds to your MySQL server version for the right syntax to use near '?' at line 1 in D:\Project\xampp\htdocs\etask\system\Database\MySQLi\Connection.php:295
Stack trace:
#0 D:\Project\xampp\htdocs\etask\system\Database\MySQLi\Connection.php(295): mysqli->query('SELECT idprob, ...', 0)
#1 D:\Project\xampp\htdocs\etask\system\Database\BaseConnection.php(692): CodeIgniter\Database\MySQLi\Connection->execute('SELECT idprob, ...')
#2 D:\Project\xampp\htdocs\etask\system\Database\BaseConnection.php(606): CodeIgniter\Database\BaseConnection->simpleQuery('SELECT idprob, ...')
#3 D:\Project\xampp\htdocs\etask\app\Models\ModelDashboard.php(15): CodeIgniter\Database\BaseConnection->query('SELECT idprob, ...')
#4 D:\Project\xampp\htdocs\etask\app\Controllers\Dashboard.php(25): App\Models\ModelDashboard->queryDashboard('', '0', '10')
#5 D:\Project\xampp\htdocs\etask\system\CodeIgniter.php(934): App\Controllers\Dashboard->table_dashboard()
#6 D:\Project\xampp\htdocs\etask\system\CodeIgniter.php(499): CodeIgniter\CodeIgniter->runController(Object(App\Controllers\Dashboard))
#7 D:\Project\xampp\htdocs\etask\system\CodeIgniter.php(368): CodeIgniter\CodeIgniter->handleRequest(NULL, Object(Config\Cache), false)
#8 D:\Project\xampp\htdocs\etask\public\index.php(67): CodeIgniter\CodeIgniter->run()
#9 {main}
CRITICAL - 2023-05-19 08:41:31 --> You have an error in your SQL syntax; check the manual that corresponds to your MySQL server version for the right syntax to use near '?' at line 1
in SYSTEMPATH\Database\MySQLi\Connection.php on line 295.
 1 SYSTEMPATH\Database\MySQLi\Connection.php(295): mysqli->query('SELECT idprob, namapelapor, deskripsi FROM tproblems LIMIT ?', 0)
 2 SYSTEMPATH\Database\BaseConnection.php(692): CodeIgniter\Database\MySQLi\Connection->execute('SELECT idprob, namapelapor, deskripsi FROM tproblems LIMIT ?')
 3 SYSTEMPATH\Database\BaseConnection.php(606): CodeIgniter\Database\BaseConnection->simpleQuery('SELECT idprob, namapelapor, deskripsi FROM tproblems LIMIT ?')
 4 APPPATH\Models\ModelDashboard.php(15): CodeIgniter\Database\BaseConnection->query('SELECT idprob, namapelapor, deskripsi FROM tproblems LIMIT ?')
 5 APPPATH\Controllers\Dashboard.php(25): App\Models\ModelDashboard->queryDashboard('', '0', '10')
 6 SYSTEMPATH\CodeIgniter.php(934): App\Controllers\Dashboard->table_dashboard()
 7 SYSTEMPATH\CodeIgniter.php(499): CodeIgniter\CodeIgniter->runController(Object(App\Controllers\Dashboard))
 8 SYSTEMPATH\CodeIgniter.php(368): CodeIgniter\CodeIgniter->handleRequest(null, Object(Config\Cache), false)
 9 FCPATH\index.php(67): CodeIgniter\CodeIgniter->run()
ERROR - 2023-05-19 08:42:46 --> mysqli_sql_exception: You have an error in your SQL syntax; check the manual that corresponds to your MySQL server version for the right syntax to use near '(?,?)' at line 1 in D:\Project\xampp\htdocs\etask\system\Database\MySQLi\Connection.php:295
Stack trace:
#0 D:\Project\xampp\htdocs\etask\system\Database\MySQLi\Connection.php(295): mysqli->query('SELECT idprob, ...', 0)
#1 D:\Project\xampp\htdocs\etask\system\Database\BaseConnection.php(692): CodeIgniter\Database\MySQLi\Connection->execute('SELECT idprob, ...')
#2 D:\Project\xampp\htdocs\etask\system\Database\BaseConnection.php(606): CodeIgniter\Database\BaseConnection->simpleQuery('SELECT idprob, ...')
#3 D:\Project\xampp\htdocs\etask\app\Models\ModelDashboard.php(15): CodeIgniter\Database\BaseConnection->query('SELECT idprob, ...')
#4 D:\Project\xampp\htdocs\etask\app\Controllers\Dashboard.php(25): App\Models\ModelDashboard->queryDashboard('', '0', '10')
#5 D:\Project\xampp\htdocs\etask\system\CodeIgniter.php(934): App\Controllers\Dashboard->table_dashboard()
#6 D:\Project\xampp\htdocs\etask\system\CodeIgniter.php(499): CodeIgniter\CodeIgniter->runController(Object(App\Controllers\Dashboard))
#7 D:\Project\xampp\htdocs\etask\system\CodeIgniter.php(368): CodeIgniter\CodeIgniter->handleRequest(NULL, Object(Config\Cache), false)
#8 D:\Project\xampp\htdocs\etask\public\index.php(67): CodeIgniter\CodeIgniter->run()
#9 {main}
CRITICAL - 2023-05-19 08:42:46 --> You have an error in your SQL syntax; check the manual that corresponds to your MySQL server version for the right syntax to use near '(?,?)' at line 1
in SYSTEMPATH\Database\MySQLi\Connection.php on line 295.
 1 SYSTEMPATH\Database\MySQLi\Connection.php(295): mysqli->query('SELECT idprob, namapelapor, deskripsi FROM tproblems LIMIT (?,?) ', 0)
 2 SYSTEMPATH\Database\BaseConnection.php(692): CodeIgniter\Database\MySQLi\Connection->execute('SELECT idprob, namapelapor, deskripsi FROM tproblems LIMIT (?,?) ')
 3 SYSTEMPATH\Database\BaseConnection.php(606): CodeIgniter\Database\BaseConnection->simpleQuery('SELECT idprob, namapelapor, deskripsi FROM tproblems LIMIT (?,?) ')
 4 APPPATH\Models\ModelDashboard.php(15): CodeIgniter\Database\BaseConnection->query('SELECT idprob, namapelapor, deskripsi FROM tproblems LIMIT (?,?) ')
 5 APPPATH\Controllers\Dashboard.php(25): App\Models\ModelDashboard->queryDashboard('', '0', '10')
 6 SYSTEMPATH\CodeIgniter.php(934): App\Controllers\Dashboard->table_dashboard()
 7 SYSTEMPATH\CodeIgniter.php(499): CodeIgniter\CodeIgniter->runController(Object(App\Controllers\Dashboard))
 8 SYSTEMPATH\CodeIgniter.php(368): CodeIgniter\CodeIgniter->handleRequest(null, Object(Config\Cache), false)
 9 FCPATH\index.php(67): CodeIgniter\CodeIgniter->run()
ERROR - 2023-05-19 08:44:00 --> mysqli_sql_exception: You have an error in your SQL syntax; check the manual that corresponds to your MySQL server version for the right syntax to use near '(?,?)' at line 1 in D:\Project\xampp\htdocs\etask\system\Database\MySQLi\Connection.php:295
Stack trace:
#0 D:\Project\xampp\htdocs\etask\system\Database\MySQLi\Connection.php(295): mysqli->query('SELECT idprob, ...', 0)
#1 D:\Project\xampp\htdocs\etask\system\Database\BaseConnection.php(692): CodeIgniter\Database\MySQLi\Connection->execute('SELECT idprob, ...')
#2 D:\Project\xampp\htdocs\etask\system\Database\BaseConnection.php(606): CodeIgniter\Database\BaseConnection->simpleQuery('SELECT idprob, ...')
#3 D:\Project\xampp\htdocs\etask\app\Models\ModelDashboard.php(15): CodeIgniter\Database\BaseConnection->query('SELECT idprob, ...')
#4 D:\Project\xampp\htdocs\etask\app\Controllers\Dashboard.php(25): App\Models\ModelDashboard->queryDashboard('', '0', '10')
#5 D:\Project\xampp\htdocs\etask\system\CodeIgniter.php(934): App\Controllers\Dashboard->table_dashboard()
#6 D:\Project\xampp\htdocs\etask\system\CodeIgniter.php(499): CodeIgniter\CodeIgniter->runController(Object(App\Controllers\Dashboard))
#7 D:\Project\xampp\htdocs\etask\system\CodeIgniter.php(368): CodeIgniter\CodeIgniter->handleRequest(NULL, Object(Config\Cache), false)
#8 D:\Project\xampp\htdocs\etask\public\index.php(67): CodeIgniter\CodeIgniter->run()
#9 {main}
CRITICAL - 2023-05-19 08:44:00 --> You have an error in your SQL syntax; check the manual that corresponds to your MySQL server version for the right syntax to use near '(?,?)' at line 1
in SYSTEMPATH\Database\MySQLi\Connection.php on line 295.
 1 SYSTEMPATH\Database\MySQLi\Connection.php(295): mysqli->query('SELECT idprob, namapelapor, deskripsi FROM tproblems LIMIT (?,?) ', 0)
 2 SYSTEMPATH\Database\BaseConnection.php(692): CodeIgniter\Database\MySQLi\Connection->execute('SELECT idprob, namapelapor, deskripsi FROM tproblems LIMIT (?,?) ')
 3 SYSTEMPATH\Database\BaseConnection.php(606): CodeIgniter\Database\BaseConnection->simpleQuery('SELECT idprob, namapelapor, deskripsi FROM tproblems LIMIT (?,?) ')
 4 APPPATH\Models\ModelDashboard.php(15): CodeIgniter\Database\BaseConnection->query('SELECT idprob, namapelapor, deskripsi FROM tproblems LIMIT (?,?) ')
 5 APPPATH\Controllers\Dashboard.php(25): App\Models\ModelDashboard->queryDashboard('', '0', '10')
 6 SYSTEMPATH\CodeIgniter.php(934): App\Controllers\Dashboard->table_dashboard()
 7 SYSTEMPATH\CodeIgniter.php(499): CodeIgniter\CodeIgniter->runController(Object(App\Controllers\Dashboard))
 8 SYSTEMPATH\CodeIgniter.php(368): CodeIgniter\CodeIgniter->handleRequest(null, Object(Config\Cache), false)
 9 FCPATH\index.php(67): CodeIgniter\CodeIgniter->run()
ERROR - 2023-05-19 08:45:22 --> mysqli_sql_exception: You have an error in your SQL syntax; check the manual that corresponds to your MySQL server version for the right syntax to use near '(0,10)' at line 1 in D:\Project\xampp\htdocs\etask\system\Database\MySQLi\Connection.php:295
Stack trace:
#0 D:\Project\xampp\htdocs\etask\system\Database\MySQLi\Connection.php(295): mysqli->query('SELECT idprob, ...', 0)
#1 D:\Project\xampp\htdocs\etask\system\Database\BaseConnection.php(692): CodeIgniter\Database\MySQLi\Connection->execute('SELECT idprob, ...')
#2 D:\Project\xampp\htdocs\etask\system\Database\BaseConnection.php(606): CodeIgniter\Database\BaseConnection->simpleQuery('SELECT idprob, ...')
#3 D:\Project\xampp\htdocs\etask\app\Models\ModelDashboard.php(26): CodeIgniter\Database\BaseConnection->query('SELECT idprob, ...')
#4 D:\Project\xampp\htdocs\etask\app\Controllers\Dashboard.php(25): App\Models\ModelDashboard->queryDashboard('', '0', '10')
#5 D:\Project\xampp\htdocs\etask\system\CodeIgniter.php(934): App\Controllers\Dashboard->table_dashboard()
#6 D:\Project\xampp\htdocs\etask\system\CodeIgniter.php(499): CodeIgniter\CodeIgniter->runController(Object(App\Controllers\Dashboard))
#7 D:\Project\xampp\htdocs\etask\system\CodeIgniter.php(368): CodeIgniter\CodeIgniter->handleRequest(NULL, Object(Config\Cache), false)
#8 D:\Project\xampp\htdocs\etask\public\index.php(67): CodeIgniter\CodeIgniter->run()
#9 {main}
CRITICAL - 2023-05-19 08:45:22 --> You have an error in your SQL syntax; check the manual that corresponds to your MySQL server version for the right syntax to use near '(0,10)' at line 1
in SYSTEMPATH\Database\MySQLi\Connection.php on line 295.
 1 SYSTEMPATH\Database\MySQLi\Connection.php(295): mysqli->query('SELECT idprob, namapelapor, deskripsi FROM tproblems LIMIT (0,10)', 0)
 2 SYSTEMPATH\Database\BaseConnection.php(692): CodeIgniter\Database\MySQLi\Connection->execute('SELECT idprob, namapelapor, deskripsi FROM tproblems LIMIT (0,10)')
 3 SYSTEMPATH\Database\BaseConnection.php(606): CodeIgniter\Database\BaseConnection->simpleQuery('SELECT idprob, namapelapor, deskripsi FROM tproblems LIMIT (0,10)')
 4 APPPATH\Models\ModelDashboard.php(26): CodeIgniter\Database\BaseConnection->query('SELECT idprob, namapelapor, deskripsi FROM tproblems LIMIT (0,10)')
 5 APPPATH\Controllers\Dashboard.php(25): App\Models\ModelDashboard->queryDashboard('', '0', '10')
 6 SYSTEMPATH\CodeIgniter.php(934): App\Controllers\Dashboard->table_dashboard()
 7 SYSTEMPATH\CodeIgniter.php(499): CodeIgniter\CodeIgniter->runController(Object(App\Controllers\Dashboard))
 8 SYSTEMPATH\CodeIgniter.php(368): CodeIgniter\CodeIgniter->handleRequest(null, Object(Config\Cache), false)
 9 FCPATH\index.php(67): CodeIgniter\CodeIgniter->run()
ERROR - 2023-05-19 08:46:47 --> mysqli_sql_exception: You have an error in your SQL syntax; check the manual that corresponds to your MySQL server version for the right syntax to use near '?,?' at line 1 in D:\Project\xampp\htdocs\etask\system\Database\MySQLi\Connection.php:295
Stack trace:
#0 D:\Project\xampp\htdocs\etask\system\Database\MySQLi\Connection.php(295): mysqli->query('SELECT idprob, ...', 0)
#1 D:\Project\xampp\htdocs\etask\system\Database\BaseConnection.php(692): CodeIgniter\Database\MySQLi\Connection->execute('SELECT idprob, ...')
#2 D:\Project\xampp\htdocs\etask\system\Database\BaseConnection.php(606): CodeIgniter\Database\BaseConnection->simpleQuery('SELECT idprob, ...')
#3 D:\Project\xampp\htdocs\etask\app\Models\ModelDashboard.php(15): CodeIgniter\Database\BaseConnection->query('SELECT idprob, ...')
#4 D:\Project\xampp\htdocs\etask\app\Controllers\Dashboard.php(25): App\Models\ModelDashboard->queryDashboard('', '0', '10')
#5 D:\Project\xampp\htdocs\etask\system\CodeIgniter.php(934): App\Controllers\Dashboard->table_dashboard()
#6 D:\Project\xampp\htdocs\etask\system\CodeIgniter.php(499): CodeIgniter\CodeIgniter->runController(Object(App\Controllers\Dashboard))
#7 D:\Project\xampp\htdocs\etask\system\CodeIgniter.php(368): CodeIgniter\CodeIgniter->handleRequest(NULL, Object(Config\Cache), false)
#8 D:\Project\xampp\htdocs\etask\public\index.php(67): CodeIgniter\CodeIgniter->run()
#9 {main}
CRITICAL - 2023-05-19 08:46:47 --> You have an error in your SQL syntax; check the manual that corresponds to your MySQL server version for the right syntax to use near '?,?' at line 1
in SYSTEMPATH\Database\MySQLi\Connection.php on line 295.
 1 SYSTEMPATH\Database\MySQLi\Connection.php(295): mysqli->query('SELECT idprob, namapelapor, deskripsi FROM tproblems LIMIT ?,?', 0)
 2 SYSTEMPATH\Database\BaseConnection.php(692): CodeIgniter\Database\MySQLi\Connection->execute('SELECT idprob, namapelapor, deskripsi FROM tproblems LIMIT ?,?')
 3 SYSTEMPATH\Database\BaseConnection.php(606): CodeIgniter\Database\BaseConnection->simpleQuery('SELECT idprob, namapelapor, deskripsi FROM tproblems LIMIT ?,?')
 4 APPPATH\Models\ModelDashboard.php(15): CodeIgniter\Database\BaseConnection->query('SELECT idprob, namapelapor, deskripsi FROM tproblems LIMIT ?,?')
 5 APPPATH\Controllers\Dashboard.php(25): App\Models\ModelDashboard->queryDashboard('', '0', '10')
 6 SYSTEMPATH\CodeIgniter.php(934): App\Controllers\Dashboard->table_dashboard()
 7 SYSTEMPATH\CodeIgniter.php(499): CodeIgniter\CodeIgniter->runController(Object(App\Controllers\Dashboard))
 8 SYSTEMPATH\CodeIgniter.php(368): CodeIgniter\CodeIgniter->handleRequest(null, Object(Config\Cache), false)
 9 FCPATH\index.php(67): CodeIgniter\CodeIgniter->run()
ERROR - 2023-05-19 08:46:52 --> mysqli_sql_exception: You have an error in your SQL syntax; check the manual that corresponds to your MySQL server version for the right syntax to use near '?,?' at line 1 in D:\Project\xampp\htdocs\etask\system\Database\MySQLi\Connection.php:295
Stack trace:
#0 D:\Project\xampp\htdocs\etask\system\Database\MySQLi\Connection.php(295): mysqli->query('SELECT idprob, ...', 0)
#1 D:\Project\xampp\htdocs\etask\system\Database\BaseConnection.php(692): CodeIgniter\Database\MySQLi\Connection->execute('SELECT idprob, ...')
#2 D:\Project\xampp\htdocs\etask\system\Database\BaseConnection.php(606): CodeIgniter\Database\BaseConnection->simpleQuery('SELECT idprob, ...')
#3 D:\Project\xampp\htdocs\etask\app\Models\ModelDashboard.php(15): CodeIgniter\Database\BaseConnection->query('SELECT idprob, ...')
#4 D:\Project\xampp\htdocs\etask\app\Controllers\Dashboard.php(25): App\Models\ModelDashboard->queryDashboard('V', '0', '10')
#5 D:\Project\xampp\htdocs\etask\system\CodeIgniter.php(934): App\Controllers\Dashboard->table_dashboard()
#6 D:\Project\xampp\htdocs\etask\system\CodeIgniter.php(499): CodeIgniter\CodeIgniter->runController(Object(App\Controllers\Dashboard))
#7 D:\Project\xampp\htdocs\etask\system\CodeIgniter.php(368): CodeIgniter\CodeIgniter->handleRequest(NULL, Object(Config\Cache), false)
#8 D:\Project\xampp\htdocs\etask\public\index.php(67): CodeIgniter\CodeIgniter->run()
#9 {main}
CRITICAL - 2023-05-19 08:46:52 --> You have an error in your SQL syntax; check the manual that corresponds to your MySQL server version for the right syntax to use near '?,?' at line 1
in SYSTEMPATH\Database\MySQLi\Connection.php on line 295.
 1 SYSTEMPATH\Database\MySQLi\Connection.php(295): mysqli->query('SELECT idprob, namapelapor, deskripsi FROM tproblems LIMIT ?,?', 0)
 2 SYSTEMPATH\Database\BaseConnection.php(692): CodeIgniter\Database\MySQLi\Connection->execute('SELECT idprob, namapelapor, deskripsi FROM tproblems LIMIT ?,?')
 3 SYSTEMPATH\Database\BaseConnection.php(606): CodeIgniter\Database\BaseConnection->simpleQuery('SELECT idprob, namapelapor, deskripsi FROM tproblems LIMIT ?,?')
 4 APPPATH\Models\ModelDashboard.php(15): CodeIgniter\Database\BaseConnection->query('SELECT idprob, namapelapor, deskripsi FROM tproblems LIMIT ?,?')
 5 APPPATH\Controllers\Dashboard.php(25): App\Models\ModelDashboard->queryDashboard('V', '0', '10')
 6 SYSTEMPATH\CodeIgniter.php(934): App\Controllers\Dashboard->table_dashboard()
 7 SYSTEMPATH\CodeIgniter.php(499): CodeIgniter\CodeIgniter->runController(Object(App\Controllers\Dashboard))
 8 SYSTEMPATH\CodeIgniter.php(368): CodeIgniter\CodeIgniter->handleRequest(null, Object(Config\Cache), false)
 9 FCPATH\index.php(67): CodeIgniter\CodeIgniter->run()
ERROR - 2023-05-19 08:46:53 --> mysqli_sql_exception: You have an error in your SQL syntax; check the manual that corresponds to your MySQL server version for the right syntax to use near '?,?' at line 1 in D:\Project\xampp\htdocs\etask\system\Database\MySQLi\Connection.php:295
Stack trace:
#0 D:\Project\xampp\htdocs\etask\system\Database\MySQLi\Connection.php(295): mysqli->query('SELECT idprob, ...', 0)
#1 D:\Project\xampp\htdocs\etask\system\Database\BaseConnection.php(692): CodeIgniter\Database\MySQLi\Connection->execute('SELECT idprob, ...')
#2 D:\Project\xampp\htdocs\etask\system\Database\BaseConnection.php(606): CodeIgniter\Database\BaseConnection->simpleQuery('SELECT idprob, ...')
#3 D:\Project\xampp\htdocs\etask\app\Models\ModelDashboard.php(15): CodeIgniter\Database\BaseConnection->query('SELECT idprob, ...')
#4 D:\Project\xampp\htdocs\etask\app\Controllers\Dashboard.php(25): App\Models\ModelDashboard->queryDashboard('VV', '0', '10')
#5 D:\Project\xampp\htdocs\etask\system\CodeIgniter.php(934): App\Controllers\Dashboard->table_dashboard()
#6 D:\Project\xampp\htdocs\etask\system\CodeIgniter.php(499): CodeIgniter\CodeIgniter->runController(Object(App\Controllers\Dashboard))
#7 D:\Project\xampp\htdocs\etask\system\CodeIgniter.php(368): CodeIgniter\CodeIgniter->handleRequest(NULL, Object(Config\Cache), false)
#8 D:\Project\xampp\htdocs\etask\public\index.php(67): CodeIgniter\CodeIgniter->run()
#9 {main}
CRITICAL - 2023-05-19 08:46:53 --> You have an error in your SQL syntax; check the manual that corresponds to your MySQL server version for the right syntax to use near '?,?' at line 1
in SYSTEMPATH\Database\MySQLi\Connection.php on line 295.
 1 SYSTEMPATH\Database\MySQLi\Connection.php(295): mysqli->query('SELECT idprob, namapelapor, deskripsi FROM tproblems LIMIT ?,?', 0)
 2 SYSTEMPATH\Database\BaseConnection.php(692): CodeIgniter\Database\MySQLi\Connection->execute('SELECT idprob, namapelapor, deskripsi FROM tproblems LIMIT ?,?')
 3 SYSTEMPATH\Database\BaseConnection.php(606): CodeIgniter\Database\BaseConnection->simpleQuery('SELECT idprob, namapelapor, deskripsi FROM tproblems LIMIT ?,?')
 4 APPPATH\Models\ModelDashboard.php(15): CodeIgniter\Database\BaseConnection->query('SELECT idprob, namapelapor, deskripsi FROM tproblems LIMIT ?,?')
 5 APPPATH\Controllers\Dashboard.php(25): App\Models\ModelDashboard->queryDashboard('VV', '0', '10')
 6 SYSTEMPATH\CodeIgniter.php(934): App\Controllers\Dashboard->table_dashboard()
 7 SYSTEMPATH\CodeIgniter.php(499): CodeIgniter\CodeIgniter->runController(Object(App\Controllers\Dashboard))
 8 SYSTEMPATH\CodeIgniter.php(368): CodeIgniter\CodeIgniter->handleRequest(null, Object(Config\Cache), false)
 9 FCPATH\index.php(67): CodeIgniter\CodeIgniter->run()
ERROR - 2023-05-19 08:46:54 --> mysqli_sql_exception: You have an error in your SQL syntax; check the manual that corresponds to your MySQL server version for the right syntax to use near '?,?' at line 1 in D:\Project\xampp\htdocs\etask\system\Database\MySQLi\Connection.php:295
Stack trace:
#0 D:\Project\xampp\htdocs\etask\system\Database\MySQLi\Connection.php(295): mysqli->query('SELECT idprob, ...', 0)
#1 D:\Project\xampp\htdocs\etask\system\Database\BaseConnection.php(692): CodeIgniter\Database\MySQLi\Connection->execute('SELECT idprob, ...')
#2 D:\Project\xampp\htdocs\etask\system\Database\BaseConnection.php(606): CodeIgniter\Database\BaseConnection->simpleQuery('SELECT idprob, ...')
#3 D:\Project\xampp\htdocs\etask\app\Models\ModelDashboard.php(15): CodeIgniter\Database\BaseConnection->query('SELECT idprob, ...')
#4 D:\Project\xampp\htdocs\etask\app\Controllers\Dashboard.php(25): App\Models\ModelDashboard->queryDashboard('V', '0', '10')
#5 D:\Project\xampp\htdocs\etask\system\CodeIgniter.php(934): App\Controllers\Dashboard->table_dashboard()
#6 D:\Project\xampp\htdocs\etask\system\CodeIgniter.php(499): CodeIgniter\CodeIgniter->runController(Object(App\Controllers\Dashboard))
#7 D:\Project\xampp\htdocs\etask\system\CodeIgniter.php(368): CodeIgniter\CodeIgniter->handleRequest(NULL, Object(Config\Cache), false)
#8 D:\Project\xampp\htdocs\etask\public\index.php(67): CodeIgniter\CodeIgniter->run()
#9 {main}
CRITICAL - 2023-05-19 08:46:54 --> You have an error in your SQL syntax; check the manual that corresponds to your MySQL server version for the right syntax to use near '?,?' at line 1
in SYSTEMPATH\Database\MySQLi\Connection.php on line 295.
 1 SYSTEMPATH\Database\MySQLi\Connection.php(295): mysqli->query('SELECT idprob, namapelapor, deskripsi FROM tproblems LIMIT ?,?', 0)
 2 SYSTEMPATH\Database\BaseConnection.php(692): CodeIgniter\Database\MySQLi\Connection->execute('SELECT idprob, namapelapor, deskripsi FROM tproblems LIMIT ?,?')
 3 SYSTEMPATH\Database\BaseConnection.php(606): CodeIgniter\Database\BaseConnection->simpleQuery('SELECT idprob, namapelapor, deskripsi FROM tproblems LIMIT ?,?')
 4 APPPATH\Models\ModelDashboard.php(15): CodeIgniter\Database\BaseConnection->query('SELECT idprob, namapelapor, deskripsi FROM tproblems LIMIT ?,?')
 5 APPPATH\Controllers\Dashboard.php(25): App\Models\ModelDashboard->queryDashboard('V', '0', '10')
 6 SYSTEMPATH\CodeIgniter.php(934): App\Controllers\Dashboard->table_dashboard()
 7 SYSTEMPATH\CodeIgniter.php(499): CodeIgniter\CodeIgniter->runController(Object(App\Controllers\Dashboard))
 8 SYSTEMPATH\CodeIgniter.php(368): CodeIgniter\CodeIgniter->handleRequest(null, Object(Config\Cache), false)
 9 FCPATH\index.php(67): CodeIgniter\CodeIgniter->run()
ERROR - 2023-05-19 08:46:54 --> mysqli_sql_exception: You have an error in your SQL syntax; check the manual that corresponds to your MySQL server version for the right syntax to use near '?,?' at line 1 in D:\Project\xampp\htdocs\etask\system\Database\MySQLi\Connection.php:295
Stack trace:
#0 D:\Project\xampp\htdocs\etask\system\Database\MySQLi\Connection.php(295): mysqli->query('SELECT idprob, ...', 0)
#1 D:\Project\xampp\htdocs\etask\system\Database\BaseConnection.php(692): CodeIgniter\Database\MySQLi\Connection->execute('SELECT idprob, ...')
#2 D:\Project\xampp\htdocs\etask\system\Database\BaseConnection.php(606): CodeIgniter\Database\BaseConnection->simpleQuery('SELECT idprob, ...')
#3 D:\Project\xampp\htdocs\etask\app\Models\ModelDashboard.php(15): CodeIgniter\Database\BaseConnection->query('SELECT idprob, ...')
#4 D:\Project\xampp\htdocs\etask\app\Controllers\Dashboard.php(25): App\Models\ModelDashboard->queryDashboard('', '0', '10')
#5 D:\Project\xampp\htdocs\etask\system\CodeIgniter.php(934): App\Controllers\Dashboard->table_dashboard()
#6 D:\Project\xampp\htdocs\etask\system\CodeIgniter.php(499): CodeIgniter\CodeIgniter->runController(Object(App\Controllers\Dashboard))
#7 D:\Project\xampp\htdocs\etask\system\CodeIgniter.php(368): CodeIgniter\CodeIgniter->handleRequest(NULL, Object(Config\Cache), false)
#8 D:\Project\xampp\htdocs\etask\public\index.php(67): CodeIgniter\CodeIgniter->run()
#9 {main}
CRITICAL - 2023-05-19 08:46:54 --> You have an error in your SQL syntax; check the manual that corresponds to your MySQL server version for the right syntax to use near '?,?' at line 1
in SYSTEMPATH\Database\MySQLi\Connection.php on line 295.
 1 SYSTEMPATH\Database\MySQLi\Connection.php(295): mysqli->query('SELECT idprob, namapelapor, deskripsi FROM tproblems LIMIT ?,?', 0)
 2 SYSTEMPATH\Database\BaseConnection.php(692): CodeIgniter\Database\MySQLi\Connection->execute('SELECT idprob, namapelapor, deskripsi FROM tproblems LIMIT ?,?')
 3 SYSTEMPATH\Database\BaseConnection.php(606): CodeIgniter\Database\BaseConnection->simpleQuery('SELECT idprob, namapelapor, deskripsi FROM tproblems LIMIT ?,?')
 4 APPPATH\Models\ModelDashboard.php(15): CodeIgniter\Database\BaseConnection->query('SELECT idprob, namapelapor, deskripsi FROM tproblems LIMIT ?,?')
 5 APPPATH\Controllers\Dashboard.php(25): App\Models\ModelDashboard->queryDashboard('', '0', '10')
 6 SYSTEMPATH\CodeIgniter.php(934): App\Controllers\Dashboard->table_dashboard()
 7 SYSTEMPATH\CodeIgniter.php(499): CodeIgniter\CodeIgniter->runController(Object(App\Controllers\Dashboard))
 8 SYSTEMPATH\CodeIgniter.php(368): CodeIgniter\CodeIgniter->handleRequest(null, Object(Config\Cache), false)
 9 FCPATH\index.php(67): CodeIgniter\CodeIgniter->run()
ERROR - 2023-05-19 08:46:58 --> mysqli_sql_exception: You have an error in your SQL syntax; check the manual that corresponds to your MySQL server version for the right syntax to use near '?,?' at line 1 in D:\Project\xampp\htdocs\etask\system\Database\MySQLi\Connection.php:295
Stack trace:
#0 D:\Project\xampp\htdocs\etask\system\Database\MySQLi\Connection.php(295): mysqli->query('SELECT idprob, ...', 0)
#1 D:\Project\xampp\htdocs\etask\system\Database\BaseConnection.php(692): CodeIgniter\Database\MySQLi\Connection->execute('SELECT idprob, ...')
#2 D:\Project\xampp\htdocs\etask\system\Database\BaseConnection.php(606): CodeIgniter\Database\BaseConnection->simpleQuery('SELECT idprob, ...')
#3 D:\Project\xampp\htdocs\etask\app\Models\ModelDashboard.php(15): CodeIgniter\Database\BaseConnection->query('SELECT idprob, ...')
#4 D:\Project\xampp\htdocs\etask\app\Controllers\Dashboard.php(25): App\Models\ModelDashboard->queryDashboard('m', '0', '10')
#5 D:\Project\xampp\htdocs\etask\system\CodeIgniter.php(934): App\Controllers\Dashboard->table_dashboard()
#6 D:\Project\xampp\htdocs\etask\system\CodeIgniter.php(499): CodeIgniter\CodeIgniter->runController(Object(App\Controllers\Dashboard))
#7 D:\Project\xampp\htdocs\etask\system\CodeIgniter.php(368): CodeIgniter\CodeIgniter->handleRequest(NULL, Object(Config\Cache), false)
#8 D:\Project\xampp\htdocs\etask\public\index.php(67): CodeIgniter\CodeIgniter->run()
#9 {main}
CRITICAL - 2023-05-19 08:46:58 --> You have an error in your SQL syntax; check the manual that corresponds to your MySQL server version for the right syntax to use near '?,?' at line 1
in SYSTEMPATH\Database\MySQLi\Connection.php on line 295.
 1 SYSTEMPATH\Database\MySQLi\Connection.php(295): mysqli->query('SELECT idprob, namapelapor, deskripsi FROM tproblems LIMIT ?,?', 0)
 2 SYSTEMPATH\Database\BaseConnection.php(692): CodeIgniter\Database\MySQLi\Connection->execute('SELECT idprob, namapelapor, deskripsi FROM tproblems LIMIT ?,?')
 3 SYSTEMPATH\Database\BaseConnection.php(606): CodeIgniter\Database\BaseConnection->simpleQuery('SELECT idprob, namapelapor, deskripsi FROM tproblems LIMIT ?,?')
 4 APPPATH\Models\ModelDashboard.php(15): CodeIgniter\Database\BaseConnection->query('SELECT idprob, namapelapor, deskripsi FROM tproblems LIMIT ?,?')
 5 APPPATH\Controllers\Dashboard.php(25): App\Models\ModelDashboard->queryDashboard('m', '0', '10')
 6 SYSTEMPATH\CodeIgniter.php(934): App\Controllers\Dashboard->table_dashboard()
 7 SYSTEMPATH\CodeIgniter.php(499): CodeIgniter\CodeIgniter->runController(Object(App\Controllers\Dashboard))
 8 SYSTEMPATH\CodeIgniter.php(368): CodeIgniter\CodeIgniter->handleRequest(null, Object(Config\Cache), false)
 9 FCPATH\index.php(67): CodeIgniter\CodeIgniter->run()
ERROR - 2023-05-19 08:46:59 --> mysqli_sql_exception: You have an error in your SQL syntax; check the manual that corresponds to your MySQL server version for the right syntax to use near '?,?' at line 1 in D:\Project\xampp\htdocs\etask\system\Database\MySQLi\Connection.php:295
Stack trace:
#0 D:\Project\xampp\htdocs\etask\system\Database\MySQLi\Connection.php(295): mysqli->query('SELECT idprob, ...', 0)
#1 D:\Project\xampp\htdocs\etask\system\Database\BaseConnection.php(692): CodeIgniter\Database\MySQLi\Connection->execute('SELECT idprob, ...')
#2 D:\Project\xampp\htdocs\etask\system\Database\BaseConnection.php(606): CodeIgniter\Database\BaseConnection->simpleQuery('SELECT idprob, ...')
#3 D:\Project\xampp\htdocs\etask\app\Models\ModelDashboard.php(15): CodeIgniter\Database\BaseConnection->query('SELECT idprob, ...')
#4 D:\Project\xampp\htdocs\etask\app\Controllers\Dashboard.php(25): App\Models\ModelDashboard->queryDashboard('my', '0', '10')
#5 D:\Project\xampp\htdocs\etask\system\CodeIgniter.php(934): App\Controllers\Dashboard->table_dashboard()
#6 D:\Project\xampp\htdocs\etask\system\CodeIgniter.php(499): CodeIgniter\CodeIgniter->runController(Object(App\Controllers\Dashboard))
#7 D:\Project\xampp\htdocs\etask\system\CodeIgniter.php(368): CodeIgniter\CodeIgniter->handleRequest(NULL, Object(Config\Cache), false)
#8 D:\Project\xampp\htdocs\etask\public\index.php(67): CodeIgniter\CodeIgniter->run()
#9 {main}
CRITICAL - 2023-05-19 08:46:59 --> You have an error in your SQL syntax; check the manual that corresponds to your MySQL server version for the right syntax to use near '?,?' at line 1
in SYSTEMPATH\Database\MySQLi\Connection.php on line 295.
 1 SYSTEMPATH\Database\MySQLi\Connection.php(295): mysqli->query('SELECT idprob, namapelapor, deskripsi FROM tproblems LIMIT ?,?', 0)
 2 SYSTEMPATH\Database\BaseConnection.php(692): CodeIgniter\Database\MySQLi\Connection->execute('SELECT idprob, namapelapor, deskripsi FROM tproblems LIMIT ?,?')
 3 SYSTEMPATH\Database\BaseConnection.php(606): CodeIgniter\Database\BaseConnection->simpleQuery('SELECT idprob, namapelapor, deskripsi FROM tproblems LIMIT ?,?')
 4 APPPATH\Models\ModelDashboard.php(15): CodeIgniter\Database\BaseConnection->query('SELECT idprob, namapelapor, deskripsi FROM tproblems LIMIT ?,?')
 5 APPPATH\Controllers\Dashboard.php(25): App\Models\ModelDashboard->queryDashboard('my', '0', '10')
 6 SYSTEMPATH\CodeIgniter.php(934): App\Controllers\Dashboard->table_dashboard()
 7 SYSTEMPATH\CodeIgniter.php(499): CodeIgniter\CodeIgniter->runController(Object(App\Controllers\Dashboard))
 8 SYSTEMPATH\CodeIgniter.php(368): CodeIgniter\CodeIgniter->handleRequest(null, Object(Config\Cache), false)
 9 FCPATH\index.php(67): CodeIgniter\CodeIgniter->run()
ERROR - 2023-05-19 08:46:59 --> mysqli_sql_exception: You have an error in your SQL syntax; check the manual that corresponds to your MySQL server version for the right syntax to use near '?,?' at line 1 in D:\Project\xampp\htdocs\etask\system\Database\MySQLi\Connection.php:295
Stack trace:
#0 D:\Project\xampp\htdocs\etask\system\Database\MySQLi\Connection.php(295): mysqli->query('SELECT idprob, ...', 0)
#1 D:\Project\xampp\htdocs\etask\system\Database\BaseConnection.php(692): CodeIgniter\Database\MySQLi\Connection->execute('SELECT idprob, ...')
#2 D:\Project\xampp\htdocs\etask\system\Database\BaseConnection.php(606): CodeIgniter\Database\BaseConnection->simpleQuery('SELECT idprob, ...')
#3 D:\Project\xampp\htdocs\etask\app\Models\ModelDashboard.php(15): CodeIgniter\Database\BaseConnection->query('SELECT idprob, ...')
#4 D:\Project\xampp\htdocs\etask\app\Controllers\Dashboard.php(25): App\Models\ModelDashboard->queryDashboard('m', '0', '10')
#5 D:\Project\xampp\htdocs\etask\system\CodeIgniter.php(934): App\Controllers\Dashboard->table_dashboard()
#6 D:\Project\xampp\htdocs\etask\system\CodeIgniter.php(499): CodeIgniter\CodeIgniter->runController(Object(App\Controllers\Dashboard))
#7 D:\Project\xampp\htdocs\etask\system\CodeIgniter.php(368): CodeIgniter\CodeIgniter->handleRequest(NULL, Object(Config\Cache), false)
#8 D:\Project\xampp\htdocs\etask\public\index.php(67): CodeIgniter\CodeIgniter->run()
#9 {main}
CRITICAL - 2023-05-19 08:46:59 --> You have an error in your SQL syntax; check the manual that corresponds to your MySQL server version for the right syntax to use near '?,?' at line 1
in SYSTEMPATH\Database\MySQLi\Connection.php on line 295.
 1 SYSTEMPATH\Database\MySQLi\Connection.php(295): mysqli->query('SELECT idprob, namapelapor, deskripsi FROM tproblems LIMIT ?,?', 0)
 2 SYSTEMPATH\Database\BaseConnection.php(692): CodeIgniter\Database\MySQLi\Connection->execute('SELECT idprob, namapelapor, deskripsi FROM tproblems LIMIT ?,?')
 3 SYSTEMPATH\Database\BaseConnection.php(606): CodeIgniter\Database\BaseConnection->simpleQuery('SELECT idprob, namapelapor, deskripsi FROM tproblems LIMIT ?,?')
 4 APPPATH\Models\ModelDashboard.php(15): CodeIgniter\Database\BaseConnection->query('SELECT idprob, namapelapor, deskripsi FROM tproblems LIMIT ?,?')
 5 APPPATH\Controllers\Dashboard.php(25): App\Models\ModelDashboard->queryDashboard('m', '0', '10')
 6 SYSTEMPATH\CodeIgniter.php(934): App\Controllers\Dashboard->table_dashboard()
 7 SYSTEMPATH\CodeIgniter.php(499): CodeIgniter\CodeIgniter->runController(Object(App\Controllers\Dashboard))
 8 SYSTEMPATH\CodeIgniter.php(368): CodeIgniter\CodeIgniter->handleRequest(null, Object(Config\Cache), false)
 9 FCPATH\index.php(67): CodeIgniter\CodeIgniter->run()
ERROR - 2023-05-19 08:46:59 --> mysqli_sql_exception: You have an error in your SQL syntax; check the manual that corresponds to your MySQL server version for the right syntax to use near '?,?' at line 1 in D:\Project\xampp\htdocs\etask\system\Database\MySQLi\Connection.php:295
Stack trace:
#0 D:\Project\xampp\htdocs\etask\system\Database\MySQLi\Connection.php(295): mysqli->query('SELECT idprob, ...', 0)
#1 D:\Project\xampp\htdocs\etask\system\Database\BaseConnection.php(692): CodeIgniter\Database\MySQLi\Connection->execute('SELECT idprob, ...')
#2 D:\Project\xampp\htdocs\etask\system\Database\BaseConnection.php(606): CodeIgniter\Database\BaseConnection->simpleQuery('SELECT idprob, ...')
#3 D:\Project\xampp\htdocs\etask\app\Models\ModelDashboard.php(15): CodeIgniter\Database\BaseConnection->query('SELECT idprob, ...')
#4 D:\Project\xampp\htdocs\etask\app\Controllers\Dashboard.php(25): App\Models\ModelDashboard->queryDashboard('mt', '0', '10')
#5 D:\Project\xampp\htdocs\etask\system\CodeIgniter.php(934): App\Controllers\Dashboard->table_dashboard()
#6 D:\Project\xampp\htdocs\etask\system\CodeIgniter.php(499): CodeIgniter\CodeIgniter->runController(Object(App\Controllers\Dashboard))
#7 D:\Project\xampp\htdocs\etask\system\CodeIgniter.php(368): CodeIgniter\CodeIgniter->handleRequest(NULL, Object(Config\Cache), false)
#8 D:\Project\xampp\htdocs\etask\public\index.php(67): CodeIgniter\CodeIgniter->run()
#9 {main}
CRITICAL - 2023-05-19 08:46:59 --> You have an error in your SQL syntax; check the manual that corresponds to your MySQL server version for the right syntax to use near '?,?' at line 1
in SYSTEMPATH\Database\MySQLi\Connection.php on line 295.
 1 SYSTEMPATH\Database\MySQLi\Connection.php(295): mysqli->query('SELECT idprob, namapelapor, deskripsi FROM tproblems LIMIT ?,?', 0)
 2 SYSTEMPATH\Database\BaseConnection.php(692): CodeIgniter\Database\MySQLi\Connection->execute('SELECT idprob, namapelapor, deskripsi FROM tproblems LIMIT ?,?')
 3 SYSTEMPATH\Database\BaseConnection.php(606): CodeIgniter\Database\BaseConnection->simpleQuery('SELECT idprob, namapelapor, deskripsi FROM tproblems LIMIT ?,?')
 4 APPPATH\Models\ModelDashboard.php(15): CodeIgniter\Database\BaseConnection->query('SELECT idprob, namapelapor, deskripsi FROM tproblems LIMIT ?,?')
 5 APPPATH\Controllers\Dashboard.php(25): App\Models\ModelDashboard->queryDashboard('mt', '0', '10')
 6 SYSTEMPATH\CodeIgniter.php(934): App\Controllers\Dashboard->table_dashboard()
 7 SYSTEMPATH\CodeIgniter.php(499): CodeIgniter\CodeIgniter->runController(Object(App\Controllers\Dashboard))
 8 SYSTEMPATH\CodeIgniter.php(368): CodeIgniter\CodeIgniter->handleRequest(null, Object(Config\Cache), false)
 9 FCPATH\index.php(67): CodeIgniter\CodeIgniter->run()
ERROR - 2023-05-19 08:47:00 --> mysqli_sql_exception: You have an error in your SQL syntax; check the manual that corresponds to your MySQL server version for the right syntax to use near '?,?' at line 1 in D:\Project\xampp\htdocs\etask\system\Database\MySQLi\Connection.php:295
Stack trace:
#0 D:\Project\xampp\htdocs\etask\system\Database\MySQLi\Connection.php(295): mysqli->query('SELECT idprob, ...', 0)
#1 D:\Project\xampp\htdocs\etask\system\Database\BaseConnection.php(692): CodeIgniter\Database\MySQLi\Connection->execute('SELECT idprob, ...')
#2 D:\Project\xampp\htdocs\etask\system\Database\BaseConnection.php(606): CodeIgniter\Database\BaseConnection->simpleQuery('SELECT idprob, ...')
#3 D:\Project\xampp\htdocs\etask\app\Models\ModelDashboard.php(15): CodeIgniter\Database\BaseConnection->query('SELECT idprob, ...')
#4 D:\Project\xampp\htdocs\etask\app\Controllers\Dashboard.php(25): App\Models\ModelDashboard->queryDashboard('mtc', '0', '10')
#5 D:\Project\xampp\htdocs\etask\system\CodeIgniter.php(934): App\Controllers\Dashboard->table_dashboard()
#6 D:\Project\xampp\htdocs\etask\system\CodeIgniter.php(499): CodeIgniter\CodeIgniter->runController(Object(App\Controllers\Dashboard))
#7 D:\Project\xampp\htdocs\etask\system\CodeIgniter.php(368): CodeIgniter\CodeIgniter->handleRequest(NULL, Object(Config\Cache), false)
#8 D:\Project\xampp\htdocs\etask\public\index.php(67): CodeIgniter\CodeIgniter->run()
#9 {main}
CRITICAL - 2023-05-19 08:47:00 --> You have an error in your SQL syntax; check the manual that corresponds to your MySQL server version for the right syntax to use near '?,?' at line 1
in SYSTEMPATH\Database\MySQLi\Connection.php on line 295.
 1 SYSTEMPATH\Database\MySQLi\Connection.php(295): mysqli->query('SELECT idprob, namapelapor, deskripsi FROM tproblems LIMIT ?,?', 0)
 2 SYSTEMPATH\Database\BaseConnection.php(692): CodeIgniter\Database\MySQLi\Connection->execute('SELECT idprob, namapelapor, deskripsi FROM tproblems LIMIT ?,?')
 3 SYSTEMPATH\Database\BaseConnection.php(606): CodeIgniter\Database\BaseConnection->simpleQuery('SELECT idprob, namapelapor, deskripsi FROM tproblems LIMIT ?,?')
 4 APPPATH\Models\ModelDashboard.php(15): CodeIgniter\Database\BaseConnection->query('SELECT idprob, namapelapor, deskripsi FROM tproblems LIMIT ?,?')
 5 APPPATH\Controllers\Dashboard.php(25): App\Models\ModelDashboard->queryDashboard('mtc', '0', '10')
 6 SYSTEMPATH\CodeIgniter.php(934): App\Controllers\Dashboard->table_dashboard()
 7 SYSTEMPATH\CodeIgniter.php(499): CodeIgniter\CodeIgniter->runController(Object(App\Controllers\Dashboard))
 8 SYSTEMPATH\CodeIgniter.php(368): CodeIgniter\CodeIgniter->handleRequest(null, Object(Config\Cache), false)
 9 FCPATH\index.php(67): CodeIgniter\CodeIgniter->run()
ERROR - 2023-05-19 08:47:23 --> mysqli_sql_exception: You have an error in your SQL syntax; check the manual that corresponds to your MySQL server version for the right syntax to use near '?,?' at line 1 in D:\Project\xampp\htdocs\etask\system\Database\MySQLi\Connection.php:295
Stack trace:
#0 D:\Project\xampp\htdocs\etask\system\Database\MySQLi\Connection.php(295): mysqli->query('SELECT idprob, ...', 0)
#1 D:\Project\xampp\htdocs\etask\system\Database\BaseConnection.php(692): CodeIgniter\Database\MySQLi\Connection->execute('SELECT idprob, ...')
#2 D:\Project\xampp\htdocs\etask\system\Database\BaseConnection.php(606): CodeIgniter\Database\BaseConnection->simpleQuery('SELECT idprob, ...')
#3 D:\Project\xampp\htdocs\etask\app\Models\ModelDashboard.php(15): CodeIgniter\Database\BaseConnection->query('SELECT idprob, ...')
#4 D:\Project\xampp\htdocs\etask\app\Controllers\Dashboard.php(25): App\Models\ModelDashboard->queryDashboard('', '0', '10')
#5 D:\Project\xampp\htdocs\etask\system\CodeIgniter.php(934): App\Controllers\Dashboard->table_dashboard()
#6 D:\Project\xampp\htdocs\etask\system\CodeIgniter.php(499): CodeIgniter\CodeIgniter->runController(Object(App\Controllers\Dashboard))
#7 D:\Project\xampp\htdocs\etask\system\CodeIgniter.php(368): CodeIgniter\CodeIgniter->handleRequest(NULL, Object(Config\Cache), false)
#8 D:\Project\xampp\htdocs\etask\public\index.php(67): CodeIgniter\CodeIgniter->run()
#9 {main}
CRITICAL - 2023-05-19 08:47:23 --> You have an error in your SQL syntax; check the manual that corresponds to your MySQL server version for the right syntax to use near '?,?' at line 1
in SYSTEMPATH\Database\MySQLi\Connection.php on line 295.
 1 SYSTEMPATH\Database\MySQLi\Connection.php(295): mysqli->query('SELECT idprob, namapelapor, deskripsi FROM tproblems LIMIT ?,?', 0)
 2 SYSTEMPATH\Database\BaseConnection.php(692): CodeIgniter\Database\MySQLi\Connection->execute('SELECT idprob, namapelapor, deskripsi FROM tproblems LIMIT ?,?')
 3 SYSTEMPATH\Database\BaseConnection.php(606): CodeIgniter\Database\BaseConnection->simpleQuery('SELECT idprob, namapelapor, deskripsi FROM tproblems LIMIT ?,?')
 4 APPPATH\Models\ModelDashboard.php(15): CodeIgniter\Database\BaseConnection->query('SELECT idprob, namapelapor, deskripsi FROM tproblems LIMIT ?,?')
 5 APPPATH\Controllers\Dashboard.php(25): App\Models\ModelDashboard->queryDashboard('', '0', '10')
 6 SYSTEMPATH\CodeIgniter.php(934): App\Controllers\Dashboard->table_dashboard()
 7 SYSTEMPATH\CodeIgniter.php(499): CodeIgniter\CodeIgniter->runController(Object(App\Controllers\Dashboard))
 8 SYSTEMPATH\CodeIgniter.php(368): CodeIgniter\CodeIgniter->handleRequest(null, Object(Config\Cache), false)
 9 FCPATH\index.php(67): CodeIgniter\CodeIgniter->run()
CRITICAL - 2023-05-19 08:48:37 --> Call to undefined method CodeIgniter\Database\MySQLi\Result::orLike()
in APPPATH\Models\ModelDashboard.php on line 20.
 1 APPPATH\Controllers\Dashboard.php(25): App\Models\ModelDashboard->queryDashboard('MTC-20210823-002', '0', '10')
 2 SYSTEMPATH\CodeIgniter.php(934): App\Controllers\Dashboard->table_dashboard()
 3 SYSTEMPATH\CodeIgniter.php(499): CodeIgniter\CodeIgniter->runController(Object(App\Controllers\Dashboard))
 4 SYSTEMPATH\CodeIgniter.php(368): CodeIgniter\CodeIgniter->handleRequest(null, Object(Config\Cache), false)
 5 FCPATH\index.php(67): CodeIgniter\CodeIgniter->run()
ERROR - 2023-05-19 08:49:59 --> mysqli_sql_exception: You have an error in your SQL syntax; check the manual that corresponds to your MySQL server version for the right syntax to use near ''10','0'' at line 1 in D:\Project\xampp\htdocs\etask\system\Database\MySQLi\Connection.php:295
Stack trace:
#0 D:\Project\xampp\htdocs\etask\system\Database\MySQLi\Connection.php(295): mysqli->query('SELECT idprob, ...', 0)
#1 D:\Project\xampp\htdocs\etask\system\Database\BaseConnection.php(692): CodeIgniter\Database\MySQLi\Connection->execute('SELECT idprob, ...')
#2 D:\Project\xampp\htdocs\etask\system\Database\BaseConnection.php(606): CodeIgniter\Database\BaseConnection->simpleQuery('SELECT idprob, ...')
#3 D:\Project\xampp\htdocs\etask\app\Models\ModelDashboard.php(28): CodeIgniter\Database\BaseConnection->query('SELECT idprob, ...', Array)
#4 D:\Project\xampp\htdocs\etask\app\Controllers\Dashboard.php(25): App\Models\ModelDashboard->queryDashboard('', '0', '10')
#5 D:\Project\xampp\htdocs\etask\system\CodeIgniter.php(934): App\Controllers\Dashboard->table_dashboard()
#6 D:\Project\xampp\htdocs\etask\system\CodeIgniter.php(499): CodeIgniter\CodeIgniter->runController(Object(App\Controllers\Dashboard))
#7 D:\Project\xampp\htdocs\etask\system\CodeIgniter.php(368): CodeIgniter\CodeIgniter->handleRequest(NULL, Object(Config\Cache), false)
#8 D:\Project\xampp\htdocs\etask\public\index.php(67): CodeIgniter\CodeIgniter->run()
#9 {main}
CRITICAL - 2023-05-19 08:49:59 --> You have an error in your SQL syntax; check the manual that corresponds to your MySQL server version for the right syntax to use near ''10','0'' at line 1
in SYSTEMPATH\Database\MySQLi\Connection.php on line 295.
 1 SYSTEMPATH\Database\MySQLi\Connection.php(295): mysqli->query('SELECT idprob, namapelapor, deskripsi FROM tproblems LIMIT \'10\',\'0\'', 0)
 2 SYSTEMPATH\Database\BaseConnection.php(692): CodeIgniter\Database\MySQLi\Connection->execute('SELECT idprob, namapelapor, deskripsi FROM tproblems LIMIT \'10\',\'0\'')
 3 SYSTEMPATH\Database\BaseConnection.php(606): CodeIgniter\Database\BaseConnection->simpleQuery('SELECT idprob, namapelapor, deskripsi FROM tproblems LIMIT \'10\',\'0\'')
 4 APPPATH\Models\ModelDashboard.php(28): CodeIgniter\Database\BaseConnection->query('SELECT idprob, namapelapor, deskripsi FROM tproblems LIMIT ?,?', [...])
 5 APPPATH\Controllers\Dashboard.php(25): App\Models\ModelDashboard->queryDashboard('', '0', '10')
 6 SYSTEMPATH\CodeIgniter.php(934): App\Controllers\Dashboard->table_dashboard()
 7 SYSTEMPATH\CodeIgniter.php(499): CodeIgniter\CodeIgniter->runController(Object(App\Controllers\Dashboard))
 8 SYSTEMPATH\CodeIgniter.php(368): CodeIgniter\CodeIgniter->handleRequest(null, Object(Config\Cache), false)
 9 FCPATH\index.php(67): CodeIgniter\CodeIgniter->run()
ERROR - 2023-05-19 08:50:55 --> mysqli_sql_exception: You have an error in your SQL syntax; check the manual that corresponds to your MySQL server version for the right syntax to use near ''0','10'' at line 1 in D:\Project\xampp\htdocs\etask\system\Database\MySQLi\Connection.php:295
Stack trace:
#0 D:\Project\xampp\htdocs\etask\system\Database\MySQLi\Connection.php(295): mysqli->query('SELECT idprob, ...', 0)
#1 D:\Project\xampp\htdocs\etask\system\Database\BaseConnection.php(692): CodeIgniter\Database\MySQLi\Connection->execute('SELECT idprob, ...')
#2 D:\Project\xampp\htdocs\etask\system\Database\BaseConnection.php(606): CodeIgniter\Database\BaseConnection->simpleQuery('SELECT idprob, ...')
#3 D:\Project\xampp\htdocs\etask\app\Models\ModelDashboard.php(28): CodeIgniter\Database\BaseConnection->query('SELECT idprob, ...', Array)
#4 D:\Project\xampp\htdocs\etask\app\Controllers\Dashboard.php(25): App\Models\ModelDashboard->queryDashboard('', '0', '10')
#5 D:\Project\xampp\htdocs\etask\system\CodeIgniter.php(934): App\Controllers\Dashboard->table_dashboard()
#6 D:\Project\xampp\htdocs\etask\system\CodeIgniter.php(499): CodeIgniter\CodeIgniter->runController(Object(App\Controllers\Dashboard))
#7 D:\Project\xampp\htdocs\etask\system\CodeIgniter.php(368): CodeIgniter\CodeIgniter->handleRequest(NULL, Object(Config\Cache), false)
#8 D:\Project\xampp\htdocs\etask\public\index.php(67): CodeIgniter\CodeIgniter->run()
#9 {main}
CRITICAL - 2023-05-19 08:50:55 --> You have an error in your SQL syntax; check the manual that corresponds to your MySQL server version for the right syntax to use near ''0','10'' at line 1
in SYSTEMPATH\Database\MySQLi\Connection.php on line 295.
 1 SYSTEMPATH\Database\MySQLi\Connection.php(295): mysqli->query('SELECT idprob, namapelapor, deskripsi FROM tproblems LIMIT \'0\',\'10\'', 0)
 2 SYSTEMPATH\Database\BaseConnection.php(692): CodeIgniter\Database\MySQLi\Connection->execute('SELECT idprob, namapelapor, deskripsi FROM tproblems LIMIT \'0\',\'10\'')
 3 SYSTEMPATH\Database\BaseConnection.php(606): CodeIgniter\Database\BaseConnection->simpleQuery('SELECT idprob, namapelapor, deskripsi FROM tproblems LIMIT \'0\',\'10\'')
 4 APPPATH\Models\ModelDashboard.php(28): CodeIgniter\Database\BaseConnection->query('SELECT idprob, namapelapor, deskripsi FROM tproblems LIMIT ?,?', [...])
 5 APPPATH\Controllers\Dashboard.php(25): App\Models\ModelDashboard->queryDashboard('', '0', '10')
 6 SYSTEMPATH\CodeIgniter.php(934): App\Controllers\Dashboard->table_dashboard()
 7 SYSTEMPATH\CodeIgniter.php(499): CodeIgniter\CodeIgniter->runController(Object(App\Controllers\Dashboard))
 8 SYSTEMPATH\CodeIgniter.php(368): CodeIgniter\CodeIgniter->handleRequest(null, Object(Config\Cache), false)
 9 FCPATH\index.php(67): CodeIgniter\CodeIgniter->run()
ERROR - 2023-05-19 08:52:39 --> mysqli_sql_exception: You have an error in your SQL syntax; check the manual that corresponds to your MySQL server version for the right syntax to use near ''0','10'' at line 1 in D:\Project\xampp\htdocs\etask\system\Database\MySQLi\Connection.php:295
Stack trace:
#0 D:\Project\xampp\htdocs\etask\system\Database\MySQLi\Connection.php(295): mysqli->query('SELECT idprob, ...', 0)
#1 D:\Project\xampp\htdocs\etask\system\Database\BaseConnection.php(692): CodeIgniter\Database\MySQLi\Connection->execute('SELECT idprob, ...')
#2 D:\Project\xampp\htdocs\etask\system\Database\BaseConnection.php(606): CodeIgniter\Database\BaseConnection->simpleQuery('SELECT idprob, ...')
#3 D:\Project\xampp\htdocs\etask\app\Models\ModelDashboard.php(28): CodeIgniter\Database\BaseConnection->query('SELECT idprob, ...', Array)
#4 D:\Project\xampp\htdocs\etask\app\Controllers\Dashboard.php(25): App\Models\ModelDashboard->queryDashboard('', '0', '10')
#5 D:\Project\xampp\htdocs\etask\system\CodeIgniter.php(934): App\Controllers\Dashboard->table_dashboard()
#6 D:\Project\xampp\htdocs\etask\system\CodeIgniter.php(499): CodeIgniter\CodeIgniter->runController(Object(App\Controllers\Dashboard))
#7 D:\Project\xampp\htdocs\etask\system\CodeIgniter.php(368): CodeIgniter\CodeIgniter->handleRequest(NULL, Object(Config\Cache), false)
#8 D:\Project\xampp\htdocs\etask\public\index.php(67): CodeIgniter\CodeIgniter->run()
#9 {main}
CRITICAL - 2023-05-19 08:52:39 --> You have an error in your SQL syntax; check the manual that corresponds to your MySQL server version for the right syntax to use near ''0','10'' at line 1
in SYSTEMPATH\Database\MySQLi\Connection.php on line 295.
 1 SYSTEMPATH\Database\MySQLi\Connection.php(295): mysqli->query('SELECT idprob, namapelapor, deskripsi FROM tproblems LIMIT \'0\',\'10\' ', 0)
 2 SYSTEMPATH\Database\BaseConnection.php(692): CodeIgniter\Database\MySQLi\Connection->execute('SELECT idprob, namapelapor, deskripsi FROM tproblems LIMIT \'0\',\'10\' ')
 3 SYSTEMPATH\Database\BaseConnection.php(606): CodeIgniter\Database\BaseConnection->simpleQuery('SELECT idprob, namapelapor, deskripsi FROM tproblems LIMIT \'0\',\'10\' ')
 4 APPPATH\Models\ModelDashboard.php(28): CodeIgniter\Database\BaseConnection->query('SELECT idprob, namapelapor, deskripsi FROM tproblems LIMIT ?,? ', [...])
 5 APPPATH\Controllers\Dashboard.php(25): App\Models\ModelDashboard->queryDashboard('', '0', '10')
 6 SYSTEMPATH\CodeIgniter.php(934): App\Controllers\Dashboard->table_dashboard()
 7 SYSTEMPATH\CodeIgniter.php(499): CodeIgniter\CodeIgniter->runController(Object(App\Controllers\Dashboard))
 8 SYSTEMPATH\CodeIgniter.php(368): CodeIgniter\CodeIgniter->handleRequest(null, Object(Config\Cache), false)
 9 FCPATH\index.php(67): CodeIgniter\CodeIgniter->run()
ERROR - 2023-05-19 08:55:58 --> mysqli_sql_exception: You have an error in your SQL syntax; check the manual that corresponds to your MySQL server version for the right syntax to use near ''0','10'' at line 1 in D:\Project\xampp\htdocs\etask\system\Database\MySQLi\Connection.php:295
Stack trace:
#0 D:\Project\xampp\htdocs\etask\system\Database\MySQLi\Connection.php(295): mysqli->query('SELECT idprob, ...', 0)
#1 D:\Project\xampp\htdocs\etask\system\Database\BaseConnection.php(692): CodeIgniter\Database\MySQLi\Connection->execute('SELECT idprob, ...')
#2 D:\Project\xampp\htdocs\etask\system\Database\BaseConnection.php(606): CodeIgniter\Database\BaseConnection->simpleQuery('SELECT idprob, ...')
#3 D:\Project\xampp\htdocs\etask\app\Models\ModelDashboard.php(28): CodeIgniter\Database\BaseConnection->query('SELECT idprob, ...', Array)
#4 D:\Project\xampp\htdocs\etask\app\Controllers\Dashboard.php(25): App\Models\ModelDashboard->queryDashboard('', '0', '10')
#5 D:\Project\xampp\htdocs\etask\system\CodeIgniter.php(934): App\Controllers\Dashboard->table_dashboard()
#6 D:\Project\xampp\htdocs\etask\system\CodeIgniter.php(499): CodeIgniter\CodeIgniter->runController(Object(App\Controllers\Dashboard))
#7 D:\Project\xampp\htdocs\etask\system\CodeIgniter.php(368): CodeIgniter\CodeIgniter->handleRequest(NULL, Object(Config\Cache), false)
#8 D:\Project\xampp\htdocs\etask\public\index.php(67): CodeIgniter\CodeIgniter->run()
#9 {main}
CRITICAL - 2023-05-19 08:55:58 --> You have an error in your SQL syntax; check the manual that corresponds to your MySQL server version for the right syntax to use near ''0','10'' at line 1
in SYSTEMPATH\Database\MySQLi\Connection.php on line 295.
 1 SYSTEMPATH\Database\MySQLi\Connection.php(295): mysqli->query('SELECT idprob, namapelapor, deskripsi FROM tproblems LIMIT \'0\',\'10\' ', 0)
 2 SYSTEMPATH\Database\BaseConnection.php(692): CodeIgniter\Database\MySQLi\Connection->execute('SELECT idprob, namapelapor, deskripsi FROM tproblems LIMIT \'0\',\'10\' ')
 3 SYSTEMPATH\Database\BaseConnection.php(606): CodeIgniter\Database\BaseConnection->simpleQuery('SELECT idprob, namapelapor, deskripsi FROM tproblems LIMIT \'0\',\'10\' ')
 4 APPPATH\Models\ModelDashboard.php(28): CodeIgniter\Database\BaseConnection->query('SELECT idprob, namapelapor, deskripsi FROM tproblems LIMIT ?,? ', [...])
 5 APPPATH\Controllers\Dashboard.php(25): App\Models\ModelDashboard->queryDashboard('', '0', '10')
 6 SYSTEMPATH\CodeIgniter.php(934): App\Controllers\Dashboard->table_dashboard()
 7 SYSTEMPATH\CodeIgniter.php(499): CodeIgniter\CodeIgniter->runController(Object(App\Controllers\Dashboard))
 8 SYSTEMPATH\CodeIgniter.php(368): CodeIgniter\CodeIgniter->handleRequest(null, Object(Config\Cache), false)
 9 FCPATH\index.php(67): CodeIgniter\CodeIgniter->run()
ERROR - 2023-05-19 08:58:16 --> mysqli_sql_exception: You have an error in your SQL syntax; check the manual that corresponds to your MySQL server version for the right syntax to use near ''0','10'' at line 1 in D:\Project\xampp\htdocs\etask\system\Database\MySQLi\Connection.php:295
Stack trace:
#0 D:\Project\xampp\htdocs\etask\system\Database\MySQLi\Connection.php(295): mysqli->query('SELECT idprob, ...', 0)
#1 D:\Project\xampp\htdocs\etask\system\Database\BaseConnection.php(692): CodeIgniter\Database\MySQLi\Connection->execute('SELECT idprob, ...')
#2 D:\Project\xampp\htdocs\etask\system\Database\BaseConnection.php(606): CodeIgniter\Database\BaseConnection->simpleQuery('SELECT idprob, ...')
#3 D:\Project\xampp\htdocs\etask\app\Models\ModelDashboard.php(28): CodeIgniter\Database\BaseConnection->query('SELECT idprob, ...', Array)
#4 D:\Project\xampp\htdocs\etask\app\Controllers\Dashboard.php(25): App\Models\ModelDashboard->queryDashboard('', '0', '10')
#5 D:\Project\xampp\htdocs\etask\system\CodeIgniter.php(934): App\Controllers\Dashboard->table_dashboard()
#6 D:\Project\xampp\htdocs\etask\system\CodeIgniter.php(499): CodeIgniter\CodeIgniter->runController(Object(App\Controllers\Dashboard))
#7 D:\Project\xampp\htdocs\etask\system\CodeIgniter.php(368): CodeIgniter\CodeIgniter->handleRequest(NULL, Object(Config\Cache), false)
#8 D:\Project\xampp\htdocs\etask\public\index.php(67): CodeIgniter\CodeIgniter->run()
#9 {main}
CRITICAL - 2023-05-19 08:58:16 --> You have an error in your SQL syntax; check the manual that corresponds to your MySQL server version for the right syntax to use near ''0','10'' at line 1
in SYSTEMPATH\Database\MySQLi\Connection.php on line 295.
 1 SYSTEMPATH\Database\MySQLi\Connection.php(295): mysqli->query('SELECT idprob, namapelapor, deskripsi FROM tproblems LIMIT \'0\',\'10\' ', 0)
 2 SYSTEMPATH\Database\BaseConnection.php(692): CodeIgniter\Database\MySQLi\Connection->execute('SELECT idprob, namapelapor, deskripsi FROM tproblems LIMIT \'0\',\'10\' ')
 3 SYSTEMPATH\Database\BaseConnection.php(606): CodeIgniter\Database\BaseConnection->simpleQuery('SELECT idprob, namapelapor, deskripsi FROM tproblems LIMIT \'0\',\'10\' ')
 4 APPPATH\Models\ModelDashboard.php(28): CodeIgniter\Database\BaseConnection->query('SELECT idprob, namapelapor, deskripsi FROM tproblems LIMIT ?,? ', [...])
 5 APPPATH\Controllers\Dashboard.php(25): App\Models\ModelDashboard->queryDashboard('', '0', '10')
 6 SYSTEMPATH\CodeIgniter.php(934): App\Controllers\Dashboard->table_dashboard()
 7 SYSTEMPATH\CodeIgniter.php(499): CodeIgniter\CodeIgniter->runController(Object(App\Controllers\Dashboard))
 8 SYSTEMPATH\CodeIgniter.php(368): CodeIgniter\CodeIgniter->handleRequest(null, Object(Config\Cache), false)
 9 FCPATH\index.php(67): CodeIgniter\CodeIgniter->run()
ERROR - 2023-05-19 08:59:22 --> mysqli_sql_exception: You have an error in your SQL syntax; check the manual that corresponds to your MySQL server version for the right syntax to use near ''0','10'' at line 1 in D:\Project\xampp\htdocs\etask\system\Database\MySQLi\Connection.php:295
Stack trace:
#0 D:\Project\xampp\htdocs\etask\system\Database\MySQLi\Connection.php(295): mysqli->query('SELECT idprob, ...', 0)
#1 D:\Project\xampp\htdocs\etask\system\Database\BaseConnection.php(692): CodeIgniter\Database\MySQLi\Connection->execute('SELECT idprob, ...')
#2 D:\Project\xampp\htdocs\etask\system\Database\BaseConnection.php(606): CodeIgniter\Database\BaseConnection->simpleQuery('SELECT idprob, ...')
#3 D:\Project\xampp\htdocs\etask\app\Models\ModelDashboard.php(28): CodeIgniter\Database\BaseConnection->query('SELECT idprob, ...', Array)
#4 D:\Project\xampp\htdocs\etask\app\Controllers\Dashboard.php(25): App\Models\ModelDashboard->queryDashboard('', '0', '10')
#5 D:\Project\xampp\htdocs\etask\system\CodeIgniter.php(934): App\Controllers\Dashboard->table_dashboard()
#6 D:\Project\xampp\htdocs\etask\system\CodeIgniter.php(499): CodeIgniter\CodeIgniter->runController(Object(App\Controllers\Dashboard))
#7 D:\Project\xampp\htdocs\etask\system\CodeIgniter.php(368): CodeIgniter\CodeIgniter->handleRequest(NULL, Object(Config\Cache), false)
#8 D:\Project\xampp\htdocs\etask\public\index.php(67): CodeIgniter\CodeIgniter->run()
#9 {main}
CRITICAL - 2023-05-19 08:59:22 --> You have an error in your SQL syntax; check the manual that corresponds to your MySQL server version for the right syntax to use near ''0','10'' at line 1
in SYSTEMPATH\Database\MySQLi\Connection.php on line 295.
 1 SYSTEMPATH\Database\MySQLi\Connection.php(295): mysqli->query('SELECT idprob, namapelapor, deskripsi FROM tproblems LIMIT \'0\',\'10\' ', 0)
 2 SYSTEMPATH\Database\BaseConnection.php(692): CodeIgniter\Database\MySQLi\Connection->execute('SELECT idprob, namapelapor, deskripsi FROM tproblems LIMIT \'0\',\'10\' ')
 3 SYSTEMPATH\Database\BaseConnection.php(606): CodeIgniter\Database\BaseConnection->simpleQuery('SELECT idprob, namapelapor, deskripsi FROM tproblems LIMIT \'0\',\'10\' ')
 4 APPPATH\Models\ModelDashboard.php(28): CodeIgniter\Database\BaseConnection->query('SELECT idprob, namapelapor, deskripsi FROM tproblems LIMIT ?,? ', [...])
 5 APPPATH\Controllers\Dashboard.php(25): App\Models\ModelDashboard->queryDashboard('', '0', '10')
 6 SYSTEMPATH\CodeIgniter.php(934): App\Controllers\Dashboard->table_dashboard()
 7 SYSTEMPATH\CodeIgniter.php(499): CodeIgniter\CodeIgniter->runController(Object(App\Controllers\Dashboard))
 8 SYSTEMPATH\CodeIgniter.php(368): CodeIgniter\CodeIgniter->handleRequest(null, Object(Config\Cache), false)
 9 FCPATH\index.php(67): CodeIgniter\CodeIgniter->run()
ERROR - 2023-05-19 09:00:21 --> mysqli_sql_exception: You have an error in your SQL syntax; check the manual that corresponds to your MySQL server version for the right syntax to use near ''0','10'' at line 1 in D:\Project\xampp\htdocs\etask\system\Database\MySQLi\Connection.php:295
Stack trace:
#0 D:\Project\xampp\htdocs\etask\system\Database\MySQLi\Connection.php(295): mysqli->query('SELECT idprob, ...', 0)
#1 D:\Project\xampp\htdocs\etask\system\Database\BaseConnection.php(692): CodeIgniter\Database\MySQLi\Connection->execute('SELECT idprob, ...')
#2 D:\Project\xampp\htdocs\etask\system\Database\BaseConnection.php(606): CodeIgniter\Database\BaseConnection->simpleQuery('SELECT idprob, ...')
#3 D:\Project\xampp\htdocs\etask\app\Models\ModelDashboard.php(28): CodeIgniter\Database\BaseConnection->query('SELECT idprob, ...', Array)
#4 D:\Project\xampp\htdocs\etask\app\Controllers\Dashboard.php(25): App\Models\ModelDashboard->queryDashboard('', '0', '10')
#5 D:\Project\xampp\htdocs\etask\system\CodeIgniter.php(934): App\Controllers\Dashboard->table_dashboard()
#6 D:\Project\xampp\htdocs\etask\system\CodeIgniter.php(499): CodeIgniter\CodeIgniter->runController(Object(App\Controllers\Dashboard))
#7 D:\Project\xampp\htdocs\etask\system\CodeIgniter.php(368): CodeIgniter\CodeIgniter->handleRequest(NULL, Object(Config\Cache), false)
#8 D:\Project\xampp\htdocs\etask\public\index.php(67): CodeIgniter\CodeIgniter->run()
#9 {main}
CRITICAL - 2023-05-19 09:00:21 --> You have an error in your SQL syntax; check the manual that corresponds to your MySQL server version for the right syntax to use near ''0','10'' at line 1
in SYSTEMPATH\Database\MySQLi\Connection.php on line 295.
 1 SYSTEMPATH\Database\MySQLi\Connection.php(295): mysqli->query('SELECT idprob, namapelapor, deskripsi FROM tproblems LIMIT \'0\',\'10\' ', 0)
 2 SYSTEMPATH\Database\BaseConnection.php(692): CodeIgniter\Database\MySQLi\Connection->execute('SELECT idprob, namapelapor, deskripsi FROM tproblems LIMIT \'0\',\'10\' ')
 3 SYSTEMPATH\Database\BaseConnection.php(606): CodeIgniter\Database\BaseConnection->simpleQuery('SELECT idprob, namapelapor, deskripsi FROM tproblems LIMIT \'0\',\'10\' ')
 4 APPPATH\Models\ModelDashboard.php(28): CodeIgniter\Database\BaseConnection->query('SELECT idprob, namapelapor, deskripsi FROM tproblems LIMIT ?,? ', [...])
 5 APPPATH\Controllers\Dashboard.php(25): App\Models\ModelDashboard->queryDashboard('', '0', '10')
 6 SYSTEMPATH\CodeIgniter.php(934): App\Controllers\Dashboard->table_dashboard()
 7 SYSTEMPATH\CodeIgniter.php(499): CodeIgniter\CodeIgniter->runController(Object(App\Controllers\Dashboard))
 8 SYSTEMPATH\CodeIgniter.php(368): CodeIgniter\CodeIgniter->handleRequest(null, Object(Config\Cache), false)
 9 FCPATH\index.php(67): CodeIgniter\CodeIgniter->run()
