CRITICAL - 2023-05-17 01:18:12 --> Undefined variable: title
in APPPATH\Views\layout\main_view.php on line 4.
 1 APPPATH\Views\layout\main_view.php(4): CodeIgniter\Debug\Exceptions->errorHandler(8, 'Undefined variable: title', 'D:\\Project\\xampp\\htdocs\\etask\\app\\Views\\layout\\main_view.php', 4, [])
 2 SYSTEMPATH\View\View.php(213): include('D:\\Project\\xampp\\htdocs\\etask\\app\\Views\\layout\\main_view.php')
 3 SYSTEMPATH\View\View.php(216): CodeIgniter\View\View->CodeIgniter\View\{closure}()
 4 SYSTEMPATH\View\View.php(229): CodeIgniter\View\View->render('layout/main_view', [], true)
 5 SYSTEMPATH\Common.php(1184): CodeIgniter\View\View->render('welcome_message', [], true)
 6 APPPATH\Controllers\Home.php(9): view('welcome_message')
 7 SYSTEMPATH\CodeIgniter.php(934): App\Controllers\Home->index()
 8 SYSTEMPATH\CodeIgniter.php(499): CodeIgniter\CodeIgniter->runController(Object(App\Controllers\Home))
 9 SYSTEMPATH\CodeIgniter.php(368): CodeIgniter\CodeIgniter->handleRequest(null, Object(Config\Cache), false)
10 FCPATH\index.php(67): CodeIgniter\CodeIgniter->run()
CRITICAL - 2023-05-17 01:19:26 --> Undefined variable: title
in APPPATH\Views\layout\main_view.php on line 4.
 1 APPPATH\Views\layout\main_view.php(4): CodeIgniter\Debug\Exceptions->errorHandler(8, 'Undefined variable: title', 'D:\\Project\\xampp\\htdocs\\etask\\app\\Views\\layout\\main_view.php', 4, [])
 2 SYSTEMPATH\View\View.php(213): include('D:\\Project\\xampp\\htdocs\\etask\\app\\Views\\layout\\main_view.php')
 3 SYSTEMPATH\View\View.php(216): CodeIgniter\View\View->CodeIgniter\View\{closure}()
 4 SYSTEMPATH\View\View.php(229): CodeIgniter\View\View->render('layout/main_view', [], true)
 5 SYSTEMPATH\Common.php(1184): CodeIgniter\View\View->render('welcome_message', [], true)
 6 APPPATH\Controllers\Home.php(9): view('welcome_message')
 7 SYSTEMPATH\CodeIgniter.php(934): App\Controllers\Home->index()
 8 SYSTEMPATH\CodeIgniter.php(499): CodeIgniter\CodeIgniter->runController(Object(App\Controllers\Home))
 9 SYSTEMPATH\CodeIgniter.php(368): CodeIgniter\CodeIgniter->handleRequest(null, Object(Config\Cache), false)
10 FCPATH\index.php(67): CodeIgniter\CodeIgniter->run()
CRITICAL - 2023-05-17 01:36:37 --> Too few arguments to function App\Models\ModelDashboard::__construct(), 0 passed in D:\Project\xampp\htdocs\etask\app\Controllers\Dashboard.php on line 10 and exactly 1 expected
in APPPATH\Models\ModelDashboard.php on line 35.
 1 APPPATH\Controllers\Dashboard.php(10): App\Models\ModelDashboard->__construct()
 2 SYSTEMPATH\CodeIgniter.php(934): App\Controllers\Dashboard->index()
 3 SYSTEMPATH\CodeIgniter.php(499): CodeIgniter\CodeIgniter->runController(Object(App\Controllers\Dashboard))
 4 SYSTEMPATH\CodeIgniter.php(368): CodeIgniter\CodeIgniter->handleRequest(null, Object(Config\Cache), false)
 5 FCPATH\index.php(67): CodeIgniter\CodeIgniter->run()
CRITICAL - 2023-05-17 01:37:00 --> Undefined index: idProb
in APPPATH\Views\dashboard_view.php on line 61.
 1 APPPATH\Views\dashboard_view.php(61): CodeIgniter\Debug\Exceptions->errorHandler(8, 'Undefined index: idProb', 'D:\\Project\\xampp\\htdocs\\etask\\app\\Views\\dashboard_view.php', 61, [...])
 2 SYSTEMPATH\View\View.php(213): include('D:\\Project\\xampp\\htdocs\\etask\\app\\Views\\dashboard_view.php')
 3 SYSTEMPATH\View\View.php(216): CodeIgniter\View\View->CodeIgniter\View\{closure}()
 4 SYSTEMPATH\Common.php(1184): CodeIgniter\View\View->render('dashboard_view', [], true)
 5 APPPATH\Controllers\Dashboard.php(12): view('dashboard_view', [...])
 6 SYSTEMPATH\CodeIgniter.php(934): App\Controllers\Dashboard->index()
 7 SYSTEMPATH\CodeIgniter.php(499): CodeIgniter\CodeIgniter->runController(Object(App\Controllers\Dashboard))
 8 SYSTEMPATH\CodeIgniter.php(368): CodeIgniter\CodeIgniter->handleRequest(null, Object(Config\Cache), false)
 9 FCPATH\index.php(67): CodeIgniter\CodeIgniter->run()
ERROR - 2023-05-17 03:53:58 --> mysqli_sql_exception: You have an error in your SQL syntax; check the manual that corresponds to your MySQL server version for the right syntax to use near '-1' at line 4 in D:\Project\xampp\htdocs\etask\system\Database\MySQLi\Connection.php:295
Stack trace:
#0 D:\Project\xampp\htdocs\etask\system\Database\MySQLi\Connection.php(295): mysqli->query('SELECT *\nFROM `...', 0)
#1 D:\Project\xampp\htdocs\etask\system\Database\BaseConnection.php(692): CodeIgniter\Database\MySQLi\Connection->execute('SELECT *\nFROM `...')
#2 D:\Project\xampp\htdocs\etask\system\Database\BaseConnection.php(606): CodeIgniter\Database\BaseConnection->simpleQuery('SELECT *\nFROM `...')
#3 D:\Project\xampp\htdocs\etask\system\Database\BaseBuilder.php(1616): CodeIgniter\Database\BaseConnection->query('SELECT *\nFROM `...', Array, false)
#4 D:\Project\xampp\htdocs\etask\system\Model.php(840): CodeIgniter\Database\BaseBuilder->get()
#5 D:\Project\xampp\htdocs\etask\app\Models\ModelDashboard.php(25): CodeIgniter\Model->__call('get', Array)
#6 D:\Project\xampp\htdocs\etask\app\Controllers\Dashboard.php(23): App\Models\ModelDashboard->searchAndDisplay('', '0', '-1')
#7 D:\Project\xampp\htdocs\etask\system\CodeIgniter.php(934): App\Controllers\Dashboard->dashboardAjax()
#8 D:\Project\xampp\htdocs\etask\system\CodeIgniter.php(499): CodeIgniter\CodeIgniter->runController(Object(App\Controllers\Dashboard))
#9 D:\Project\xampp\htdocs\etask\system\CodeIgniter.php(368): CodeIgniter\CodeIgniter->handleRequest(NULL, Object(Config\Cache), false)
#10 D:\Project\xampp\htdocs\etask\public\index.php(67): CodeIgniter\CodeIgniter->run()
#11 {main}
CRITICAL - 2023-05-17 03:53:58 --> You have an error in your SQL syntax; check the manual that corresponds to your MySQL server version for the right syntax to use near '-1' at line 4
in SYSTEMPATH\Database\MySQLi\Connection.php on line 295.
 1 SYSTEMPATH\Database\MySQLi\Connection.php(295): mysqli->query('SELECT *
FROM `tproblems`
ORDER BY `idprob`
 LIMIT -1', 0)
 2 SYSTEMPATH\Database\BaseConnection.php(692): CodeIgniter\Database\MySQLi\Connection->execute('SELECT *
FROM `tproblems`
ORDER BY `idprob`
 LIMIT -1')
 3 SYSTEMPATH\Database\BaseConnection.php(606): CodeIgniter\Database\BaseConnection->simpleQuery('SELECT *
FROM `tproblems`
ORDER BY `idprob`
 LIMIT -1')
 4 SYSTEMPATH\Database\BaseBuilder.php(1616): CodeIgniter\Database\BaseConnection->query('SELECT *
FROM `tproblems`
ORDER BY `idprob`
 LIMIT -1', [], false)
 5 SYSTEMPATH\Model.php(840): CodeIgniter\Database\BaseBuilder->get()
 6 APPPATH\Models\ModelDashboard.php(25): CodeIgniter\Model->__call('get', [])
 7 APPPATH\Controllers\Dashboard.php(23): App\Models\ModelDashboard->searchAndDisplay('', '0', '-1')
 8 SYSTEMPATH\CodeIgniter.php(934): App\Controllers\Dashboard->dashboardAjax()
 9 SYSTEMPATH\CodeIgniter.php(499): CodeIgniter\CodeIgniter->runController(Object(App\Controllers\Dashboard))
10 SYSTEMPATH\CodeIgniter.php(368): CodeIgniter\CodeIgniter->handleRequest(null, Object(Config\Cache), false)
11 FCPATH\index.php(67): CodeIgniter\CodeIgniter->run()
CRITICAL - 2023-05-17 04:39:28 --> Call to a member function findAll() on array
in APPPATH\Controllers\Dashboard.php on line 11.
 1 SYSTEMPATH\CodeIgniter.php(934): App\Controllers\Dashboard->index()
 2 SYSTEMPATH\CodeIgniter.php(499): CodeIgniter\CodeIgniter->runController(Object(App\Controllers\Dashboard))
 3 SYSTEMPATH\CodeIgniter.php(368): CodeIgniter\CodeIgniter->handleRequest(null, Object(Config\Cache), false)
 4 FCPATH\index.php(67): CodeIgniter\CodeIgniter->run()
CRITICAL - 2023-05-17 04:39:29 --> Call to undefined method CodeIgniter\Database\MySQLi\Result::limit()
in APPPATH\Models\ModelDashboard.php on line 59.
 1 APPPATH\Controllers\Dashboard.php(24): App\Models\ModelDashboard->searchAndDisplay('', '50', '10')
 2 SYSTEMPATH\CodeIgniter.php(934): App\Controllers\Dashboard->dashboardAjax()
 3 SYSTEMPATH\CodeIgniter.php(499): CodeIgniter\CodeIgniter->runController(Object(App\Controllers\Dashboard))
 4 SYSTEMPATH\CodeIgniter.php(368): CodeIgniter\CodeIgniter->handleRequest(null, Object(Config\Cache), false)
 5 FCPATH\index.php(67): CodeIgniter\CodeIgniter->run()
CRITICAL - 2023-05-17 04:40:11 --> Call to undefined method CodeIgniter\Database\MySQLi\Result::limit()
in APPPATH\Models\ModelDashboard.php on line 59.
 1 APPPATH\Controllers\Dashboard.php(24): App\Models\ModelDashboard->searchAndDisplay('', '40', '10')
 2 SYSTEMPATH\CodeIgniter.php(934): App\Controllers\Dashboard->dashboardAjax()
 3 SYSTEMPATH\CodeIgniter.php(499): CodeIgniter\CodeIgniter->runController(Object(App\Controllers\Dashboard))
 4 SYSTEMPATH\CodeIgniter.php(368): CodeIgniter\CodeIgniter->handleRequest(null, Object(Config\Cache), false)
 5 FCPATH\index.php(67): CodeIgniter\CodeIgniter->run()
CRITICAL - 2023-05-17 04:42:35 --> Call to undefined method CodeIgniter\Database\MySQLi\Result::limit()
in APPPATH\Models\ModelDashboard.php on line 59.
 1 APPPATH\Controllers\Dashboard.php(24): App\Models\ModelDashboard->searchAndDisplay('', '40', '10')
 2 SYSTEMPATH\CodeIgniter.php(934): App\Controllers\Dashboard->dashboardAjax()
 3 SYSTEMPATH\CodeIgniter.php(499): CodeIgniter\CodeIgniter->runController(Object(App\Controllers\Dashboard))
 4 SYSTEMPATH\CodeIgniter.php(368): CodeIgniter\CodeIgniter->handleRequest(null, Object(Config\Cache), false)
 5 FCPATH\index.php(67): CodeIgniter\CodeIgniter->run()
CRITICAL - 2023-05-17 04:50:53 --> Call to undefined method CodeIgniter\Database\MySQLi\Result::limit()
in APPPATH\Models\ModelDashboard.php on line 59.
 1 APPPATH\Controllers\Dashboard.php(24): App\Models\ModelDashboard->searchAndDisplay('', '40', '10')
 2 SYSTEMPATH\CodeIgniter.php(934): App\Controllers\Dashboard->dashboardAjax()
 3 SYSTEMPATH\CodeIgniter.php(499): CodeIgniter\CodeIgniter->runController(Object(App\Controllers\Dashboard))
 4 SYSTEMPATH\CodeIgniter.php(368): CodeIgniter\CodeIgniter->handleRequest(null, Object(Config\Cache), false)
 5 FCPATH\index.php(67): CodeIgniter\CodeIgniter->run()
CRITICAL - 2023-05-17 05:00:28 --> Call to undefined method CodeIgniter\Database\MySQLi\Result::limit()
in APPPATH\Models\ModelDashboard.php on line 59.
 1 APPPATH\Controllers\Dashboard.php(24): App\Models\ModelDashboard->searchAndDisplay('', '40', '10')
 2 SYSTEMPATH\CodeIgniter.php(934): App\Controllers\Dashboard->dashboardAjax()
 3 SYSTEMPATH\CodeIgniter.php(499): CodeIgniter\CodeIgniter->runController(Object(App\Controllers\Dashboard))
 4 SYSTEMPATH\CodeIgniter.php(368): CodeIgniter\CodeIgniter->handleRequest(null, Object(Config\Cache), false)
 5 FCPATH\index.php(67): CodeIgniter\CodeIgniter->run()
CRITICAL - 2023-05-17 08:11:08 --> Call to undefined method CodeIgniter\Database\MySQLi\Result::result_array()
in APPPATH\Models\ModelDashboard.php on line 16.
 1 APPPATH\Controllers\Dashboard.php(24): App\Models\ModelDashboard->queryDashboard()
 2 SYSTEMPATH\CodeIgniter.php(934): App\Controllers\Dashboard->dashboardAjax()
 3 SYSTEMPATH\CodeIgniter.php(499): CodeIgniter\CodeIgniter->runController(Object(App\Controllers\Dashboard))
 4 SYSTEMPATH\CodeIgniter.php(368): CodeIgniter\CodeIgniter->handleRequest(null, Object(Config\Cache), false)
 5 FCPATH\index.php(67): CodeIgniter\CodeIgniter->run()
CRITICAL - 2023-05-17 08:20:32 --> Undefined property: App\Controllers\Dashboard::$db
in APPPATH\Controllers\Dashboard.php on line 20.
 1 APPPATH\Controllers\Dashboard.php(20): CodeIgniter\Debug\Exceptions->errorHandler(8, 'Undefined property: App\\Controllers\\Dashboard::$db', 'D:\\Project\\xampp\\htdocs\\etask\\app\\Controllers\\Dashboard.php', 20, [...])
 2 SYSTEMPATH\CodeIgniter.php(934): App\Controllers\Dashboard->queryDashboard()
 3 SYSTEMPATH\CodeIgniter.php(499): CodeIgniter\CodeIgniter->runController(Object(App\Controllers\Dashboard))
 4 SYSTEMPATH\CodeIgniter.php(368): CodeIgniter\CodeIgniter->handleRequest(null, Object(Config\Cache), false)
 5 FCPATH\index.php(67): CodeIgniter\CodeIgniter->run()
CRITICAL - 2023-05-17 09:11:41 --> Undefined property: App\Controllers\Dashboard::$db
in APPPATH\Controllers\Dashboard.php on line 20.
 1 APPPATH\Controllers\Dashboard.php(20): CodeIgniter\Debug\Exceptions->errorHandler(8, 'Undefined property: App\\Controllers\\Dashboard::$db', 'D:\\Project\\xampp\\htdocs\\etask\\app\\Controllers\\Dashboard.php', 20, [...])
 2 SYSTEMPATH\CodeIgniter.php(934): App\Controllers\Dashboard->queryDashboard()
 3 SYSTEMPATH\CodeIgniter.php(499): CodeIgniter\CodeIgniter->runController(Object(App\Controllers\Dashboard))
 4 SYSTEMPATH\CodeIgniter.php(368): CodeIgniter\CodeIgniter->handleRequest(null, Object(Config\Cache), false)
 5 FCPATH\index.php(67): CodeIgniter\CodeIgniter->run()
CRITICAL - 2023-05-17 09:12:11 --> Call to undefined method CodeIgniter\Database\MySQLi\Result::result()
in APPPATH\Models\ModelDashboard.php on line 13.
 1 APPPATH\Controllers\Dashboard.php(34): App\Models\ModelDashboard->queryDashboard()
 2 SYSTEMPATH\CodeIgniter.php(934): App\Controllers\Dashboard->dashboardAjax()
 3 SYSTEMPATH\CodeIgniter.php(499): CodeIgniter\CodeIgniter->runController(Object(App\Controllers\Dashboard))
 4 SYSTEMPATH\CodeIgniter.php(368): CodeIgniter\CodeIgniter->handleRequest(null, Object(Config\Cache), false)
 5 FCPATH\index.php(67): CodeIgniter\CodeIgniter->run()
CRITICAL - 2023-05-17 09:12:18 --> Undefined property: App\Controllers\Dashboard::$db
in APPPATH\Controllers\Dashboard.php on line 20.
 1 APPPATH\Controllers\Dashboard.php(20): CodeIgniter\Debug\Exceptions->errorHandler(8, 'Undefined property: App\\Controllers\\Dashboard::$db', 'D:\\Project\\xampp\\htdocs\\etask\\app\\Controllers\\Dashboard.php', 20, [...])
 2 SYSTEMPATH\CodeIgniter.php(934): App\Controllers\Dashboard->queryDashboard()
 3 SYSTEMPATH\CodeIgniter.php(499): CodeIgniter\CodeIgniter->runController(Object(App\Controllers\Dashboard))
 4 SYSTEMPATH\CodeIgniter.php(368): CodeIgniter\CodeIgniter->handleRequest(null, Object(Config\Cache), false)
 5 FCPATH\index.php(67): CodeIgniter\CodeIgniter->run()
CRITICAL - 2023-05-17 09:12:32 --> Undefined property: App\Controllers\Dashboard::$db
in APPPATH\Controllers\Dashboard.php on line 20.
 1 APPPATH\Controllers\Dashboard.php(20): CodeIgniter\Debug\Exceptions->errorHandler(8, 'Undefined property: App\\Controllers\\Dashboard::$db', 'D:\\Project\\xampp\\htdocs\\etask\\app\\Controllers\\Dashboard.php', 20, [...])
 2 SYSTEMPATH\CodeIgniter.php(934): App\Controllers\Dashboard->queryDashboard()
 3 SYSTEMPATH\CodeIgniter.php(499): CodeIgniter\CodeIgniter->runController(Object(App\Controllers\Dashboard))
 4 SYSTEMPATH\CodeIgniter.php(368): CodeIgniter\CodeIgniter->handleRequest(null, Object(Config\Cache), false)
 5 FCPATH\index.php(67): CodeIgniter\CodeIgniter->run()
CRITICAL - 2023-05-17 09:12:41 --> Undefined property: App\Controllers\Dashboard::$db
in APPPATH\Controllers\Dashboard.php on line 20.
 1 APPPATH\Controllers\Dashboard.php(20): CodeIgniter\Debug\Exceptions->errorHandler(8, 'Undefined property: App\\Controllers\\Dashboard::$db', 'D:\\Project\\xampp\\htdocs\\etask\\app\\Controllers\\Dashboard.php', 20, [...])
 2 SYSTEMPATH\CodeIgniter.php(934): App\Controllers\Dashboard->queryDashboard()
 3 SYSTEMPATH\CodeIgniter.php(499): CodeIgniter\CodeIgniter->runController(Object(App\Controllers\Dashboard))
 4 SYSTEMPATH\CodeIgniter.php(368): CodeIgniter\CodeIgniter->handleRequest(null, Object(Config\Cache), false)
 5 FCPATH\index.php(67): CodeIgniter\CodeIgniter->run()
CRITICAL - 2023-05-17 09:13:08 --> Undefined property: App\Controllers\Dashboard::$db
in APPPATH\Controllers\Dashboard.php on line 18.
 1 APPPATH\Controllers\Dashboard.php(18): CodeIgniter\Debug\Exceptions->errorHandler(8, 'Undefined property: App\\Controllers\\Dashboard::$db', 'D:\\Project\\xampp\\htdocs\\etask\\app\\Controllers\\Dashboard.php', 18, [])
 2 SYSTEMPATH\CodeIgniter.php(934): App\Controllers\Dashboard->queryDashboard()
 3 SYSTEMPATH\CodeIgniter.php(499): CodeIgniter\CodeIgniter->runController(Object(App\Controllers\Dashboard))
 4 SYSTEMPATH\CodeIgniter.php(368): CodeIgniter\CodeIgniter->handleRequest(null, Object(Config\Cache), false)
 5 FCPATH\index.php(67): CodeIgniter\CodeIgniter->run()
CRITICAL - 2023-05-17 09:13:45 --> Class 'Config\BaseController' not found
in APPPATH\Controllers\Dashboard.php on line 10.
 1 SYSTEMPATH\Autoloader\Autoloader.php(312): include_once()
 2 SYSTEMPATH\Autoloader\Autoloader.php(289): CodeIgniter\Autoloader\Autoloader->includeFile('D:\\Project\\xampp\\htdocs\\etask\\app\\Controllers\\Dashboard.php')
 3 SYSTEMPATH\Autoloader\Autoloader.php(267): CodeIgniter\Autoloader\Autoloader->loadInNamespace('App\\Controllers\\Dashboard')
 4 [internal function]: CodeIgniter\Autoloader\Autoloader->loadClass('App\\Controllers\\Dashboard')
 5 [internal function]: spl_autoload_call('App\\Controllers\\Dashboard')
 6 SYSTEMPATH\CodeIgniter.php(892): class_exists('\\App\\Controllers\\Dashboard', true)
 7 SYSTEMPATH\CodeIgniter.php(486): CodeIgniter\CodeIgniter->startController()
 8 SYSTEMPATH\CodeIgniter.php(368): CodeIgniter\CodeIgniter->handleRequest(null, Object(Config\Cache), false)
 9 FCPATH\index.php(67): CodeIgniter\CodeIgniter->run()
CRITICAL - 2023-05-17 09:14:02 --> Undefined property: App\Controllers\Dashboard::$db
in APPPATH\Controllers\Dashboard.php on line 20.
 1 APPPATH\Controllers\Dashboard.php(20): CodeIgniter\Debug\Exceptions->errorHandler(8, 'Undefined property: App\\Controllers\\Dashboard::$db', 'D:\\Project\\xampp\\htdocs\\etask\\app\\Controllers\\Dashboard.php', 20, [])
 2 SYSTEMPATH\CodeIgniter.php(934): App\Controllers\Dashboard->queryDashboard()
 3 SYSTEMPATH\CodeIgniter.php(499): CodeIgniter\CodeIgniter->runController(Object(App\Controllers\Dashboard))
 4 SYSTEMPATH\CodeIgniter.php(368): CodeIgniter\CodeIgniter->handleRequest(null, Object(Config\Cache), false)
 5 FCPATH\index.php(67): CodeIgniter\CodeIgniter->run()
CRITICAL - 2023-05-17 09:15:14 --> Undefined property: App\Controllers\Dashboard::$db
in APPPATH\Controllers\Dashboard.php on line 21.
 1 APPPATH\Controllers\Dashboard.php(21): CodeIgniter\Debug\Exceptions->errorHandler(8, 'Undefined property: App\\Controllers\\Dashboard::$db', 'D:\\Project\\xampp\\htdocs\\etask\\app\\Controllers\\Dashboard.php', 21, [...])
 2 SYSTEMPATH\CodeIgniter.php(934): App\Controllers\Dashboard->queryDashboard()
 3 SYSTEMPATH\CodeIgniter.php(499): CodeIgniter\CodeIgniter->runController(Object(App\Controllers\Dashboard))
 4 SYSTEMPATH\CodeIgniter.php(368): CodeIgniter\CodeIgniter->handleRequest(null, Object(Config\Cache), false)
 5 FCPATH\index.php(67): CodeIgniter\CodeIgniter->run()
CRITICAL - 2023-05-17 09:15:38 --> Undefined property: App\Controllers\Dashboard::$db
in APPPATH\Controllers\Dashboard.php on line 21.
 1 APPPATH\Controllers\Dashboard.php(21): CodeIgniter\Debug\Exceptions->errorHandler(8, 'Undefined property: App\\Controllers\\Dashboard::$db', 'D:\\Project\\xampp\\htdocs\\etask\\app\\Controllers\\Dashboard.php', 21, [...])
 2 SYSTEMPATH\CodeIgniter.php(934): App\Controllers\Dashboard->queryDashboard()
 3 SYSTEMPATH\CodeIgniter.php(499): CodeIgniter\CodeIgniter->runController(Object(App\Controllers\Dashboard))
 4 SYSTEMPATH\CodeIgniter.php(368): CodeIgniter\CodeIgniter->handleRequest(null, Object(Config\Cache), false)
 5 FCPATH\index.php(67): CodeIgniter\CodeIgniter->run()
CRITICAL - 2023-05-17 09:18:45 --> Class 'CodeIgniter\Model\ModelDashboard' not found
in APPPATH\Controllers\Dashboard.php on line 13.
 1 SYSTEMPATH\CodeIgniter.php(906): App\Controllers\Dashboard->__construct()
 2 SYSTEMPATH\CodeIgniter.php(490): CodeIgniter\CodeIgniter->createController()
 3 SYSTEMPATH\CodeIgniter.php(368): CodeIgniter\CodeIgniter->handleRequest(null, Object(Config\Cache), false)
 4 FCPATH\index.php(67): CodeIgniter\CodeIgniter->run()
CRITICAL - 2023-05-17 09:19:12 --> Undefined property: App\Controllers\Dashboard::$db
in APPPATH\Controllers\Dashboard.php on line 25.
 1 APPPATH\Controllers\Dashboard.php(25): CodeIgniter\Debug\Exceptions->errorHandler(8, 'Undefined property: App\\Controllers\\Dashboard::$db', 'D:\\Project\\xampp\\htdocs\\etask\\app\\Controllers\\Dashboard.php', 25, [...])
 2 SYSTEMPATH\CodeIgniter.php(934): App\Controllers\Dashboard->queryDashboard()
 3 SYSTEMPATH\CodeIgniter.php(499): CodeIgniter\CodeIgniter->runController(Object(App\Controllers\Dashboard))
 4 SYSTEMPATH\CodeIgniter.php(368): CodeIgniter\CodeIgniter->handleRequest(null, Object(Config\Cache), false)
 5 FCPATH\index.php(67): CodeIgniter\CodeIgniter->run()
CRITICAL - 2023-05-17 09:19:32 --> Undefined property: App\Controllers\Dashboard::$db
in APPPATH\Controllers\Dashboard.php on line 21.
 1 APPPATH\Controllers\Dashboard.php(21): CodeIgniter\Debug\Exceptions->errorHandler(8, 'Undefined property: App\\Controllers\\Dashboard::$db', 'D:\\Project\\xampp\\htdocs\\etask\\app\\Controllers\\Dashboard.php', 21, [...])
 2 SYSTEMPATH\CodeIgniter.php(934): App\Controllers\Dashboard->queryDashboard()
 3 SYSTEMPATH\CodeIgniter.php(499): CodeIgniter\CodeIgniter->runController(Object(App\Controllers\Dashboard))
 4 SYSTEMPATH\CodeIgniter.php(368): CodeIgniter\CodeIgniter->handleRequest(null, Object(Config\Cache), false)
 5 FCPATH\index.php(67): CodeIgniter\CodeIgniter->run()
CRITICAL - 2023-05-17 09:21:50 --> Cannot call constructor
in APPPATH\Controllers\Dashboard.php on line 13.
 1 SYSTEMPATH\CodeIgniter.php(906): App\Controllers\Dashboard->__construct()
 2 SYSTEMPATH\CodeIgniter.php(490): CodeIgniter\CodeIgniter->createController()
 3 SYSTEMPATH\CodeIgniter.php(368): CodeIgniter\CodeIgniter->handleRequest(null, Object(Config\Cache), false)
 4 FCPATH\index.php(67): CodeIgniter\CodeIgniter->run()
CRITICAL - 2023-05-17 09:25:05 --> Cannot call constructor
in APPPATH\Controllers\Dashboard.php on line 13.
 1 SYSTEMPATH\CodeIgniter.php(906): App\Controllers\Dashboard->__construct()
 2 SYSTEMPATH\CodeIgniter.php(490): CodeIgniter\CodeIgniter->createController()
 3 SYSTEMPATH\CodeIgniter.php(368): CodeIgniter\CodeIgniter->handleRequest(null, Object(Config\Cache), false)
 4 FCPATH\index.php(67): CodeIgniter\CodeIgniter->run()
CRITICAL - 2023-05-17 09:25:18 --> Cannot call constructor
in APPPATH\Controllers\Dashboard.php on line 13.
 1 SYSTEMPATH\CodeIgniter.php(906): App\Controllers\Dashboard->__construct()
 2 SYSTEMPATH\CodeIgniter.php(490): CodeIgniter\CodeIgniter->createController()
 3 SYSTEMPATH\CodeIgniter.php(368): CodeIgniter\CodeIgniter->handleRequest(null, Object(Config\Cache), false)
 4 FCPATH\index.php(67): CodeIgniter\CodeIgniter->run()
CRITICAL - 2023-05-17 09:26:07 --> Undefined property: App\Controllers\Dashboard::$db
in APPPATH\Controllers\Dashboard.php on line 27.
 1 APPPATH\Controllers\Dashboard.php(27): CodeIgniter\Debug\Exceptions->errorHandler(8, 'Undefined property: App\\Controllers\\Dashboard::$db', 'D:\\Project\\xampp\\htdocs\\etask\\app\\Controllers\\Dashboard.php', 27, [])
 2 SYSTEMPATH\CodeIgniter.php(934): App\Controllers\Dashboard->queryDashboard()
 3 SYSTEMPATH\CodeIgniter.php(499): CodeIgniter\CodeIgniter->runController(Object(App\Controllers\Dashboard))
 4 SYSTEMPATH\CodeIgniter.php(368): CodeIgniter\CodeIgniter->handleRequest(null, Object(Config\Cache), false)
 5 FCPATH\index.php(67): CodeIgniter\CodeIgniter->run()
CRITICAL - 2023-05-17 09:27:23 --> Undefined property: App\Controllers\Dashboard::$db
in APPPATH\Controllers\Dashboard.php on line 26.
 1 APPPATH\Controllers\Dashboard.php(26): CodeIgniter\Debug\Exceptions->errorHandler(8, 'Undefined property: App\\Controllers\\Dashboard::$db', 'D:\\Project\\xampp\\htdocs\\etask\\app\\Controllers\\Dashboard.php', 26, [])
 2 SYSTEMPATH\CodeIgniter.php(934): App\Controllers\Dashboard->queryDashboard()
 3 SYSTEMPATH\CodeIgniter.php(499): CodeIgniter\CodeIgniter->runController(Object(App\Controllers\Dashboard))
 4 SYSTEMPATH\CodeIgniter.php(368): CodeIgniter\CodeIgniter->handleRequest(null, Object(Config\Cache), false)
 5 FCPATH\index.php(67): CodeIgniter\CodeIgniter->run()
CRITICAL - 2023-05-17 09:27:29 --> Undefined property: App\Controllers\Dashboard::$db
in APPPATH\Controllers\Dashboard.php on line 26.
 1 APPPATH\Controllers\Dashboard.php(26): CodeIgniter\Debug\Exceptions->errorHandler(8, 'Undefined property: App\\Controllers\\Dashboard::$db', 'D:\\Project\\xampp\\htdocs\\etask\\app\\Controllers\\Dashboard.php', 26, [])
 2 SYSTEMPATH\CodeIgniter.php(934): App\Controllers\Dashboard->queryDashboard()
 3 SYSTEMPATH\CodeIgniter.php(499): CodeIgniter\CodeIgniter->runController(Object(App\Controllers\Dashboard))
 4 SYSTEMPATH\CodeIgniter.php(368): CodeIgniter\CodeIgniter->handleRequest(null, Object(Config\Cache), false)
 5 FCPATH\index.php(67): CodeIgniter\CodeIgniter->run()
