CRITICAL - 2023-05-16 05:08:56 --> The framework needs the following extension(s) installed and loaded: intl.
in SYSTEMPATH\CodeIgniter.php on line 226.
 1 SYSTEMPATH\CodeIgniter.php(226): CodeIgniter\Exceptions\FrameworkException::forMissingExtension('intl')
 2 SYSTEMPATH\CodeIgniter.php(190): CodeIgniter\CodeIgniter->resolvePlatformExtensions()
 3 FCPATH\index.php(55): CodeIgniter\CodeIgniter->initialize()
CRITICAL - 2023-05-16 05:09:19 --> The framework needs the following extension(s) installed and loaded: intl.
in SYSTEMPATH\CodeIgniter.php on line 226.
 1 SYSTEMPATH\CodeIgniter.php(226): CodeIgniter\Exceptions\FrameworkException::forMissingExtension('intl')
 2 SYSTEMPATH\CodeIgniter.php(190): CodeIgniter\CodeIgniter->resolvePlatformExtensions()
 3 FCPATH\index.php(55): CodeIgniter\CodeIgniter->initialize()
CRITICAL - 2023-05-16 04:57:01 --> Use of undefined constant divisi - assumed 'divisi' (this will throw an Error in a future version of PHP)
in APPPATH\Views\dashboard_view.php on line 4.
 1 APPPATH\Views\dashboard_view.php(4): CodeIgniter\Debug\Exceptions->errorHandler(2, 'Use of undefined constant divisi - assumed \'divisi\' (this will throw an Error in a future version of PHP)', 'D:\\Project\\xampp\\htdocs\\etask\\app\\Views\\dashboard_view.php', 4, [])
 2 SYSTEMPATH\View\View.php(213): include('D:\\Project\\xampp\\htdocs\\etask\\app\\Views\\dashboard_view.php')
 3 SYSTEMPATH\View\View.php(216): CodeIgniter\View\View->CodeIgniter\View\{closure}()
 4 SYSTEMPATH\Common.php(1184): CodeIgniter\View\View->render('dashboard_view', [], true)
 5 APPPATH\Controllers\Dashboard.php(15): view('dashboard_view')
 6 SYSTEMPATH\CodeIgniter.php(934): App\Controllers\Dashboard->index()
 7 SYSTEMPATH\CodeIgniter.php(499): CodeIgniter\CodeIgniter->runController(Object(App\Controllers\Dashboard))
 8 SYSTEMPATH\CodeIgniter.php(368): CodeIgniter\CodeIgniter->handleRequest(null, Object(Config\Cache), false)
 9 FCPATH\index.php(67): CodeIgniter\CodeIgniter->run()
CRITICAL - 2023-05-16 07:02:55 --> Undefined variable: stt
in APPPATH\Views\dashboard_view.php on line 39.
 1 APPPATH\Views\dashboard_view.php(39): CodeIgniter\Debug\Exceptions->errorHandler(8, 'Undefined variable: stt', 'D:\\Project\\xampp\\htdocs\\etask\\app\\Views\\dashboard_view.php', 39, [])
 2 SYSTEMPATH\View\View.php(213): include('D:\\Project\\xampp\\htdocs\\etask\\app\\Views\\dashboard_view.php')
 3 SYSTEMPATH\View\View.php(216): CodeIgniter\View\View->CodeIgniter\View\{closure}()
 4 SYSTEMPATH\Common.php(1184): CodeIgniter\View\View->render('dashboard_view', [], true)
 5 APPPATH\Controllers\Dashboard.php(15): view('dashboard_view')
 6 SYSTEMPATH\CodeIgniter.php(934): App\Controllers\Dashboard->index()
 7 SYSTEMPATH\CodeIgniter.php(499): CodeIgniter\CodeIgniter->runController(Object(App\Controllers\Dashboard))
 8 SYSTEMPATH\CodeIgniter.php(368): CodeIgniter\CodeIgniter->handleRequest(null, Object(Config\Cache), false)
 9 FCPATH\index.php(67): CodeIgniter\CodeIgniter->run()
CRITICAL - 2023-05-16 07:24:42 --> Undefined variable: conn
in APPPATH\Views\dashboard_view.php on line 102.
 1 APPPATH\Views\dashboard_view.php(102): CodeIgniter\Debug\Exceptions->errorHandler(8, 'Undefined variable: conn', 'D:\\Project\\xampp\\htdocs\\etask\\app\\Views\\dashboard_view.php', 102, [])
 2 SYSTEMPATH\View\View.php(213): include('D:\\Project\\xampp\\htdocs\\etask\\app\\Views\\dashboard_view.php')
 3 SYSTEMPATH\View\View.php(216): CodeIgniter\View\View->CodeIgniter\View\{closure}()
 4 SYSTEMPATH\Common.php(1184): CodeIgniter\View\View->render('dashboard_view', [], true)
 5 APPPATH\Controllers\Dashboard.php(15): view('dashboard_view')
 6 SYSTEMPATH\CodeIgniter.php(934): App\Controllers\Dashboard->index()
 7 SYSTEMPATH\CodeIgniter.php(499): CodeIgniter\CodeIgniter->runController(Object(App\Controllers\Dashboard))
 8 SYSTEMPATH\CodeIgniter.php(368): CodeIgniter\CodeIgniter->handleRequest(null, Object(Config\Cache), false)
 9 FCPATH\index.php(67): CodeIgniter\CodeIgniter->run()
CRITICAL - 2023-05-16 08:44:15 --> Too few arguments to function App\Models\ModelDashboard::__construct(), 0 passed in D:\Project\xampp\htdocs\etask\app\Controllers\Dashboard.php on line 11 and exactly 1 expected
in APPPATH\Models\ModelDashboard.php on line 36.
 1 APPPATH\Controllers\Dashboard.php(11): App\Models\ModelDashboard->__construct()
 2 SYSTEMPATH\CodeIgniter.php(906): App\Controllers\Dashboard->__construct()
 3 SYSTEMPATH\CodeIgniter.php(490): CodeIgniter\CodeIgniter->createController()
 4 SYSTEMPATH\CodeIgniter.php(368): CodeIgniter\CodeIgniter->handleRequest(null, Object(Config\Cache), false)
 5 FCPATH\index.php(67): CodeIgniter\CodeIgniter->run()
CRITICAL - 2023-05-16 08:44:18 --> Too few arguments to function App\Models\ModelDashboard::__construct(), 0 passed in D:\Project\xampp\htdocs\etask\app\Controllers\Dashboard.php on line 11 and exactly 1 expected
in APPPATH\Models\ModelDashboard.php on line 36.
 1 APPPATH\Controllers\Dashboard.php(11): App\Models\ModelDashboard->__construct()
 2 SYSTEMPATH\CodeIgniter.php(906): App\Controllers\Dashboard->__construct()
 3 SYSTEMPATH\CodeIgniter.php(490): CodeIgniter\CodeIgniter->createController()
 4 SYSTEMPATH\CodeIgniter.php(368): CodeIgniter\CodeIgniter->handleRequest(null, Object(Config\Cache), false)
 5 FCPATH\index.php(67): CodeIgniter\CodeIgniter->run()
