ERROR - 2023-05-20 12:25:56 --> mysqli_sql_exception: You have an error in your SQL syntax; check the manual that corresponds to your MySQL server version for the right syntax to use near ''0','10'' at line 1 in D:\Project\xampp\htdocs\etask\system\Database\MySQLi\Connection.php:295
Stack trace:
#0 D:\Project\xampp\htdocs\etask\system\Database\MySQLi\Connection.php(295): mysqli->query('SELECT idprob, ...', 0)
#1 D:\Project\xampp\htdocs\etask\system\Database\BaseConnection.php(692): CodeIgniter\Database\MySQLi\Connection->execute('SELECT idprob, ...')
#2 D:\Project\xampp\htdocs\etask\system\Database\BaseConnection.php(606): CodeIgniter\Database\BaseConnection->simpleQuery('SELECT idprob, ...')
#3 D:\Project\xampp\htdocs\etask\app\Models\ModelDashboard.php(28): CodeIgniter\Database\BaseConnection->query('SELECT idprob, ...', Array)
#4 D:\Project\xampp\htdocs\etask\app\Controllers\Dashboard.php(25): App\Models\ModelDashboard->queryDashboard('', '0', '10')
#5 D:\Project\xampp\htdocs\etask\system\CodeIgniter.php(934): App\Controllers\Dashboard->table_dashboard()
#6 D:\Project\xampp\htdocs\etask\system\CodeIgniter.php(499): CodeIgniter\CodeIgniter->runController(Object(App\Controllers\Dashboard))
#7 D:\Project\xampp\htdocs\etask\system\CodeIgniter.php(368): CodeIgniter\CodeIgniter->handleRequest(NULL, Object(Config\Cache), false)
#8 D:\Project\xampp\htdocs\etask\public\index.php(67): CodeIgniter\CodeIgniter->run()
#9 {main}
CRITICAL - 2023-05-20 12:25:56 --> You have an error in your SQL syntax; check the manual that corresponds to your MySQL server version for the right syntax to use near ''0','10'' at line 1
in SYSTEMPATH\Database\MySQLi\Connection.php on line 295.
 1 SYSTEMPATH\Database\MySQLi\Connection.php(295): mysqli->query('SELECT idprob, namapelapor, deskripsi FROM tproblems LIMIT \'0\',\'10\' ', 0)
 2 SYSTEMPATH\Database\BaseConnection.php(692): CodeIgniter\Database\MySQLi\Connection->execute('SELECT idprob, namapelapor, deskripsi FROM tproblems LIMIT \'0\',\'10\' ')
 3 SYSTEMPATH\Database\BaseConnection.php(606): CodeIgniter\Database\BaseConnection->simpleQuery('SELECT idprob, namapelapor, deskripsi FROM tproblems LIMIT \'0\',\'10\' ')
 4 APPPATH\Models\ModelDashboard.php(28): CodeIgniter\Database\BaseConnection->query('SELECT idprob, namapelapor, deskripsi FROM tproblems LIMIT ?,? ', [...])
 5 APPPATH\Controllers\Dashboard.php(25): App\Models\ModelDashboard->queryDashboard('', '0', '10')
 6 SYSTEMPATH\CodeIgniter.php(934): App\Controllers\Dashboard->table_dashboard()
 7 SYSTEMPATH\CodeIgniter.php(499): CodeIgniter\CodeIgniter->runController(Object(App\Controllers\Dashboard))
 8 SYSTEMPATH\CodeIgniter.php(368): CodeIgniter\CodeIgniter->handleRequest(null, Object(Config\Cache), false)
 9 FCPATH\index.php(67): CodeIgniter\CodeIgniter->run()
ERROR - 2023-05-20 12:26:29 --> mysqli_sql_exception: You have an error in your SQL syntax; check the manual that corresponds to your MySQL server version for the right syntax to use near ''0','10'' at line 1 in D:\Project\xampp\htdocs\etask\system\Database\MySQLi\Connection.php:295
Stack trace:
#0 D:\Project\xampp\htdocs\etask\system\Database\MySQLi\Connection.php(295): mysqli->query('SELECT idprob, ...', 0)
#1 D:\Project\xampp\htdocs\etask\system\Database\BaseConnection.php(692): CodeIgniter\Database\MySQLi\Connection->execute('SELECT idprob, ...')
#2 D:\Project\xampp\htdocs\etask\system\Database\BaseConnection.php(606): CodeIgniter\Database\BaseConnection->simpleQuery('SELECT idprob, ...')
#3 D:\Project\xampp\htdocs\etask\app\Models\ModelDashboard.php(28): CodeIgniter\Database\BaseConnection->query('SELECT idprob, ...', Array)
#4 D:\Project\xampp\htdocs\etask\app\Controllers\Dashboard.php(25): App\Models\ModelDashboard->queryDashboard('', '0', '10')
#5 D:\Project\xampp\htdocs\etask\system\CodeIgniter.php(934): App\Controllers\Dashboard->table_dashboard()
#6 D:\Project\xampp\htdocs\etask\system\CodeIgniter.php(499): CodeIgniter\CodeIgniter->runController(Object(App\Controllers\Dashboard))
#7 D:\Project\xampp\htdocs\etask\system\CodeIgniter.php(368): CodeIgniter\CodeIgniter->handleRequest(NULL, Object(Config\Cache), false)
#8 D:\Project\xampp\htdocs\etask\public\index.php(67): CodeIgniter\CodeIgniter->run()
#9 {main}
CRITICAL - 2023-05-20 12:26:29 --> You have an error in your SQL syntax; check the manual that corresponds to your MySQL server version for the right syntax to use near ''0','10'' at line 1
in SYSTEMPATH\Database\MySQLi\Connection.php on line 295.
 1 SYSTEMPATH\Database\MySQLi\Connection.php(295): mysqli->query('SELECT idprob, namapelapor, deskripsi FROM tproblems LIMIT \'0\',\'10\' ', 0)
 2 SYSTEMPATH\Database\BaseConnection.php(692): CodeIgniter\Database\MySQLi\Connection->execute('SELECT idprob, namapelapor, deskripsi FROM tproblems LIMIT \'0\',\'10\' ')
 3 SYSTEMPATH\Database\BaseConnection.php(606): CodeIgniter\Database\BaseConnection->simpleQuery('SELECT idprob, namapelapor, deskripsi FROM tproblems LIMIT \'0\',\'10\' ')
 4 APPPATH\Models\ModelDashboard.php(28): CodeIgniter\Database\BaseConnection->query('SELECT idprob, namapelapor, deskripsi FROM tproblems LIMIT ?,? ', [...])
 5 APPPATH\Controllers\Dashboard.php(25): App\Models\ModelDashboard->queryDashboard('', '0', '10')
 6 SYSTEMPATH\CodeIgniter.php(934): App\Controllers\Dashboard->table_dashboard()
 7 SYSTEMPATH\CodeIgniter.php(499): CodeIgniter\CodeIgniter->runController(Object(App\Controllers\Dashboard))
 8 SYSTEMPATH\CodeIgniter.php(368): CodeIgniter\CodeIgniter->handleRequest(null, Object(Config\Cache), false)
 9 FCPATH\index.php(67): CodeIgniter\CodeIgniter->run()
ERROR - 2023-05-20 12:29:29 --> mysqli_sql_exception: You have an error in your SQL syntax; check the manual that corresponds to your MySQL server version for the right syntax to use near '?,?' at line 1 in D:\Project\xampp\htdocs\etask\system\Database\MySQLi\Connection.php:295
Stack trace:
#0 D:\Project\xampp\htdocs\etask\system\Database\MySQLi\Connection.php(295): mysqli->query('SELECT idprob, ...', 0)
#1 D:\Project\xampp\htdocs\etask\system\Database\BaseConnection.php(692): CodeIgniter\Database\MySQLi\Connection->execute('SELECT idprob, ...')
#2 D:\Project\xampp\htdocs\etask\system\Database\BaseConnection.php(606): CodeIgniter\Database\BaseConnection->simpleQuery('SELECT idprob, ...')
#3 D:\Project\xampp\htdocs\etask\app\Models\ModelDashboard.php(28): CodeIgniter\Database\BaseConnection->query('SELECT idprob, ...', 0, true)
#4 D:\Project\xampp\htdocs\etask\app\Controllers\Dashboard.php(25): App\Models\ModelDashboard->queryDashboard('', '0', '10')
#5 D:\Project\xampp\htdocs\etask\system\CodeIgniter.php(934): App\Controllers\Dashboard->table_dashboard()
#6 D:\Project\xampp\htdocs\etask\system\CodeIgniter.php(499): CodeIgniter\CodeIgniter->runController(Object(App\Controllers\Dashboard))
#7 D:\Project\xampp\htdocs\etask\system\CodeIgniter.php(368): CodeIgniter\CodeIgniter->handleRequest(NULL, Object(Config\Cache), false)
#8 D:\Project\xampp\htdocs\etask\public\index.php(67): CodeIgniter\CodeIgniter->run()
#9 {main}
CRITICAL - 2023-05-20 12:29:29 --> You have an error in your SQL syntax; check the manual that corresponds to your MySQL server version for the right syntax to use near '?,?' at line 1
in SYSTEMPATH\Database\MySQLi\Connection.php on line 295.
 1 SYSTEMPATH\Database\MySQLi\Connection.php(295): mysqli->query('SELECT idprob, namapelapor, deskripsi FROM tproblems LIMIT ?,? ', 0)
 2 SYSTEMPATH\Database\BaseConnection.php(692): CodeIgniter\Database\MySQLi\Connection->execute('SELECT idprob, namapelapor, deskripsi FROM tproblems LIMIT ?,? ')
 3 SYSTEMPATH\Database\BaseConnection.php(606): CodeIgniter\Database\BaseConnection->simpleQuery('SELECT idprob, namapelapor, deskripsi FROM tproblems LIMIT ?,? ')
 4 APPPATH\Models\ModelDashboard.php(28): CodeIgniter\Database\BaseConnection->query('SELECT idprob, namapelapor, deskripsi FROM tproblems LIMIT ?,? ', 0, true)
 5 APPPATH\Controllers\Dashboard.php(25): App\Models\ModelDashboard->queryDashboard('', '0', '10')
 6 SYSTEMPATH\CodeIgniter.php(934): App\Controllers\Dashboard->table_dashboard()
 7 SYSTEMPATH\CodeIgniter.php(499): CodeIgniter\CodeIgniter->runController(Object(App\Controllers\Dashboard))
 8 SYSTEMPATH\CodeIgniter.php(368): CodeIgniter\CodeIgniter->handleRequest(null, Object(Config\Cache), false)
 9 FCPATH\index.php(67): CodeIgniter\CodeIgniter->run()
ERROR - 2023-05-20 12:31:37 --> mysqli_sql_exception: You have an error in your SQL syntax; check the manual that corresponds to your MySQL server version for the right syntax to use near '?,?' at line 1 in D:\Project\xampp\htdocs\etask\system\Database\MySQLi\Connection.php:295
Stack trace:
#0 D:\Project\xampp\htdocs\etask\system\Database\MySQLi\Connection.php(295): mysqli->query('SELECT idprob, ...', 0)
#1 D:\Project\xampp\htdocs\etask\system\Database\BaseConnection.php(692): CodeIgniter\Database\MySQLi\Connection->execute('SELECT idprob, ...')
#2 D:\Project\xampp\htdocs\etask\system\Database\BaseConnection.php(606): CodeIgniter\Database\BaseConnection->simpleQuery('SELECT idprob, ...')
#3 D:\Project\xampp\htdocs\etask\app\Models\ModelDashboard.php(28): CodeIgniter\Database\BaseConnection->query('SELECT idprob, ...', Array)
#4 D:\Project\xampp\htdocs\etask\app\Controllers\Dashboard.php(25): App\Models\ModelDashboard->queryDashboard('', '0', '10')
#5 D:\Project\xampp\htdocs\etask\system\CodeIgniter.php(934): App\Controllers\Dashboard->table_dashboard()
#6 D:\Project\xampp\htdocs\etask\system\CodeIgniter.php(499): CodeIgniter\CodeIgniter->runController(Object(App\Controllers\Dashboard))
#7 D:\Project\xampp\htdocs\etask\system\CodeIgniter.php(368): CodeIgniter\CodeIgniter->handleRequest(NULL, Object(Config\Cache), false)
#8 D:\Project\xampp\htdocs\etask\public\index.php(67): CodeIgniter\CodeIgniter->run()
#9 {main}
CRITICAL - 2023-05-20 12:31:37 --> You have an error in your SQL syntax; check the manual that corresponds to your MySQL server version for the right syntax to use near '?,?' at line 1
in SYSTEMPATH\Database\MySQLi\Connection.php on line 295.
 1 SYSTEMPATH\Database\MySQLi\Connection.php(295): mysqli->query('SELECT idprob, namapelapor, deskripsi FROM tproblems LIMIT ?,? ', 0)
 2 SYSTEMPATH\Database\BaseConnection.php(692): CodeIgniter\Database\MySQLi\Connection->execute('SELECT idprob, namapelapor, deskripsi FROM tproblems LIMIT ?,? ')
 3 SYSTEMPATH\Database\BaseConnection.php(606): CodeIgniter\Database\BaseConnection->simpleQuery('SELECT idprob, namapelapor, deskripsi FROM tproblems LIMIT ?,? ')
 4 APPPATH\Models\ModelDashboard.php(28): CodeIgniter\Database\BaseConnection->query('SELECT idprob, namapelapor, deskripsi FROM tproblems LIMIT ?,? ', [...])
 5 APPPATH\Controllers\Dashboard.php(25): App\Models\ModelDashboard->queryDashboard('', '0', '10')
 6 SYSTEMPATH\CodeIgniter.php(934): App\Controllers\Dashboard->table_dashboard()
 7 SYSTEMPATH\CodeIgniter.php(499): CodeIgniter\CodeIgniter->runController(Object(App\Controllers\Dashboard))
 8 SYSTEMPATH\CodeIgniter.php(368): CodeIgniter\CodeIgniter->handleRequest(null, Object(Config\Cache), false)
 9 FCPATH\index.php(67): CodeIgniter\CodeIgniter->run()
ERROR - 2023-05-20 12:36:11 --> mysqli_sql_exception: You have an error in your SQL syntax; check the manual that corresponds to your MySQL server version for the right syntax to use near ''0','10'' at line 1 in D:\Project\xampp\htdocs\etask\system\Database\MySQLi\Connection.php:295
Stack trace:
#0 D:\Project\xampp\htdocs\etask\system\Database\MySQLi\Connection.php(295): mysqli->query('SELECT idprob, ...', 0)
#1 D:\Project\xampp\htdocs\etask\system\Database\BaseConnection.php(692): CodeIgniter\Database\MySQLi\Connection->execute('SELECT idprob, ...')
#2 D:\Project\xampp\htdocs\etask\system\Database\BaseConnection.php(606): CodeIgniter\Database\BaseConnection->simpleQuery('SELECT idprob, ...')
#3 D:\Project\xampp\htdocs\etask\app\Models\ModelDashboard.php(28): CodeIgniter\Database\BaseConnection->query('SELECT idprob, ...', Array)
#4 D:\Project\xampp\htdocs\etask\app\Controllers\Dashboard.php(25): App\Models\ModelDashboard->queryDashboard('', '0', '10')
#5 D:\Project\xampp\htdocs\etask\system\CodeIgniter.php(934): App\Controllers\Dashboard->table_dashboard()
#6 D:\Project\xampp\htdocs\etask\system\CodeIgniter.php(499): CodeIgniter\CodeIgniter->runController(Object(App\Controllers\Dashboard))
#7 D:\Project\xampp\htdocs\etask\system\CodeIgniter.php(368): CodeIgniter\CodeIgniter->handleRequest(NULL, Object(Config\Cache), false)
#8 D:\Project\xampp\htdocs\etask\public\index.php(67): CodeIgniter\CodeIgniter->run()
#9 {main}
CRITICAL - 2023-05-20 12:36:11 --> You have an error in your SQL syntax; check the manual that corresponds to your MySQL server version for the right syntax to use near ''0','10'' at line 1
in SYSTEMPATH\Database\MySQLi\Connection.php on line 295.
 1 SYSTEMPATH\Database\MySQLi\Connection.php(295): mysqli->query('SELECT idprob, namapelapor, deskripsi FROM tproblems  LIMIT \'0\',\'10\' ', 0)
 2 SYSTEMPATH\Database\BaseConnection.php(692): CodeIgniter\Database\MySQLi\Connection->execute('SELECT idprob, namapelapor, deskripsi FROM tproblems  LIMIT \'0\',\'10\' ')
 3 SYSTEMPATH\Database\BaseConnection.php(606): CodeIgniter\Database\BaseConnection->simpleQuery('SELECT idprob, namapelapor, deskripsi FROM tproblems  LIMIT \'0\',\'10\' ')
 4 APPPATH\Models\ModelDashboard.php(28): CodeIgniter\Database\BaseConnection->query('SELECT idprob, namapelapor, deskripsi FROM tproblems  LIMIT ?,? ', [...])
 5 APPPATH\Controllers\Dashboard.php(25): App\Models\ModelDashboard->queryDashboard('', '0', '10')
 6 SYSTEMPATH\CodeIgniter.php(934): App\Controllers\Dashboard->table_dashboard()
 7 SYSTEMPATH\CodeIgniter.php(499): CodeIgniter\CodeIgniter->runController(Object(App\Controllers\Dashboard))
 8 SYSTEMPATH\CodeIgniter.php(368): CodeIgniter\CodeIgniter->handleRequest(null, Object(Config\Cache), false)
 9 FCPATH\index.php(67): CodeIgniter\CodeIgniter->run()
CRITICAL - 2023-05-20 12:39:47 --> Call to undefined method CodeIgniter\Database\MySQLi\Result::orLike()
in APPPATH\Models\ModelDashboard.php on line 20.
 1 APPPATH\Controllers\Dashboard.php(25): App\Models\ModelDashboard->queryDashboard('MTC-20210823-003', '0', '10')
 2 SYSTEMPATH\CodeIgniter.php(934): App\Controllers\Dashboard->table_dashboard()
 3 SYSTEMPATH\CodeIgniter.php(499): CodeIgniter\CodeIgniter->runController(Object(App\Controllers\Dashboard))
 4 SYSTEMPATH\CodeIgniter.php(368): CodeIgniter\CodeIgniter->handleRequest(null, Object(Config\Cache), false)
 5 FCPATH\index.php(67): CodeIgniter\CodeIgniter->run()
ERROR - 2023-05-20 12:41:57 --> mysqli_sql_exception: You have an error in your SQL syntax; check the manual that corresponds to your MySQL server version for the right syntax to use near ''0', '10'' at line 1 in D:\Project\xampp\htdocs\etask\system\Database\MySQLi\Connection.php:295
Stack trace:
#0 D:\Project\xampp\htdocs\etask\system\Database\MySQLi\Connection.php(295): mysqli->query('SELECT idprob, ...', 0)
#1 D:\Project\xampp\htdocs\etask\system\Database\BaseConnection.php(692): CodeIgniter\Database\MySQLi\Connection->execute('SELECT idprob, ...')
#2 D:\Project\xampp\htdocs\etask\system\Database\BaseConnection.php(606): CodeIgniter\Database\BaseConnection->simpleQuery('SELECT idprob, ...')
#3 D:\Project\xampp\htdocs\etask\app\Models\ModelDashboard.php(28): CodeIgniter\Database\BaseConnection->query('SELECT idprob, ...', Array)
#4 D:\Project\xampp\htdocs\etask\app\Controllers\Dashboard.php(25): App\Models\ModelDashboard->queryDashboard('', '0', '10')
#5 D:\Project\xampp\htdocs\etask\system\CodeIgniter.php(934): App\Controllers\Dashboard->table_dashboard()
#6 D:\Project\xampp\htdocs\etask\system\CodeIgniter.php(499): CodeIgniter\CodeIgniter->runController(Object(App\Controllers\Dashboard))
#7 D:\Project\xampp\htdocs\etask\system\CodeIgniter.php(368): CodeIgniter\CodeIgniter->handleRequest(NULL, Object(Config\Cache), false)
#8 D:\Project\xampp\htdocs\etask\public\index.php(67): CodeIgniter\CodeIgniter->run()
#9 {main}
CRITICAL - 2023-05-20 12:41:57 --> You have an error in your SQL syntax; check the manual that corresponds to your MySQL server version for the right syntax to use near ''0', '10'' at line 1
in SYSTEMPATH\Database\MySQLi\Connection.php on line 295.
 1 SYSTEMPATH\Database\MySQLi\Connection.php(295): mysqli->query('SELECT idprob, namapelapor, deskripsi FROM tproblems  LIMIT \'0\', \'10\' ', 0)
 2 SYSTEMPATH\Database\BaseConnection.php(692): CodeIgniter\Database\MySQLi\Connection->execute('SELECT idprob, namapelapor, deskripsi FROM tproblems  LIMIT \'0\', \'10\' ')
 3 SYSTEMPATH\Database\BaseConnection.php(606): CodeIgniter\Database\BaseConnection->simpleQuery('SELECT idprob, namapelapor, deskripsi FROM tproblems  LIMIT \'0\', \'10\' ')
 4 APPPATH\Models\ModelDashboard.php(28): CodeIgniter\Database\BaseConnection->query('SELECT idprob, namapelapor, deskripsi FROM tproblems  LIMIT ?, ? ', [...])
 5 APPPATH\Controllers\Dashboard.php(25): App\Models\ModelDashboard->queryDashboard('', '0', '10')
 6 SYSTEMPATH\CodeIgniter.php(934): App\Controllers\Dashboard->table_dashboard()
 7 SYSTEMPATH\CodeIgniter.php(499): CodeIgniter\CodeIgniter->runController(Object(App\Controllers\Dashboard))
 8 SYSTEMPATH\CodeIgniter.php(368): CodeIgniter\CodeIgniter->handleRequest(null, Object(Config\Cache), false)
 9 FCPATH\index.php(67): CodeIgniter\CodeIgniter->run()
ERROR - 2023-05-20 12:42:34 --> mysqli_sql_exception: You have an error in your SQL syntax; check the manual that corresponds to your MySQL server version for the right syntax to use near ''0', '10'' at line 1 in D:\Project\xampp\htdocs\etask\system\Database\MySQLi\Connection.php:295
Stack trace:
#0 D:\Project\xampp\htdocs\etask\system\Database\MySQLi\Connection.php(295): mysqli->query('SELECT idprob, ...', 0)
#1 D:\Project\xampp\htdocs\etask\system\Database\BaseConnection.php(692): CodeIgniter\Database\MySQLi\Connection->execute('SELECT idprob, ...')
#2 D:\Project\xampp\htdocs\etask\system\Database\BaseConnection.php(606): CodeIgniter\Database\BaseConnection->simpleQuery('SELECT idprob, ...')
#3 D:\Project\xampp\htdocs\etask\app\Models\ModelDashboard.php(28): CodeIgniter\Database\BaseConnection->query('SELECT idprob, ...', Array)
#4 D:\Project\xampp\htdocs\etask\app\Controllers\Dashboard.php(25): App\Models\ModelDashboard->queryDashboard('', '0', '10')
#5 D:\Project\xampp\htdocs\etask\system\CodeIgniter.php(934): App\Controllers\Dashboard->table_dashboard()
#6 D:\Project\xampp\htdocs\etask\system\CodeIgniter.php(499): CodeIgniter\CodeIgniter->runController(Object(App\Controllers\Dashboard))
#7 D:\Project\xampp\htdocs\etask\system\CodeIgniter.php(368): CodeIgniter\CodeIgniter->handleRequest(NULL, Object(Config\Cache), false)
#8 D:\Project\xampp\htdocs\etask\public\index.php(67): CodeIgniter\CodeIgniter->run()
#9 {main}
CRITICAL - 2023-05-20 12:42:34 --> You have an error in your SQL syntax; check the manual that corresponds to your MySQL server version for the right syntax to use near ''0', '10'' at line 1
in SYSTEMPATH\Database\MySQLi\Connection.php on line 295.
 1 SYSTEMPATH\Database\MySQLi\Connection.php(295): mysqli->query('SELECT idprob, namapelapor, deskripsi FROM tproblems  LIMIT \'0\', \'10\' ', 0)
 2 SYSTEMPATH\Database\BaseConnection.php(692): CodeIgniter\Database\MySQLi\Connection->execute('SELECT idprob, namapelapor, deskripsi FROM tproblems  LIMIT \'0\', \'10\' ')
 3 SYSTEMPATH\Database\BaseConnection.php(606): CodeIgniter\Database\BaseConnection->simpleQuery('SELECT idprob, namapelapor, deskripsi FROM tproblems  LIMIT \'0\', \'10\' ')
 4 APPPATH\Models\ModelDashboard.php(28): CodeIgniter\Database\BaseConnection->query('SELECT idprob, namapelapor, deskripsi FROM tproblems  LIMIT ?, ? ', [...])
 5 APPPATH\Controllers\Dashboard.php(25): App\Models\ModelDashboard->queryDashboard('', '0', '10')
 6 SYSTEMPATH\CodeIgniter.php(934): App\Controllers\Dashboard->table_dashboard()
 7 SYSTEMPATH\CodeIgniter.php(499): CodeIgniter\CodeIgniter->runController(Object(App\Controllers\Dashboard))
 8 SYSTEMPATH\CodeIgniter.php(368): CodeIgniter\CodeIgniter->handleRequest(null, Object(Config\Cache), false)
 9 FCPATH\index.php(67): CodeIgniter\CodeIgniter->run()
ERROR - 2023-05-20 12:43:46 --> mysqli_sql_exception: You have an error in your SQL syntax; check the manual that corresponds to your MySQL server version for the right syntax to use near ''0', '10'' at line 1 in D:\Project\xampp\htdocs\etask\system\Database\MySQLi\Connection.php:295
Stack trace:
#0 D:\Project\xampp\htdocs\etask\system\Database\MySQLi\Connection.php(295): mysqli->query('SELECT idprob, ...', 0)
#1 D:\Project\xampp\htdocs\etask\system\Database\BaseConnection.php(692): CodeIgniter\Database\MySQLi\Connection->execute('SELECT idprob, ...')
#2 D:\Project\xampp\htdocs\etask\system\Database\BaseConnection.php(606): CodeIgniter\Database\BaseConnection->simpleQuery('SELECT idprob, ...')
#3 D:\Project\xampp\htdocs\etask\app\Models\ModelDashboard.php(28): CodeIgniter\Database\BaseConnection->query('SELECT idprob, ...', Array)
#4 D:\Project\xampp\htdocs\etask\app\Controllers\Dashboard.php(25): App\Models\ModelDashboard->queryDashboard('', '0', '10')
#5 D:\Project\xampp\htdocs\etask\system\CodeIgniter.php(934): App\Controllers\Dashboard->table_dashboard()
#6 D:\Project\xampp\htdocs\etask\system\CodeIgniter.php(499): CodeIgniter\CodeIgniter->runController(Object(App\Controllers\Dashboard))
#7 D:\Project\xampp\htdocs\etask\system\CodeIgniter.php(368): CodeIgniter\CodeIgniter->handleRequest(NULL, Object(Config\Cache), false)
#8 D:\Project\xampp\htdocs\etask\public\index.php(67): CodeIgniter\CodeIgniter->run()
#9 {main}
CRITICAL - 2023-05-20 12:43:46 --> You have an error in your SQL syntax; check the manual that corresponds to your MySQL server version for the right syntax to use near ''0', '10'' at line 1
in SYSTEMPATH\Database\MySQLi\Connection.php on line 295.
 1 SYSTEMPATH\Database\MySQLi\Connection.php(295): mysqli->query('SELECT idprob, namapelapor, deskripsi FROM tproblems  LIMIT \'0\', \'10\' ', 0)
 2 SYSTEMPATH\Database\BaseConnection.php(692): CodeIgniter\Database\MySQLi\Connection->execute('SELECT idprob, namapelapor, deskripsi FROM tproblems  LIMIT \'0\', \'10\' ')
 3 SYSTEMPATH\Database\BaseConnection.php(606): CodeIgniter\Database\BaseConnection->simpleQuery('SELECT idprob, namapelapor, deskripsi FROM tproblems  LIMIT \'0\', \'10\' ')
 4 APPPATH\Models\ModelDashboard.php(28): CodeIgniter\Database\BaseConnection->query('SELECT idprob, namapelapor, deskripsi FROM tproblems  LIMIT ?, ? ', [...])
 5 APPPATH\Controllers\Dashboard.php(25): App\Models\ModelDashboard->queryDashboard('', '0', '10')
 6 SYSTEMPATH\CodeIgniter.php(934): App\Controllers\Dashboard->table_dashboard()
 7 SYSTEMPATH\CodeIgniter.php(499): CodeIgniter\CodeIgniter->runController(Object(App\Controllers\Dashboard))
 8 SYSTEMPATH\CodeIgniter.php(368): CodeIgniter\CodeIgniter->handleRequest(null, Object(Config\Cache), false)
 9 FCPATH\index.php(67): CodeIgniter\CodeIgniter->run()
CRITICAL - 2023-05-20 13:11:03 --> Undefined variable: db
in APPPATH\Models\ModelDashboard.php on line 32.
 1 APPPATH\Models\ModelDashboard.php(32): CodeIgniter\Debug\Exceptions->errorHandler(8, 'Undefined variable: db', 'D:\\Project\\xampp\\htdocs\\etask\\app\\Models\\ModelDashboard.php', 32, [...])
 2 APPPATH\Controllers\Dashboard.php(25): App\Models\ModelDashboard->queryDashboard('', '0', '10')
 3 SYSTEMPATH\CodeIgniter.php(934): App\Controllers\Dashboard->table_dashboard()
 4 SYSTEMPATH\CodeIgniter.php(499): CodeIgniter\CodeIgniter->runController(Object(App\Controllers\Dashboard))
 5 SYSTEMPATH\CodeIgniter.php(368): CodeIgniter\CodeIgniter->handleRequest(null, Object(Config\Cache), false)
 6 FCPATH\index.php(67): CodeIgniter\CodeIgniter->run()
CRITICAL - 2023-05-20 13:11:38 --> Undefined variable: db
in APPPATH\Models\ModelDashboard.php on line 20.
 1 APPPATH\Models\ModelDashboard.php(20): CodeIgniter\Debug\Exceptions->errorHandler(8, 'Undefined variable: db', 'D:\\Project\\xampp\\htdocs\\etask\\app\\Models\\ModelDashboard.php', 20, [...])
 2 APPPATH\Controllers\Dashboard.php(25): App\Models\ModelDashboard->queryDashboard('', '0', '10')
 3 SYSTEMPATH\CodeIgniter.php(934): App\Controllers\Dashboard->table_dashboard()
 4 SYSTEMPATH\CodeIgniter.php(499): CodeIgniter\CodeIgniter->runController(Object(App\Controllers\Dashboard))
 5 SYSTEMPATH\CodeIgniter.php(368): CodeIgniter\CodeIgniter->handleRequest(null, Object(Config\Cache), false)
 6 FCPATH\index.php(67): CodeIgniter\CodeIgniter->run()
CRITICAL - 2023-05-20 13:12:10 --> Undefined variable: db
in APPPATH\Models\ModelDashboard.php on line 20.
 1 APPPATH\Models\ModelDashboard.php(20): CodeIgniter\Debug\Exceptions->errorHandler(8, 'Undefined variable: db', 'D:\\Project\\xampp\\htdocs\\etask\\app\\Models\\ModelDashboard.php', 20, [...])
 2 APPPATH\Controllers\Dashboard.php(25): App\Models\ModelDashboard->queryDashboard('', '0', '10')
 3 SYSTEMPATH\CodeIgniter.php(934): App\Controllers\Dashboard->table_dashboard()
 4 SYSTEMPATH\CodeIgniter.php(499): CodeIgniter\CodeIgniter->runController(Object(App\Controllers\Dashboard))
 5 SYSTEMPATH\CodeIgniter.php(368): CodeIgniter\CodeIgniter->handleRequest(null, Object(Config\Cache), false)
 6 FCPATH\index.php(67): CodeIgniter\CodeIgniter->run()
ERROR - 2023-05-20 13:12:53 --> mysqli_sql_exception: You have an error in your SQL syntax; check the manual that corresponds to your MySQL server version for the right syntax to use near ''0', '10'' at line 1 in D:\Project\xampp\htdocs\etask\system\Database\MySQLi\Connection.php:295
Stack trace:
#0 D:\Project\xampp\htdocs\etask\system\Database\MySQLi\Connection.php(295): mysqli->query('SELECT idprob, ...', 0)
#1 D:\Project\xampp\htdocs\etask\system\Database\BaseConnection.php(692): CodeIgniter\Database\MySQLi\Connection->execute('SELECT idprob, ...')
#2 D:\Project\xampp\htdocs\etask\system\Database\BaseConnection.php(606): CodeIgniter\Database\BaseConnection->simpleQuery('SELECT idprob, ...')
#3 D:\Project\xampp\htdocs\etask\app\Models\ModelDashboard.php(33): CodeIgniter\Database\BaseConnection->query('SELECT idprob, ...', Array)
#4 D:\Project\xampp\htdocs\etask\app\Controllers\Dashboard.php(25): App\Models\ModelDashboard->queryDashboard('', '0', '10')
#5 D:\Project\xampp\htdocs\etask\system\CodeIgniter.php(934): App\Controllers\Dashboard->table_dashboard()
#6 D:\Project\xampp\htdocs\etask\system\CodeIgniter.php(499): CodeIgniter\CodeIgniter->runController(Object(App\Controllers\Dashboard))
#7 D:\Project\xampp\htdocs\etask\system\CodeIgniter.php(368): CodeIgniter\CodeIgniter->handleRequest(NULL, Object(Config\Cache), false)
#8 D:\Project\xampp\htdocs\etask\public\index.php(67): CodeIgniter\CodeIgniter->run()
#9 {main}
CRITICAL - 2023-05-20 13:12:53 --> You have an error in your SQL syntax; check the manual that corresponds to your MySQL server version for the right syntax to use near ''0', '10'' at line 1
in SYSTEMPATH\Database\MySQLi\Connection.php on line 295.
 1 SYSTEMPATH\Database\MySQLi\Connection.php(295): mysqli->query('SELECT idprob, namapelapor, deskripsi FROM tproblems  LIMIT \'0\', \'10\' ', 0)
 2 SYSTEMPATH\Database\BaseConnection.php(692): CodeIgniter\Database\MySQLi\Connection->execute('SELECT idprob, namapelapor, deskripsi FROM tproblems  LIMIT \'0\', \'10\' ')
 3 SYSTEMPATH\Database\BaseConnection.php(606): CodeIgniter\Database\BaseConnection->simpleQuery('SELECT idprob, namapelapor, deskripsi FROM tproblems  LIMIT \'0\', \'10\' ')
 4 APPPATH\Models\ModelDashboard.php(33): CodeIgniter\Database\BaseConnection->query('SELECT idprob, namapelapor, deskripsi FROM tproblems  LIMIT ?, ? ', [...])
 5 APPPATH\Controllers\Dashboard.php(25): App\Models\ModelDashboard->queryDashboard('', '0', '10')
 6 SYSTEMPATH\CodeIgniter.php(934): App\Controllers\Dashboard->table_dashboard()
 7 SYSTEMPATH\CodeIgniter.php(499): CodeIgniter\CodeIgniter->runController(Object(App\Controllers\Dashboard))
 8 SYSTEMPATH\CodeIgniter.php(368): CodeIgniter\CodeIgniter->handleRequest(null, Object(Config\Cache), false)
 9 FCPATH\index.php(67): CodeIgniter\CodeIgniter->run()
ERROR - 2023-05-20 13:16:16 --> mysqli_sql_exception: You have an error in your SQL syntax; check the manual that corresponds to your MySQL server version for the right syntax to use near ''0', '10'' at line 1 in D:\Project\xampp\htdocs\etask\system\Database\MySQLi\Connection.php:295
Stack trace:
#0 D:\Project\xampp\htdocs\etask\system\Database\MySQLi\Connection.php(295): mysqli->query('SELECT idprob, ...', 0)
#1 D:\Project\xampp\htdocs\etask\system\Database\BaseConnection.php(692): CodeIgniter\Database\MySQLi\Connection->execute('SELECT idprob, ...')
#2 D:\Project\xampp\htdocs\etask\system\Database\BaseConnection.php(606): CodeIgniter\Database\BaseConnection->simpleQuery('SELECT idprob, ...')
#3 D:\Project\xampp\htdocs\etask\app\Models\ModelDashboard.php(33): CodeIgniter\Database\BaseConnection->query('SELECT idprob, ...', Array)
#4 D:\Project\xampp\htdocs\etask\app\Controllers\Dashboard.php(25): App\Models\ModelDashboard->queryDashboard('', '0', '10')
#5 D:\Project\xampp\htdocs\etask\system\CodeIgniter.php(934): App\Controllers\Dashboard->table_dashboard()
#6 D:\Project\xampp\htdocs\etask\system\CodeIgniter.php(499): CodeIgniter\CodeIgniter->runController(Object(App\Controllers\Dashboard))
#7 D:\Project\xampp\htdocs\etask\system\CodeIgniter.php(368): CodeIgniter\CodeIgniter->handleRequest(NULL, Object(Config\Cache), false)
#8 D:\Project\xampp\htdocs\etask\public\index.php(67): CodeIgniter\CodeIgniter->run()
#9 {main}
CRITICAL - 2023-05-20 13:16:16 --> You have an error in your SQL syntax; check the manual that corresponds to your MySQL server version for the right syntax to use near ''0', '10'' at line 1
in SYSTEMPATH\Database\MySQLi\Connection.php on line 295.
 1 SYSTEMPATH\Database\MySQLi\Connection.php(295): mysqli->query('SELECT idprob, namapelapor, deskripsi FROM tproblems  LIMIT \'0\', \'10\' ', 0)
 2 SYSTEMPATH\Database\BaseConnection.php(692): CodeIgniter\Database\MySQLi\Connection->execute('SELECT idprob, namapelapor, deskripsi FROM tproblems  LIMIT \'0\', \'10\' ')
 3 SYSTEMPATH\Database\BaseConnection.php(606): CodeIgniter\Database\BaseConnection->simpleQuery('SELECT idprob, namapelapor, deskripsi FROM tproblems  LIMIT \'0\', \'10\' ')
 4 APPPATH\Models\ModelDashboard.php(33): CodeIgniter\Database\BaseConnection->query('SELECT idprob, namapelapor, deskripsi FROM tproblems  LIMIT ?, ? ', [...])
 5 APPPATH\Controllers\Dashboard.php(25): App\Models\ModelDashboard->queryDashboard('', '0', '10')
 6 SYSTEMPATH\CodeIgniter.php(934): App\Controllers\Dashboard->table_dashboard()
 7 SYSTEMPATH\CodeIgniter.php(499): CodeIgniter\CodeIgniter->runController(Object(App\Controllers\Dashboard))
 8 SYSTEMPATH\CodeIgniter.php(368): CodeIgniter\CodeIgniter->handleRequest(null, Object(Config\Cache), false)
 9 FCPATH\index.php(67): CodeIgniter\CodeIgniter->run()
ERROR - 2023-05-20 13:16:54 --> mysqli_sql_exception: You have an error in your SQL syntax; check the manual that corresponds to your MySQL server version for the right syntax to use near ''0', '10'' at line 1 in D:\Project\xampp\htdocs\etask\system\Database\MySQLi\Connection.php:295
Stack trace:
#0 D:\Project\xampp\htdocs\etask\system\Database\MySQLi\Connection.php(295): mysqli->query('SELECT idprob, ...', 0)
#1 D:\Project\xampp\htdocs\etask\system\Database\BaseConnection.php(692): CodeIgniter\Database\MySQLi\Connection->execute('SELECT idprob, ...')
#2 D:\Project\xampp\htdocs\etask\system\Database\BaseConnection.php(606): CodeIgniter\Database\BaseConnection->simpleQuery('SELECT idprob, ...')
#3 D:\Project\xampp\htdocs\etask\app\Models\ModelDashboard.php(28): CodeIgniter\Database\BaseConnection->query('SELECT idprob, ...', Array)
#4 D:\Project\xampp\htdocs\etask\app\Controllers\Dashboard.php(25): App\Models\ModelDashboard->queryDashboard('', '0', '10')
#5 D:\Project\xampp\htdocs\etask\system\CodeIgniter.php(934): App\Controllers\Dashboard->table_dashboard()
#6 D:\Project\xampp\htdocs\etask\system\CodeIgniter.php(499): CodeIgniter\CodeIgniter->runController(Object(App\Controllers\Dashboard))
#7 D:\Project\xampp\htdocs\etask\system\CodeIgniter.php(368): CodeIgniter\CodeIgniter->handleRequest(NULL, Object(Config\Cache), false)
#8 D:\Project\xampp\htdocs\etask\public\index.php(67): CodeIgniter\CodeIgniter->run()
#9 {main}
CRITICAL - 2023-05-20 13:16:54 --> You have an error in your SQL syntax; check the manual that corresponds to your MySQL server version for the right syntax to use near ''0', '10'' at line 1
in SYSTEMPATH\Database\MySQLi\Connection.php on line 295.
 1 SYSTEMPATH\Database\MySQLi\Connection.php(295): mysqli->query('SELECT idprob, namapelapor, deskripsi FROM tproblems  LIMIT \'0\', \'10\' ', 0)
 2 SYSTEMPATH\Database\BaseConnection.php(692): CodeIgniter\Database\MySQLi\Connection->execute('SELECT idprob, namapelapor, deskripsi FROM tproblems  LIMIT \'0\', \'10\' ')
 3 SYSTEMPATH\Database\BaseConnection.php(606): CodeIgniter\Database\BaseConnection->simpleQuery('SELECT idprob, namapelapor, deskripsi FROM tproblems  LIMIT \'0\', \'10\' ')
 4 APPPATH\Models\ModelDashboard.php(28): CodeIgniter\Database\BaseConnection->query('SELECT idprob, namapelapor, deskripsi FROM tproblems  LIMIT ?, ? ', [...])
 5 APPPATH\Controllers\Dashboard.php(25): App\Models\ModelDashboard->queryDashboard('', '0', '10')
 6 SYSTEMPATH\CodeIgniter.php(934): App\Controllers\Dashboard->table_dashboard()
 7 SYSTEMPATH\CodeIgniter.php(499): CodeIgniter\CodeIgniter->runController(Object(App\Controllers\Dashboard))
 8 SYSTEMPATH\CodeIgniter.php(368): CodeIgniter\CodeIgniter->handleRequest(null, Object(Config\Cache), false)
 9 FCPATH\index.php(67): CodeIgniter\CodeIgniter->run()
ERROR - 2023-05-20 13:17:22 --> mysqli_sql_exception: You have an error in your SQL syntax; check the manual that corresponds to your MySQL server version for the right syntax to use near ''0', '10'' at line 1 in D:\Project\xampp\htdocs\etask\system\Database\MySQLi\Connection.php:295
Stack trace:
#0 D:\Project\xampp\htdocs\etask\system\Database\MySQLi\Connection.php(295): mysqli->query('SELECT idprob, ...', 0)
#1 D:\Project\xampp\htdocs\etask\system\Database\BaseConnection.php(692): CodeIgniter\Database\MySQLi\Connection->execute('SELECT idprob, ...')
#2 D:\Project\xampp\htdocs\etask\system\Database\BaseConnection.php(606): CodeIgniter\Database\BaseConnection->simpleQuery('SELECT idprob, ...')
#3 D:\Project\xampp\htdocs\etask\app\Models\ModelDashboard.php(28): CodeIgniter\Database\BaseConnection->query('SELECT idprob, ...', Array)
#4 D:\Project\xampp\htdocs\etask\app\Controllers\Dashboard.php(25): App\Models\ModelDashboard->queryDashboard('', '0', '10')
#5 D:\Project\xampp\htdocs\etask\system\CodeIgniter.php(934): App\Controllers\Dashboard->table_dashboard()
#6 D:\Project\xampp\htdocs\etask\system\CodeIgniter.php(499): CodeIgniter\CodeIgniter->runController(Object(App\Controllers\Dashboard))
#7 D:\Project\xampp\htdocs\etask\system\CodeIgniter.php(368): CodeIgniter\CodeIgniter->handleRequest(NULL, Object(Config\Cache), false)
#8 D:\Project\xampp\htdocs\etask\public\index.php(67): CodeIgniter\CodeIgniter->run()
#9 {main}
CRITICAL - 2023-05-20 13:17:22 --> You have an error in your SQL syntax; check the manual that corresponds to your MySQL server version for the right syntax to use near ''0', '10'' at line 1
in SYSTEMPATH\Database\MySQLi\Connection.php on line 295.
 1 SYSTEMPATH\Database\MySQLi\Connection.php(295): mysqli->query('SELECT idprob, namapelapor, deskripsi FROM tproblems  LIMIT \'0\', \'10\' ', 0)
 2 SYSTEMPATH\Database\BaseConnection.php(692): CodeIgniter\Database\MySQLi\Connection->execute('SELECT idprob, namapelapor, deskripsi FROM tproblems  LIMIT \'0\', \'10\' ')
 3 SYSTEMPATH\Database\BaseConnection.php(606): CodeIgniter\Database\BaseConnection->simpleQuery('SELECT idprob, namapelapor, deskripsi FROM tproblems  LIMIT \'0\', \'10\' ')
 4 APPPATH\Models\ModelDashboard.php(28): CodeIgniter\Database\BaseConnection->query('SELECT idprob, namapelapor, deskripsi FROM tproblems  LIMIT ?, ? ', [...])
 5 APPPATH\Controllers\Dashboard.php(25): App\Models\ModelDashboard->queryDashboard('', '0', '10')
 6 SYSTEMPATH\CodeIgniter.php(934): App\Controllers\Dashboard->table_dashboard()
 7 SYSTEMPATH\CodeIgniter.php(499): CodeIgniter\CodeIgniter->runController(Object(App\Controllers\Dashboard))
 8 SYSTEMPATH\CodeIgniter.php(368): CodeIgniter\CodeIgniter->handleRequest(null, Object(Config\Cache), false)
 9 FCPATH\index.php(67): CodeIgniter\CodeIgniter->run()
CRITICAL - 2023-05-20 13:44:39 --> Use of undefined constant db_connect - assumed 'db_connect' (this will throw an Error in a future version of PHP)
in APPPATH\Models\ModelDashboard.php on line 12.
 1 APPPATH\Models\ModelDashboard.php(12): CodeIgniter\Debug\Exceptions->errorHandler(2, 'Use of undefined constant db_connect - assumed \'db_connect\' (this will throw an Error in a future version of PHP)', 'D:\\Project\\xampp\\htdocs\\etask\\app\\Models\\ModelDashboard.php', 12, [])
 2 APPPATH\Controllers\Dashboard.php(23): App\Models\ModelDashboard->queryDashboard()
 3 SYSTEMPATH\CodeIgniter.php(934): App\Controllers\Dashboard->table_dashboard()
 4 SYSTEMPATH\CodeIgniter.php(499): CodeIgniter\CodeIgniter->runController(Object(App\Controllers\Dashboard))
 5 SYSTEMPATH\CodeIgniter.php(368): CodeIgniter\CodeIgniter->handleRequest(null, Object(Config\Cache), false)
 6 FCPATH\index.php(67): CodeIgniter\CodeIgniter->run()
CRITICAL - 2023-05-20 13:44:47 --> Use of undefined constant db_connect - assumed 'db_connect' (this will throw an Error in a future version of PHP)
in APPPATH\Models\ModelDashboard.php on line 12.
 1 APPPATH\Models\ModelDashboard.php(12): CodeIgniter\Debug\Exceptions->errorHandler(2, 'Use of undefined constant db_connect - assumed \'db_connect\' (this will throw an Error in a future version of PHP)', 'D:\\Project\\xampp\\htdocs\\etask\\app\\Models\\ModelDashboard.php', 12, [])
 2 APPPATH\Controllers\Dashboard.php(23): App\Models\ModelDashboard->queryDashboard()
 3 SYSTEMPATH\CodeIgniter.php(934): App\Controllers\Dashboard->table_dashboard()
 4 SYSTEMPATH\CodeIgniter.php(499): CodeIgniter\CodeIgniter->runController(Object(App\Controllers\Dashboard))
 5 SYSTEMPATH\CodeIgniter.php(368): CodeIgniter\CodeIgniter->handleRequest(null, Object(Config\Cache), false)
 6 FCPATH\index.php(67): CodeIgniter\CodeIgniter->run()
CRITICAL - 2023-05-20 13:45:27 --> Use of undefined constant db_connect - assumed 'db_connect' (this will throw an Error in a future version of PHP)
in APPPATH\Models\ModelDashboard.php on line 12.
 1 APPPATH\Models\ModelDashboard.php(12): CodeIgniter\Debug\Exceptions->errorHandler(2, 'Use of undefined constant db_connect - assumed \'db_connect\' (this will throw an Error in a future version of PHP)', 'D:\\Project\\xampp\\htdocs\\etask\\app\\Models\\ModelDashboard.php', 12, [])
 2 APPPATH\Controllers\Dashboard.php(23): App\Models\ModelDashboard->queryDashboard()
 3 SYSTEMPATH\CodeIgniter.php(934): App\Controllers\Dashboard->table_dashboard()
 4 SYSTEMPATH\CodeIgniter.php(499): CodeIgniter\CodeIgniter->runController(Object(App\Controllers\Dashboard))
 5 SYSTEMPATH\CodeIgniter.php(368): CodeIgniter\CodeIgniter->handleRequest(null, Object(Config\Cache), false)
 6 FCPATH\index.php(67): CodeIgniter\CodeIgniter->run()
CRITICAL - 2023-05-20 13:50:06 --> Undefined index: length
in APPPATH\Models\ModelDashboard.php on line 11.
 1 APPPATH\Models\ModelDashboard.php(11): CodeIgniter\Debug\Exceptions->errorHandler(8, 'Undefined index: length', 'D:\\Project\\xampp\\htdocs\\etask\\app\\Models\\ModelDashboard.php', 11, [])
 2 APPPATH\Controllers\Dashboard.php(23): App\Models\ModelDashboard->queryDashboard()
 3 SYSTEMPATH\CodeIgniter.php(934): App\Controllers\Dashboard->table_dashboard()
 4 SYSTEMPATH\CodeIgniter.php(499): CodeIgniter\CodeIgniter->runController(Object(App\Controllers\Dashboard))
 5 SYSTEMPATH\CodeIgniter.php(368): CodeIgniter\CodeIgniter->handleRequest(null, Object(Config\Cache), false)
 6 FCPATH\index.php(67): CodeIgniter\CodeIgniter->run()
CRITICAL - 2023-05-20 13:50:23 --> Use of undefined constant db_connect - assumed 'db_connect' (this will throw an Error in a future version of PHP)
in APPPATH\Models\ModelDashboard.php on line 11.
 1 APPPATH\Models\ModelDashboard.php(11): CodeIgniter\Debug\Exceptions->errorHandler(2, 'Use of undefined constant db_connect - assumed \'db_connect\' (this will throw an Error in a future version of PHP)', 'D:\\Project\\xampp\\htdocs\\etask\\app\\Models\\ModelDashboard.php', 11, [])
 2 APPPATH\Controllers\Dashboard.php(23): App\Models\ModelDashboard->queryDashboard()
 3 SYSTEMPATH\CodeIgniter.php(934): App\Controllers\Dashboard->table_dashboard()
 4 SYSTEMPATH\CodeIgniter.php(499): CodeIgniter\CodeIgniter->runController(Object(App\Controllers\Dashboard))
 5 SYSTEMPATH\CodeIgniter.php(368): CodeIgniter\CodeIgniter->handleRequest(null, Object(Config\Cache), false)
 6 FCPATH\index.php(67): CodeIgniter\CodeIgniter->run()
CRITICAL - 2023-05-20 13:50:36 --> Undefined index: length
in APPPATH\Models\ModelDashboard.php on line 14.
 1 APPPATH\Models\ModelDashboard.php(14): CodeIgniter\Debug\Exceptions->errorHandler(8, 'Undefined index: length', 'D:\\Project\\xampp\\htdocs\\etask\\app\\Models\\ModelDashboard.php', 14, [...])
 2 APPPATH\Controllers\Dashboard.php(23): App\Models\ModelDashboard->queryDashboard()
 3 SYSTEMPATH\CodeIgniter.php(934): App\Controllers\Dashboard->table_dashboard()
 4 SYSTEMPATH\CodeIgniter.php(499): CodeIgniter\CodeIgniter->runController(Object(App\Controllers\Dashboard))
 5 SYSTEMPATH\CodeIgniter.php(368): CodeIgniter\CodeIgniter->handleRequest(null, Object(Config\Cache), false)
 6 FCPATH\index.php(67): CodeIgniter\CodeIgniter->run()
CRITICAL - 2023-05-20 14:07:56 --> explode() expects at least 2 parameters, 1 given
in APPPATH\Models\ModelDashboard.php on line 16.
 1 [internal function]: CodeIgniter\Debug\Exceptions->errorHandler(2, 'explode() expects at least 2 parameters, 1 given', 'D:\\Project\\xampp\\htdocs\\etask\\app\\Models\\ModelDashboard.php', 16, [...])
 2 APPPATH\Models\ModelDashboard.php(16): explode(' , MTC-20210823-004')
 3 APPPATH\Controllers\Dashboard.php(23): App\Models\ModelDashboard->queryDashboard('MTC-20210823-004', '0', '10')
 4 SYSTEMPATH\CodeIgniter.php(934): App\Controllers\Dashboard->table_dashboard()
 5 SYSTEMPATH\CodeIgniter.php(499): CodeIgniter\CodeIgniter->runController(Object(App\Controllers\Dashboard))
 6 SYSTEMPATH\CodeIgniter.php(368): CodeIgniter\CodeIgniter->handleRequest(null, Object(Config\Cache), false)
 7 FCPATH\index.php(67): CodeIgniter\CodeIgniter->run()
CRITICAL - 2023-05-20 14:20:22 --> Undefined variable: builder
in APPPATH\Models\ModelDashboard.php on line 13.
 1 APPPATH\Models\ModelDashboard.php(13): CodeIgniter\Debug\Exceptions->errorHandler(8, 'Undefined variable: builder', 'D:\\Project\\xampp\\htdocs\\etask\\app\\Models\\ModelDashboard.php', 13, [...])
 2 APPPATH\Controllers\Dashboard.php(23): App\Models\ModelDashboard->queryDashboard('', '0', '10')
 3 SYSTEMPATH\CodeIgniter.php(934): App\Controllers\Dashboard->table_dashboard()
 4 SYSTEMPATH\CodeIgniter.php(499): CodeIgniter\CodeIgniter->runController(Object(App\Controllers\Dashboard))
 5 SYSTEMPATH\CodeIgniter.php(368): CodeIgniter\CodeIgniter->handleRequest(null, Object(Config\Cache), false)
 6 FCPATH\index.php(67): CodeIgniter\CodeIgniter->run()
CRITICAL - 2023-05-20 14:20:42 --> Undefined variable: builder
in APPPATH\Models\ModelDashboard.php on line 13.
 1 APPPATH\Models\ModelDashboard.php(13): CodeIgniter\Debug\Exceptions->errorHandler(8, 'Undefined variable: builder', 'D:\\Project\\xampp\\htdocs\\etask\\app\\Models\\ModelDashboard.php', 13, [...])
 2 APPPATH\Controllers\Dashboard.php(23): App\Models\ModelDashboard->queryDashboard('', '0', '10')
 3 SYSTEMPATH\CodeIgniter.php(934): App\Controllers\Dashboard->table_dashboard()
 4 SYSTEMPATH\CodeIgniter.php(499): CodeIgniter\CodeIgniter->runController(Object(App\Controllers\Dashboard))
 5 SYSTEMPATH\CodeIgniter.php(368): CodeIgniter\CodeIgniter->handleRequest(null, Object(Config\Cache), false)
 6 FCPATH\index.php(67): CodeIgniter\CodeIgniter->run()
CRITICAL - 2023-05-20 14:21:03 --> Undefined variable: builder
in APPPATH\Models\ModelDashboard.php on line 13.
 1 APPPATH\Models\ModelDashboard.php(13): CodeIgniter\Debug\Exceptions->errorHandler(8, 'Undefined variable: builder', 'D:\\Project\\xampp\\htdocs\\etask\\app\\Models\\ModelDashboard.php', 13, [...])
 2 APPPATH\Controllers\Dashboard.php(23): App\Models\ModelDashboard->queryDashboard('', '0', '10')
 3 SYSTEMPATH\CodeIgniter.php(934): App\Controllers\Dashboard->table_dashboard()
 4 SYSTEMPATH\CodeIgniter.php(499): CodeIgniter\CodeIgniter->runController(Object(App\Controllers\Dashboard))
 5 SYSTEMPATH\CodeIgniter.php(368): CodeIgniter\CodeIgniter->handleRequest(null, Object(Config\Cache), false)
 6 FCPATH\index.php(67): CodeIgniter\CodeIgniter->run()
CRITICAL - 2023-05-20 14:21:27 --> Call to undefined method CodeIgniter\Database\MySQLi\Connection::select()
in APPPATH\Models\ModelDashboard.php on line 13.
 1 APPPATH\Controllers\Dashboard.php(23): App\Models\ModelDashboard->queryDashboard('', '0', '10')
 2 SYSTEMPATH\CodeIgniter.php(934): App\Controllers\Dashboard->table_dashboard()
 3 SYSTEMPATH\CodeIgniter.php(499): CodeIgniter\CodeIgniter->runController(Object(App\Controllers\Dashboard))
 4 SYSTEMPATH\CodeIgniter.php(368): CodeIgniter\CodeIgniter->handleRequest(null, Object(Config\Cache), false)
 5 FCPATH\index.php(67): CodeIgniter\CodeIgniter->run()
CRITICAL - 2023-05-20 14:22:14 --> Call to undefined method CodeIgniter\Database\MySQLi\Result::limit()
in APPPATH\Models\ModelDashboard.php on line 24.
 1 APPPATH\Controllers\Dashboard.php(23): App\Models\ModelDashboard->queryDashboard('', '0', '10')
 2 SYSTEMPATH\CodeIgniter.php(934): App\Controllers\Dashboard->table_dashboard()
 3 SYSTEMPATH\CodeIgniter.php(499): CodeIgniter\CodeIgniter->runController(Object(App\Controllers\Dashboard))
 4 SYSTEMPATH\CodeIgniter.php(368): CodeIgniter\CodeIgniter->handleRequest(null, Object(Config\Cache), false)
 5 FCPATH\index.php(67): CodeIgniter\CodeIgniter->run()
ERROR - 2023-05-20 14:23:26 --> mysqli_sql_exception: Operand should contain 1 column(s) in D:\Project\xampp\htdocs\etask\system\Database\MySQLi\Connection.php:295
Stack trace:
#0 D:\Project\xampp\htdocs\etask\system\Database\MySQLi\Connection.php(295): mysqli->query('SELECT (SELECT ...', 0)
#1 D:\Project\xampp\htdocs\etask\system\Database\BaseConnection.php(692): CodeIgniter\Database\MySQLi\Connection->execute('SELECT (SELECT ...')
#2 D:\Project\xampp\htdocs\etask\system\Database\BaseConnection.php(606): CodeIgniter\Database\BaseConnection->simpleQuery('SELECT (SELECT ...')
#3 D:\Project\xampp\htdocs\etask\system\Database\BaseBuilder.php(1616): CodeIgniter\Database\BaseConnection->query('SELECT (SELECT ...', Array, false)
#4 D:\Project\xampp\htdocs\etask\app\Models\ModelDashboard.php(26): CodeIgniter\Database\BaseBuilder->get()
#5 D:\Project\xampp\htdocs\etask\app\Controllers\Dashboard.php(23): App\Models\ModelDashboard->queryDashboard('', '0', '10')
#6 D:\Project\xampp\htdocs\etask\system\CodeIgniter.php(934): App\Controllers\Dashboard->table_dashboard()
#7 D:\Project\xampp\htdocs\etask\system\CodeIgniter.php(499): CodeIgniter\CodeIgniter->runController(Object(App\Controllers\Dashboard))
#8 D:\Project\xampp\htdocs\etask\system\CodeIgniter.php(368): CodeIgniter\CodeIgniter->handleRequest(NULL, Object(Config\Cache), false)
#9 D:\Project\xampp\htdocs\etask\public\index.php(67): CodeIgniter\CodeIgniter->run()
#10 {main}
CRITICAL - 2023-05-20 14:23:26 --> Operand should contain 1 column(s)
in SYSTEMPATH\Database\MySQLi\Connection.php on line 295.
 1 SYSTEMPATH\Database\MySQLi\Connection.php(295): mysqli->query('SELECT (SELECT *FROM tproblems)
FROM `tproblems` `p`
ORDER BY `idprob`
 LIMIT 10', 0)
 2 SYSTEMPATH\Database\BaseConnection.php(692): CodeIgniter\Database\MySQLi\Connection->execute('SELECT (SELECT *FROM tproblems)
FROM `tproblems` `p`
ORDER BY `idprob`
 LIMIT 10')
 3 SYSTEMPATH\Database\BaseConnection.php(606): CodeIgniter\Database\BaseConnection->simpleQuery('SELECT (SELECT *FROM tproblems)
FROM `tproblems` `p`
ORDER BY `idprob`
 LIMIT 10')
 4 SYSTEMPATH\Database\BaseBuilder.php(1616): CodeIgniter\Database\BaseConnection->query('SELECT (SELECT *FROM tproblems)
FROM `tproblems` `p`
ORDER BY `idprob`
 LIMIT 10', [], false)
 5 APPPATH\Models\ModelDashboard.php(26): CodeIgniter\Database\BaseBuilder->get()
 6 APPPATH\Controllers\Dashboard.php(23): App\Models\ModelDashboard->queryDashboard('', '0', '10')
 7 SYSTEMPATH\CodeIgniter.php(934): App\Controllers\Dashboard->table_dashboard()
 8 SYSTEMPATH\CodeIgniter.php(499): CodeIgniter\CodeIgniter->runController(Object(App\Controllers\Dashboard))
 9 SYSTEMPATH\CodeIgniter.php(368): CodeIgniter\CodeIgniter->handleRequest(null, Object(Config\Cache), false)
10 FCPATH\index.php(67): CodeIgniter\CodeIgniter->run()
